# zsim stats
===
root: # Stats
 contention: # Contention simulation stats
  domain-0: # Domain stats
   time: 583458733 # Weave simulation time
 time: # Simulator time breakdown
  init: 3586503183
  bound: 203038345732
  weave: 1757433230
  ff: 0
 trigger: 20000 # Reason for this stats dump
 phase: 46773 # Simulated phases
 westmere: # Core stats
  westmere-0: # Core stats
   cycles: 379233725 # Simulated unhalted cycles
   cCycles: 497916 # Cycles due to contention stalls
   instrs: 619861310 # Simulated instructions
   uops: 699263741 # Retired micro-ops
   bbls: 64162928 # Basic blocks
   approxInstrs: 3170787 # Instrs with approx uop decoding
   mispredBranches: 832448 # Mispredicted branches
   condBranches: 53604437 # conditional branches
  westmere-1: # Core stats
   cycles: 376925531 # Simulated unhalted cycles
   cCycles: 406173 # Cycles due to contention stalls
   instrs: 617581663 # Simulated instructions
   uops: 696580676 # Retired micro-ops
   bbls: 63859102 # Basic blocks
   approxInstrs: 3107363 # Instrs with approx uop decoding
   mispredBranches: 798088 # Mispredicted branches
   condBranches: 53409966 # conditional branches
  westmere-2: # Core stats
   cycles: 376491250 # Simulated unhalted cycles
   cCycles: 354803 # Cycles due to contention stalls
   instrs: 617231349 # Simulated instructions
   uops: 696124397 # Retired micro-ops
   bbls: 63795335 # Basic blocks
   approxInstrs: 3103512 # Instrs with approx uop decoding
   mispredBranches: 797541 # Mispredicted branches
   condBranches: 53356679 # conditional branches
  westmere-3: # Core stats
   cycles: 377456142 # Simulated unhalted cycles
   cCycles: 446719 # Cycles due to contention stalls
   instrs: 618838373 # Simulated instructions
   uops: 697964327 # Retired micro-ops
   bbls: 63981221 # Basic blocks
   approxInstrs: 3120121 # Instrs with approx uop decoding
   mispredBranches: 795233 # Mispredicted branches
   condBranches: 53516269 # conditional branches
  westmere-4: # Core stats
   cycles: 367685723 # Simulated unhalted cycles
   cCycles: 338731 # Cycles due to contention stalls
   instrs: 604977615 # Simulated instructions
   uops: 681616944 # Retired micro-ops
   bbls: 62311436 # Basic blocks
   approxInstrs: 3000847 # Instrs with approx uop decoding
   mispredBranches: 776971 # Mispredicted branches
   condBranches: 52407797 # conditional branches
  westmere-5: # Core stats
   cycles: 420017426 # Simulated unhalted cycles
   cCycles: 1312476 # Cycles due to contention stalls
   instrs: 699837902 # Simulated instructions
   uops: 785256700 # Retired micro-ops
   bbls: 69787981 # Basic blocks
   approxInstrs: 3281677 # Instrs with approx uop decoding
   mispredBranches: 832319 # Mispredicted branches
   condBranches: 58224151 # conditional branches
  westmere-6: # Core stats
   cycles: 368148952 # Simulated unhalted cycles
   cCycles: 333821 # Cycles due to contention stalls
   instrs: 605760110 # Simulated instructions
   uops: 682555813 # Retired micro-ops
   bbls: 62385815 # Basic blocks
   approxInstrs: 2997296 # Instrs with approx uop decoding
   mispredBranches: 781102 # Mispredicted branches
   condBranches: 52470706 # conditional branches
  westmere-7: # Core stats
   cycles: 375613018 # Simulated unhalted cycles
   cCycles: 349753 # Cycles due to contention stalls
   instrs: 615941518 # Simulated instructions
   uops: 694567201 # Retired micro-ops
   bbls: 63625653 # Basic blocks
   approxInstrs: 3107349 # Instrs with approx uop decoding
   mispredBranches: 799676 # Mispredicted branches
   condBranches: 53244471 # conditional branches
 l1i: # Cache stats
  l1i-0: # Filter cache stats
   fhGETS: 84717528 # Filtered GETS hits
   fhGETX: 0 # Filtered GETX hits
   hGETS: 2382956 # GETS hits
   hGETX: 0 # GETX hits
   mGETS: 767002 # GETS misses
   mGETXIM: 0 # GETX I->M misses
   mGETXSM: 0 # GETX S->M misses (upgrade misses)
   PUTS: 0 # Clean evictions (from lower level)
   PUTX: 0 # Dirty evictions (from lower level)
   INV: 0 # Invalidates (from upper level)
   INVX: 0 # Downgrades (from upper level)
   FWD: 0 # Forwards (from upper level)
   latGETnl: 8044018 # GET request latency on next level
   latGETnet: 0 # GET request latency on network to next level
  l1i-1: # Filter cache stats
   fhGETS: 84190532 # Filtered GETS hits
   fhGETX: 0 # Filtered GETX hits
   hGETS: 2360448 # GETS hits
   hGETX: 0 # GETX hits
   mGETS: 768829 # GETS misses
   mGETXIM: 0 # GETX I->M misses
   mGETXSM: 0 # GETX S->M misses (upgrade misses)
   PUTS: 0 # Clean evictions (from lower level)
   PUTX: 0 # Dirty evictions (from lower level)
   INV: 0 # Invalidates (from upper level)
   INVX: 0 # Downgrades (from upper level)
   FWD: 0 # Forwards (from upper level)
   latGETnl: 8012686 # GET request latency on next level
   latGETnet: 0 # GET request latency on network to next level
  l1i-2: # Filter cache stats
   fhGETS: 84126407 # Filtered GETS hits
   fhGETX: 0 # Filtered GETX hits
   hGETS: 2358006 # GETS hits
   hGETX: 0 # GETX hits
   mGETS: 768178 # GETS misses
   mGETXIM: 0 # GETX I->M misses
   mGETXSM: 0 # GETX S->M misses (upgrade misses)
   PUTS: 0 # Clean evictions (from lower level)
   PUTX: 0 # Dirty evictions (from lower level)
   INV: 0 # Invalidates (from upper level)
   INVX: 0 # Downgrades (from upper level)
   FWD: 0 # Forwards (from upper level)
   latGETnl: 8007226 # GET request latency on next level
   latGETnet: 0 # GET request latency on network to next level
  l1i-3: # Filter cache stats
   fhGETS: 84355715 # Filtered GETS hits
   fhGETX: 0 # Filtered GETX hits
   hGETS: 2361913 # GETS hits
   hGETX: 0 # GETX hits
   mGETS: 765402 # GETS misses
   mGETXIM: 0 # GETX I->M misses
   mGETXSM: 0 # GETX S->M misses (upgrade misses)
   PUTS: 0 # Clean evictions (from lower level)
   PUTX: 0 # Dirty evictions (from lower level)
   INV: 0 # Invalidates (from upper level)
   INVX: 0 # Downgrades (from upper level)
   FWD: 0 # Forwards (from upper level)
   latGETnl: 7981548 # GET request latency on next level
   latGETnet: 0 # GET request latency on network to next level
  l1i-4: # Filter cache stats
   fhGETS: 82158563 # Filtered GETS hits
   fhGETX: 0 # Filtered GETX hits
   hGETS: 2336796 # GETS hits
   hGETX: 0 # GETX hits
   mGETS: 770986 # GETS misses
   mGETXIM: 0 # GETX I->M misses
   mGETXSM: 0 # GETX S->M misses (upgrade misses)
   PUTS: 0 # Clean evictions (from lower level)
   PUTX: 0 # Dirty evictions (from lower level)
   INV: 3 # Invalidates (from upper level)
   INVX: 0 # Downgrades (from upper level)
   FWD: 0 # Forwards (from upper level)
   latGETnl: 8017000 # GET request latency on next level
   latGETnet: 0 # GET request latency on network to next level
  l1i-5: # Filter cache stats
   fhGETS: 93515229 # Filtered GETS hits
   fhGETX: 0 # Filtered GETX hits
   hGETS: 2398691 # GETS hits
   hGETX: 0 # GETX hits
   mGETS: 770659 # GETS misses
   mGETXIM: 0 # GETX I->M misses
   mGETXSM: 0 # GETX S->M misses (upgrade misses)
   PUTS: 0 # Clean evictions (from lower level)
   PUTX: 0 # Dirty evictions (from lower level)
   INV: 3 # Invalidates (from upper level)
   INVX: 0 # Downgrades (from upper level)
   FWD: 0 # Forwards (from upper level)
   latGETnl: 8232772 # GET request latency on next level
   latGETnet: 0 # GET request latency on network to next level
  l1i-6: # Filter cache stats
   fhGETS: 82261330 # Filtered GETS hits
   fhGETX: 0 # Filtered GETX hits
   hGETS: 2338977 # GETS hits
   hGETX: 0 # GETX hits
   mGETS: 769025 # GETS misses
   mGETXIM: 0 # GETX I->M misses
   mGETXSM: 0 # GETX S->M misses (upgrade misses)
   PUTS: 0 # Clean evictions (from lower level)
   PUTX: 0 # Dirty evictions (from lower level)
   INV: 0 # Invalidates (from upper level)
   INVX: 0 # Downgrades (from upper level)
   FWD: 0 # Forwards (from upper level)
   latGETnl: 8017154 # GET request latency on next level
   latGETnet: 0 # GET request latency on network to next level
  l1i-7: # Filter cache stats
   fhGETS: 83924411 # Filtered GETS hits
   fhGETX: 0 # Filtered GETX hits
   hGETS: 2361215 # GETS hits
   hGETX: 0 # GETX hits
   mGETS: 765351 # GETS misses
   mGETXIM: 0 # GETX I->M misses
   mGETXSM: 0 # GETX S->M misses (upgrade misses)
   PUTS: 0 # Clean evictions (from lower level)
   PUTX: 0 # Dirty evictions (from lower level)
   INV: 0 # Invalidates (from upper level)
   INVX: 0 # Downgrades (from upper level)
   FWD: 0 # Forwards (from upper level)
   latGETnl: 7987668 # GET request latency on next level
   latGETnet: 0 # GET request latency on network to next level
 l1d: # Cache stats
  l1d-0: # Filter cache stats
   fhGETS: 106949440 # Filtered GETS hits
   fhGETX: 32137578 # Filtered GETX hits
   hGETS: 5098848 # GETS hits
   hGETX: 1893741 # GETX hits
   mGETS: 5924693 # GETS misses
   mGETXIM: 264429 # GETX I->M misses
   mGETXSM: 9952 # GETX S->M misses (upgrade misses)
   PUTS: 0 # Clean evictions (from lower level)
   PUTX: 0 # Dirty evictions (from lower level)
   INV: 22361 # Invalidates (from upper level)
   INVX: 16735 # Downgrades (from upper level)
   FWD: 0 # Forwards (from upper level)
   latGETnl: 74918731 # GET request latency on next level
   latGETnet: 0 # GET request latency on network to next level
  l1d-1: # Filter cache stats
   fhGETS: 106396102 # Filtered GETS hits
   fhGETX: 31833308 # Filtered GETX hits
   hGETS: 5200345 # GETS hits
   hGETX: 1957721 # GETX hits
   mGETS: 5918576 # GETS misses
   mGETXIM: 259087 # GETX I->M misses
   mGETXSM: 12263 # GETX S->M misses (upgrade misses)
   PUTS: 0 # Clean evictions (from lower level)
   PUTX: 0 # Dirty evictions (from lower level)
   INV: 21218 # Invalidates (from upper level)
   INVX: 18423 # Downgrades (from upper level)
   FWD: 0 # Forwards (from upper level)
   latGETnl: 74204629 # GET request latency on next level
   latGETnet: 0 # GET request latency on network to next level
  l1d-2: # Filter cache stats
   fhGETS: 106490130 # Filtered GETS hits
   fhGETX: 31782918 # Filtered GETX hits
   hGETS: 5030525 # GETS hits
   hGETX: 1950263 # GETX hits
   mGETS: 5916706 # GETS misses
   mGETXIM: 252317 # GETX I->M misses
   mGETXSM: 12084 # GETX S->M misses (upgrade misses)
   PUTS: 0 # Clean evictions (from lower level)
   PUTX: 0 # Dirty evictions (from lower level)
   INV: 23449 # Invalidates (from upper level)
   INVX: 18833 # Downgrades (from upper level)
   FWD: 0 # Forwards (from upper level)
   latGETnl: 73526152 # GET request latency on next level
   latGETnet: 0 # GET request latency on network to next level
  l1d-3: # Filter cache stats
   fhGETS: 106872299 # Filtered GETS hits
   fhGETX: 31899578 # Filtered GETX hits
   hGETS: 5009750 # GETS hits
   hGETX: 1966973 # GETX hits
   mGETS: 5910817 # GETS misses
   mGETXIM: 266374 # GETX I->M misses
   mGETXSM: 11567 # GETX S->M misses (upgrade misses)
   PUTS: 0 # Clean evictions (from lower level)
   PUTX: 0 # Dirty evictions (from lower level)
   INV: 17918 # Invalidates (from upper level)
   INVX: 17517 # Downgrades (from upper level)
   FWD: 0 # Forwards (from upper level)
   latGETnl: 74699845 # GET request latency on next level
   latGETnet: 0 # GET request latency on network to next level
  l1d-4: # Filter cache stats
   fhGETS: 104077883 # Filtered GETS hits
   fhGETX: 30743881 # Filtered GETX hits
   hGETS: 4748618 # GETS hits
   hGETX: 1850934 # GETX hits
   mGETS: 5903135 # GETS misses
   mGETXIM: 243551 # GETX I->M misses
   mGETXSM: 10948 # GETX S->M misses (upgrade misses)
   PUTS: 0 # Clean evictions (from lower level)
   PUTX: 0 # Dirty evictions (from lower level)
   INV: 19286 # Invalidates (from upper level)
   INVX: 17025 # Downgrades (from upper level)
   FWD: 0 # Forwards (from upper level)
   latGETnl: 72618261 # GET request latency on next level
   latGETnet: 0 # GET request latency on network to next level
  l1d-5: # Filter cache stats
   fhGETS: 121312789 # Filtered GETS hits
   fhGETX: 36276667 # Filtered GETX hits
   hGETS: 7413456 # GETS hits
   hGETX: 3998238 # GETX hits
   mGETS: 6125374 # GETS misses
   mGETXIM: 430427 # GETX I->M misses
   mGETXSM: 12486 # GETX S->M misses (upgrade misses)
   PUTS: 0 # Clean evictions (from lower level)
   PUTX: 0 # Dirty evictions (from lower level)
   INV: 19487 # Invalidates (from upper level)
   INVX: 16530 # Downgrades (from upper level)
   FWD: 0 # Forwards (from upper level)
   latGETnl: 92891601 # GET request latency on next level
   latGETnet: 0 # GET request latency on network to next level
  l1d-6: # Filter cache stats
   fhGETS: 103988070 # Filtered GETS hits
   fhGETX: 30682251 # Filtered GETX hits
   hGETS: 5017315 # GETS hits
   hGETX: 2010375 # GETX hits
   mGETS: 5902740 # GETS misses
   mGETXIM: 255265 # GETX I->M misses
   mGETXSM: 12908 # GETX S->M misses (upgrade misses)
   PUTS: 0 # Clean evictions (from lower level)
   PUTX: 0 # Dirty evictions (from lower level)
   INV: 20207 # Invalidates (from upper level)
   INVX: 20360 # Downgrades (from upper level)
   FWD: 0 # Forwards (from upper level)
   latGETnl: 73389602 # GET request latency on next level
   latGETnet: 0 # GET request latency on network to next level
  l1d-7: # Filter cache stats
   fhGETS: 106134426 # Filtered GETS hits
   fhGETX: 31655732 # Filtered GETX hits
   hGETS: 5077260 # GETS hits
   hGETX: 1957492 # GETX hits
   mGETS: 5915643 # GETS misses
   mGETXIM: 252870 # GETX I->M misses
   mGETXSM: 11825 # GETX S->M misses (upgrade misses)
   PUTS: 0 # Clean evictions (from lower level)
   PUTX: 0 # Dirty evictions (from lower level)
   INV: 20469 # Invalidates (from upper level)
   INVX: 17399 # Downgrades (from upper level)
   FWD: 0 # Forwards (from upper level)
   latGETnl: 73745821 # GET request latency on next level
   latGETnet: 0 # GET request latency on network to next level
 l2: # Cache stats
  l2-0: # Cache stats
   hGETS: 6294432 # GETS hits
   hGETX: 212413 # GETX hits
   mGETS: 397263 # GETS misses
   mGETXIM: 49980 # GETX I->M misses
   mGETXSM: 11988 # GETX S->M misses (upgrade misses)
   PUTS: 6566090 # Clean evictions (from lower level)
   PUTX: 366725 # Dirty evictions (from lower level)
   INV: 37080 # Invalidates (from upper level)
   INVX: 28122 # Downgrades (from upper level)
   FWD: 0 # Forwards (from upper level)
   latGETnl: 13301989 # GET request latency on next level
   latGETnet: 0 # GET request latency on network to next level
  l2-1: # Cache stats
   hGETS: 6298235 # GETS hits
   hGETX: 212844 # GETX hits
   mGETS: 389170 # GETS misses
   mGETXIM: 44614 # GETX I->M misses
   mGETXSM: 13892 # GETX S->M misses (upgrade misses)
   PUTS: 6567659 # Clean evictions (from lower level)
   PUTX: 356685 # Dirty evictions (from lower level)
   INV: 35475 # Invalidates (from upper level)
   INVX: 28791 # Downgrades (from upper level)
   FWD: 0 # Forwards (from upper level)
   latGETnl: 12629765 # GET request latency on next level
   latGETnet: 0 # GET request latency on network to next level
  l2-2: # Cache stats
   hGETS: 6300096 # GETS hits
   hGETX: 210923 # GETX hits
   mGETS: 384788 # GETS misses
   mGETXIM: 38854 # GETX I->M misses
   mGETXSM: 14624 # GETX S->M misses (upgrade misses)
   PUTS: 6562580 # Clean evictions (from lower level)
   PUTX: 350223 # Dirty evictions (from lower level)
   INV: 33440 # Invalidates (from upper level)
   INVX: 29246 # Downgrades (from upper level)
   FWD: 0 # Forwards (from upper level)
   latGETnl: 12040528 # GET request latency on next level
   latGETnet: 0 # GET request latency on network to next level
  l2-3: # Cache stats
   hGETS: 6280229 # GETS hits
   hGETX: 216514 # GETX hits
   mGETS: 395990 # GETS misses
   mGETXIM: 48338 # GETX I->M misses
   mGETXSM: 13089 # GETX S->M misses (upgrade misses)
   PUTS: 6563200 # Clean evictions (from lower level)
   PUTX: 360523 # Dirty evictions (from lower level)
   INV: 31037 # Invalidates (from upper level)
   INVX: 26679 # Downgrades (from upper level)
   FWD: 0 # Forwards (from upper level)
   latGETnl: 13139793 # GET request latency on next level
   latGETnet: 0 # GET request latency on network to next level
  l2-4: # Cache stats
   hGETS: 6303541 # GETS hits
   hGETX: 212050 # GETX hits
   mGETS: 370580 # GETS misses
   mGETXIM: 30067 # GETX I->M misses
   mGETXSM: 12382 # GETX S->M misses (upgrade misses)
   PUTS: 6556791 # Clean evictions (from lower level)
   PUTX: 340653 # Dirty evictions (from lower level)
   INV: 31508 # Invalidates (from upper level)
   INVX: 27242 # Downgrades (from upper level)
   FWD: 0 # Forwards (from upper level)
   latGETnl: 11349061 # GET request latency on next level
   latGETnet: 0 # GET request latency on network to next level
  l2-5: # Cache stats
   hGETS: 6303212 # GETS hits
   hGETX: 213897 # GETX hits
   mGETS: 592821 # GETS misses
   mGETXIM: 213939 # GETX I->M misses
   mGETXSM: 15077 # GETX S->M misses (upgrade misses)
   PUTS: 6729790 # Clean evictions (from lower level)
   PUTX: 576251 # Dirty evictions (from lower level)
   INV: 31823 # Invalidates (from upper level)
   INVX: 27802 # Downgrades (from upper level)
   FWD: 0 # Forwards (from upper level)
   latGETnl: 27734913 # GET request latency on next level
   latGETnet: 0 # GET request latency on network to next level
  l2-6: # Cache stats
   hGETS: 6288251 # GETS hits
   hGETX: 214352 # GETX hits
   mGETS: 383514 # GETS misses
   mGETXIM: 39348 # GETX I->M misses
   mGETXSM: 14473 # GETX S->M misses (upgrade misses)
   PUTS: 6555715 # Clean evictions (from lower level)
   PUTX: 350181 # Dirty evictions (from lower level)
   INV: 36234 # Invalidates (from upper level)
   INVX: 29980 # Downgrades (from upper level)
   FWD: 0 # Forwards (from upper level)
   latGETnl: 12007376 # GET request latency on next level
   latGETnet: 0 # GET request latency on network to next level
  l2-7: # Cache stats
   hGETS: 6284294 # GETS hits
   hGETX: 211596 # GETX hits
   mGETS: 396700 # GETS misses
   mGETXIM: 39549 # GETX I->M misses
   mGETXSM: 13550 # GETX S->M misses (upgrade misses)
   PUTS: 6559180 # Clean evictions (from lower level)
   PUTX: 353292 # Dirty evictions (from lower level)
   INV: 32350 # Invalidates (from upper level)
   INVX: 28352 # Downgrades (from upper level)
   FWD: 0 # Forwards (from upper level)
   latGETnl: 12276599 # GET request latency on next level
   latGETnet: 0 # GET request latency on network to next level
 l3: # Cache stats
  l3-0b0: # Cache stats
   hGETS: 355309 # GETS hits
   hGETX: 50741 # GETX hits
   mGETS: 11383 # GETS misses
   mGETXIM: 9801 # GETX I->M misses
   mGETXSM: 0 # GETX S->M misses (upgrade misses)
   PUTS: 329907 # Clean evictions (from lower level)
   PUTX: 75844 # Dirty evictions (from lower level)
   INV: 0 # Invalidates (from upper level)
   INVX: 0 # Downgrades (from upper level)
   FWD: 0 # Forwards (from upper level)
   latGETnl: 1906560 # GET request latency on next level
   latGETnet: 0 # GET request latency on network to next level
  l3-0b1: # Cache stats
   hGETS: 442959 # GETS hits
   hGETX: 70890 # GETX hits
   mGETS: 11334 # GETS misses
   mGETXIM: 9971 # GETX I->M misses
   mGETXSM: 0 # GETX S->M misses (upgrade misses)
   PUTS: 396558 # Clean evictions (from lower level)
   PUTX: 78153 # Dirty evictions (from lower level)
   INV: 0 # Invalidates (from upper level)
   INVX: 0 # Downgrades (from upper level)
   FWD: 0 # Forwards (from upper level)
   latGETnl: 1917450 # GET request latency on next level
   latGETnet: 0 # GET request latency on network to next level
  l3-0b2: # Cache stats
   hGETS: 363670 # GETS hits
   hGETX: 53116 # GETX hits
   mGETS: 11378 # GETS misses
   mGETXIM: 9782 # GETX I->M misses
   mGETXSM: 0 # GETX S->M misses (upgrade misses)
   PUTS: 337597 # Clean evictions (from lower level)
   PUTX: 76070 # Dirty evictions (from lower level)
   INV: 0 # Invalidates (from upper level)
   INVX: 0 # Downgrades (from upper level)
   FWD: 0 # Forwards (from upper level)
   latGETnl: 1904400 # GET request latency on next level
   latGETnet: 0 # GET request latency on network to next level
  l3-0b3: # Cache stats
   hGETS: 426467 # GETS hits
   hGETX: 75949 # GETX hits
   mGETS: 11433 # GETS misses
   mGETXIM: 9916 # GETX I->M misses
   mGETXSM: 0 # GETX S->M misses (upgrade misses)
   PUTS: 381575 # Clean evictions (from lower level)
   PUTX: 76287 # Dirty evictions (from lower level)
   INV: 0 # Invalidates (from upper level)
   INVX: 0 # Downgrades (from upper level)
   FWD: 0 # Forwards (from upper level)
   latGETnl: 1921410 # GET request latency on next level
   latGETnet: 0 # GET request latency on network to next level
  l3-0b4: # Cache stats
   hGETS: 415898 # GETS hits
   hGETX: 83448 # GETX hits
   mGETS: 11492 # GETS misses
   mGETXIM: 9845 # GETX I->M misses
   mGETXSM: 0 # GETX S->M misses (upgrade misses)
   PUTS: 350224 # Clean evictions (from lower level)
   PUTX: 77117 # Dirty evictions (from lower level)
   INV: 0 # Invalidates (from upper level)
   INVX: 0 # Downgrades (from upper level)
   FWD: 0 # Forwards (from upper level)
   latGETnl: 1920330 # GET request latency on next level
   latGETnet: 0 # GET request latency on network to next level
  l3-0b5: # Cache stats
   hGETS: 398556 # GETS hits
   hGETX: 68525 # GETX hits
   mGETS: 11444 # GETS misses
   mGETXIM: 9901 # GETX I->M misses
   mGETXSM: 0 # GETX S->M misses (upgrade misses)
   PUTS: 363599 # Clean evictions (from lower level)
   PUTX: 75882 # Dirty evictions (from lower level)
   INV: 0 # Invalidates (from upper level)
   INVX: 0 # Downgrades (from upper level)
   FWD: 0 # Forwards (from upper level)
   latGETnl: 1921050 # GET request latency on next level
   latGETnet: 0 # GET request latency on network to next level
  l3-0b6: # Cache stats
   hGETS: 403204 # GETS hits
   hGETX: 78892 # GETX hits
   mGETS: 11473 # GETS misses
   mGETXIM: 9826 # GETX I->M misses
   mGETXSM: 0 # GETX S->M misses (upgrade misses)
   PUTS: 356245 # Clean evictions (from lower level)
   PUTX: 75923 # Dirty evictions (from lower level)
   INV: 0 # Invalidates (from upper level)
   INVX: 0 # Downgrades (from upper level)
   FWD: 0 # Forwards (from upper level)
   latGETnl: 1916910 # GET request latency on next level
   latGETnet: 0 # GET request latency on network to next level
  l3-0b7: # Cache stats
   hGETS: 413415 # GETS hits
   hGETX: 53254 # GETX hits
   mGETS: 11411 # GETS misses
   mGETXIM: 9907 # GETX I->M misses
   mGETXSM: 0 # GETX S->M misses (upgrade misses)
   PUTS: 387191 # Clean evictions (from lower level)
   PUTX: 76378 # Dirty evictions (from lower level)
   INV: 0 # Invalidates (from upper level)
   INVX: 0 # Downgrades (from upper level)
   FWD: 0 # Forwards (from upper level)
   latGETnl: 1918620 # GET request latency on next level
   latGETnet: 0 # GET request latency on network to next level
 mem: # Memory controller stats
  mem-0: # Memory controller stats
   rd: 42407 # Read requests
   wr: 8143 # Write requests
   rdlat: 5719486 # Total latency experienced by read requests
   wrlat: 1176058 # Total latency experienced by write requests
   rdhits: 150 # Read row hits
   wrhits: 24 # Write row hits
   mlh: # latency histogram for memory requests
    0: 0
    1: 0
    2: 0
    3: 0
    4: 0
    5: 0
    6: 0
    7: 0
    8: 0
    9: 0
    10: 0
    11: 21
    12: 37
    13: 39766
    14: 1520
    15: 183
    16: 117
    17: 46
    18: 46
    19: 34
    20: 54
    21: 56
    22: 12
    23: 22
    24: 24
    25: 26
    26: 13
    27: 16
    28: 11
    29: 29
    30: 47
    31: 31
    32: 27
    33: 38
    34: 19
    35: 21
    36: 23
    37: 24
    38: 39
    39: 16
    40: 22
    41: 21
    42: 24
    43: 9
    44: 4
    45: 3
    46: 4
    47: 0
    48: 2
    49: 0
    50: 0
    51: 0
    52: 0
    53: 0
    54: 0
    55: 0
    56: 0
    57: 0
    58: 0
    59: 0
    60: 0
    61: 0
    62: 0
    63: 0
    64: 0
    65: 0
    66: 0
    67: 0
    68: 0
    69: 0
    70: 0
    71: 0
    72: 0
    73: 0
    74: 0
    75: 0
    76: 0
    77: 0
    78: 0
    79: 0
    80: 0
    81: 0
    82: 0
    83: 0
    84: 0
    85: 0
    86: 0
    87: 0
    88: 0
    89: 0
    90: 0
    91: 0
    92: 0
    93: 0
    94: 0
    95: 0
    96: 0
    97: 0
    98: 0
    99: 0
  mem-1: # Memory controller stats
   rd: 42636 # Read requests
   wr: 8350 # Write requests
   rdlat: 5759427 # Total latency experienced by read requests
   wrlat: 1192678 # Total latency experienced by write requests
   rdhits: 149 # Read row hits
   wrhits: 25 # Write row hits
   mlh: # latency histogram for memory requests
    0: 0
    1: 0
    2: 0
    3: 0
    4: 0
    5: 0
    6: 0
    7: 0
    8: 0
    9: 0
    10: 0
    11: 17
    12: 24
    13: 40054
    14: 1405
    15: 204
    16: 146
    17: 42
    18: 51
    19: 31
    20: 51
    21: 50
    22: 17
    23: 35
    24: 28
    25: 34
    26: 11
    27: 14
    28: 15
    29: 27
    30: 35
    31: 31
    32: 35
    33: 29
    34: 24
    35: 24
    36: 25
    37: 26
    38: 23
    39: 33
    40: 36
    41: 21
    42: 16
    43: 7
    44: 4
    45: 5
    46: 3
    47: 2
    48: 1
    49: 0
    50: 0
    51: 0
    52: 0
    53: 0
    54: 0
    55: 0
    56: 0
    57: 0
    58: 0
    59: 0
    60: 0
    61: 0
    62: 0
    63: 0
    64: 0
    65: 0
    66: 0
    67: 0
    68: 0
    69: 0
    70: 0
    71: 0
    72: 0
    73: 0
    74: 0
    75: 0
    76: 0
    77: 0
    78: 0
    79: 0
    80: 0
    81: 0
    82: 0
    83: 0
    84: 0
    85: 0
    86: 0
    87: 0
    88: 0
    89: 0
    90: 0
    91: 0
    92: 0
    93: 0
    94: 0
    95: 0
    96: 0
    97: 0
    98: 0
    99: 0
  mem-2: # Memory controller stats
   rd: 42599 # Read requests
   wr: 8367 # Write requests
   rdlat: 5755904 # Total latency experienced by read requests
   wrlat: 1204492 # Total latency experienced by write requests
   rdhits: 150 # Read row hits
   wrhits: 20 # Write row hits
   mlh: # latency histogram for memory requests
    0: 0
    1: 0
    2: 0
    3: 0
    4: 0
    5: 0
    6: 0
    7: 0
    8: 0
    9: 0
    10: 0
    11: 22
    12: 22
    13: 39977
    14: 1451
    15: 213
    16: 104
    17: 51
    18: 45
    19: 32
    20: 44
    21: 42
    22: 18
    23: 24
    24: 28
    25: 37
    26: 22
    27: 22
    28: 19
    29: 21
    30: 42
    31: 36
    32: 35
    33: 34
    34: 19
    35: 19
    36: 29
    37: 23
    38: 42
    39: 26
    40: 23
    41: 24
    42: 33
    43: 8
    44: 4
    45: 2
    46: 0
    47: 2
    48: 0
    49: 0
    50: 0
    51: 0
    52: 0
    53: 0
    54: 0
    55: 2
    56: 0
    57: 0
    58: 0
    59: 2
    60: 0
    61: 0
    62: 0
    63: 0
    64: 0
    65: 0
    66: 0
    67: 0
    68: 0
    69: 0
    70: 0
    71: 0
    72: 0
    73: 0
    74: 0
    75: 0
    76: 0
    77: 0
    78: 0
    79: 0
    80: 0
    81: 0
    82: 0
    83: 0
    84: 0
    85: 0
    86: 0
    87: 0
    88: 0
    89: 0
    90: 0
    91: 0
    92: 0
    93: 0
    94: 0
    95: 0
    96: 0
    97: 0
    98: 0
    99: 0
  mem-3: # Memory controller stats
   rd: 42655 # Read requests
   wr: 8428 # Write requests
   rdlat: 5753659 # Total latency experienced by read requests
   wrlat: 1213053 # Total latency experienced by write requests
   rdhits: 146 # Read row hits
   wrhits: 23 # Write row hits
   mlh: # latency histogram for memory requests
    0: 0
    1: 0
    2: 0
    3: 0
    4: 0
    5: 0
    6: 0
    7: 0
    8: 0
    9: 0
    10: 0
    11: 18
    12: 21
    13: 40291
    14: 1237
    15: 184
    16: 143
    17: 38
    18: 49
    19: 38
    20: 55
    21: 46
    22: 14
    23: 17
    24: 20
    25: 35
    26: 12
    27: 26
    28: 19
    29: 30
    30: 47
    31: 32
    32: 26
    33: 19
    34: 26
    35: 33
    36: 24
    37: 21
    38: 29
    39: 27
    40: 26
    41: 18
    42: 17
    43: 8
    44: 4
    45: 2
    46: 1
    47: 1
    48: 0
    49: 0
    50: 1
    51: 0
    52: 0
    53: 0
    54: 0
    55: 0
    56: 0
    57: 0
    58: 0
    59: 0
    60: 0
    61: 0
    62: 0
    63: 0
    64: 0
    65: 0
    66: 0
    67: 0
    68: 0
    69: 0
    70: 0
    71: 0
    72: 0
    73: 0
    74: 0
    75: 0
    76: 0
    77: 0
    78: 0
    79: 0
    80: 0
    81: 0
    82: 0
    83: 0
    84: 0
    85: 0
    86: 0
    87: 0
    88: 0
    89: 0
    90: 0
    91: 0
    92: 0
    93: 0
    94: 0
    95: 0
    96: 0
    97: 0
    98: 0
    99: 0
 sched: # Scheduler stats
  thCr: 9 # Threads created
  thFn: 0 # Threads finished
  schedEvs: 441 # Schedule events
  waitEvs: 26 # Wait events
  handoffEvs: 0 # Handoff events
  sleepEvs: 0 # Sleep events
  idlePhases: 0 # Phases with no thread active
  idlePeriods: 0 # Periods with no thread active
  occHist: # Occupancy histogram
   0: 0
   1: 137
   2: 0
   3: 0
   4: 0
   5: 0
   6: 0
   7: 0
   8: 46636
  rqSzHist: # Run queue size histogram
   0: 46773
   1: 0
   2: 0
   3: 0
   4: 0
   5: 0
   6: 0
   7: 0
   8: 0
   9: 0
   10: 0
   11: 0
   12: 0
   13: 0
   14: 0
   15: 0
   16: 0
 procCycles: # Per-process unhalted core cycles
  0: 3041571767
  1: 0
  2: 0
  3: 0
  4: 0
  5: 0
  6: 0
  7: 0
  8: 0
  9: 0
  10: 0
  11: 0
  12: 0
  13: 0
  14: 0
  15: 0
  16: 0
  17: 0
  18: 0
  19: 0
  20: 0
  21: 0
  22: 0
  23: 0
  24: 0
  25: 0
  26: 0
  27: 0
  28: 0
  29: 0
  30: 0
  31: 0
  32: 0
  33: 0
  34: 0
  35: 0
  36: 0
  37: 0
  38: 0
  39: 0
  40: 0
  41: 0
  42: 0
  43: 0
  44: 0
  45: 0
  46: 0
  47: 0
  48: 0
  49: 0
  50: 0
  51: 0
  52: 0
  53: 0
  54: 0
  55: 0
  56: 0
  57: 0
  58: 0
  59: 0
  60: 0
  61: 0
  62: 0
  63: 0
 procInstrs: # Per-process instructions
  0: 5000029840
  1: 0
  2: 0
  3: 0
  4: 0
  5: 0
  6: 0
  7: 0
  8: 0
  9: 0
  10: 0
  11: 0
  12: 0
  13: 0
  14: 0
  15: 0
  16: 0
  17: 0
  18: 0
  19: 0
  20: 0
  21: 0
  22: 0
  23: 0
  24: 0
  25: 0
  26: 0
  27: 0
  28: 0
  29: 0
  30: 0
  31: 0
  32: 0
  33: 0
  34: 0
  35: 0
  36: 0
  37: 0
  38: 0
  39: 0
  40: 0
  41: 0
  42: 0
  43: 0
  44: 0
  45: 0
  46: 0
  47: 0
  48: 0
  49: 0
  50: 0
  51: 0
  52: 0
  53: 0
  54: 0
  55: 0
  56: 0
  57: 0
  58: 0
  59: 0
  60: 0
  61: 0
  62: 0
  63: 0
 heartbeats: # Per-process heartbeats
  0: 0
  1: 0
  2: 0
  3: 0
  4: 0
  5: 0
  6: 0
  7: 0
  8: 0
  9: 0
  10: 0
  11: 0
  12: 0
  13: 0
  14: 0
  15: 0
  16: 0
  17: 0
  18: 0
  19: 0
  20: 0
  21: 0
  22: 0
  23: 0
  24: 0
  25: 0
  26: 0
  27: 0
  28: 0
  29: 0
  30: 0
  31: 0
  32: 0
  33: 0
  34: 0
  35: 0
  36: 0
  37: 0
  38: 0
  39: 0
  40: 0
  41: 0
  42: 0
  43: 0
  44: 0
  45: 0
  46: 0
  47: 0
  48: 0
  49: 0
  50: 0
  51: 0
  52: 0
  53: 0
  54: 0
  55: 0
  56: 0
  57: 0
  58: 0
  59: 0
  60: 0
  61: 0
  62: 0
  63: 0
===
