# zsim stats
===
root: # Stats
 contention: # Contention simulation stats
  domain-0: # Domain stats
   time: 360456145 # Weave simulation time
 time: # Simulator time breakdown
  init: 45772160261
  bound: 9172802677
  weave: 472406407
  ff: 0
 trigger: 20000 # Reason for this stats dump
 phase: 10711 # Simulated phases
 westmere: # Core stats
  westmere-0: # Core stats
   cycles: 107110085 # Simulated unhalted cycles
   cCycles: 7772068 # Cycles due to contention stalls
   instrs: 100008208 # Simulated instructions
   uops: 113808317 # Retired micro-ops
   bbls: 14846352 # Basic blocks
   approxInstrs: 596117 # Instrs with approx uop decoding
   mispredBranches: 789664 # Mispredicted branches
   condBranches: 12875386 # conditional branches
 l1i: # Cache stats
  l1i-0: # Filter cache stats
   fhGETS: 19608281 # Filtered GETS hits
   fhGETX: 0 # Filtered GETX hits
   hGETS: 198 # GETS hits
   hGETX: 0 # GETX hits
   mGETS: 162 # GETS misses
   mGETXIM: 0 # GETX I->M misses
   mGETXSM: 0 # GETX S->M misses (upgrade misses)
   PUTS: 0 # Clean evictions (from lower level)
   PUTX: 0 # Dirty evictions (from lower level)
   INV: 0 # Invalidates (from upper level)
   INVX: 0 # Downgrades (from upper level)
   FWD: 0 # Forwards (from upper level)
   latGETnl: 20088 # GET request latency on next level
   latGETnet: 0 # GET request latency on network to next level
 l1d: # Cache stats
  l1d-0: # Filter cache stats
   fhGETS: 25381028 # Filtered GETS hits
   fhGETX: 11421263 # Filtered GETX hits
   hGETS: 979977 # GETS hits
   hGETX: 1643820 # GETX hits
   mGETS: 1935364 # GETS misses
   mGETXIM: 1092886 # GETX I->M misses
   mGETXSM: 0 # GETX S->M misses (upgrade misses)
   PUTS: 0 # Clean evictions (from lower level)
   PUTX: 0 # Dirty evictions (from lower level)
   INV: 0 # Invalidates (from upper level)
   INVX: 0 # Downgrades (from upper level)
   FWD: 0 # Forwards (from upper level)
   latGETnl: 102205616 # GET request latency on next level
   latGETnet: 0 # GET request latency on network to next level
 l2: # Cache stats
  l2-0: # Cache stats
   hGETS: 940851 # GETS hits
   hGETX: 118950 # GETX hits
   mGETS: 994675 # GETS misses
   mGETXIM: 973936 # GETX I->M misses
   mGETXSM: 0 # GETX S->M misses (upgrade misses)
   PUTS: 942942 # Clean evictions (from lower level)
   PUTX: 2084796 # Dirty evictions (from lower level)
   INV: 0 # Invalidates (from upper level)
   INVX: 0 # Downgrades (from upper level)
   FWD: 0 # Forwards (from upper level)
   latGETnl: 71941584 # GET request latency on next level
   latGETnet: 0 # GET request latency on network to next level
 l3: # Cache stats
  l3-0: # Cache stats
   hGETS: 915236 # GETS hits
   hGETX: 778987 # GETX hits
   mGETS: 79439 # GETS misses
   mGETXIM: 194949 # GETX I->M misses
   mGETXSM: 0 # GETX S->M misses (upgrade misses)
   PUTS: 580561 # Clean evictions (from lower level)
   PUTX: 1383954 # Dirty evictions (from lower level)
   INV: 0 # Invalidates (from upper level)
   INVX: 0 # Downgrades (from upper level)
   FWD: 0 # Forwards (from upper level)
   latGETnl: 24694920 # GET request latency on next level
   latGETnet: 0 # GET request latency on network to next level
 mem: # Memory controller stats
  mem-0: # Memory controller stats
   rd: 68442 # Read requests
   wr: 50944 # Write requests
   rdlat: 9249295 # Total latency experienced by read requests
   wrlat: 7285269 # Total latency experienced by write requests
   rdhits: 453 # Read row hits
   wrhits: 372 # Write row hits
   mlh: # latency histogram for memory requests
    0: 0
    1: 0
    2: 0
    3: 0
    4: 0
    5: 0
    6: 0
    7: 0
    8: 0
    9: 0
    10: 0
    11: 103
    12: 104
    13: 63835
    14: 1287
    15: 966
    16: 521
    17: 147
    18: 157
    19: 141
    20: 164
    21: 136
    22: 56
    23: 82
    24: 54
    25: 45
    26: 26
    27: 22
    28: 37
    29: 32
    30: 41
    31: 37
    32: 51
    33: 37
    34: 34
    35: 37
    36: 22
    37: 35
    38: 41
    39: 24
    40: 41
    41: 41
    42: 49
    43: 14
    44: 3
    45: 9
    46: 6
    47: 4
    48: 1
    49: 0
    50: 0
    51: 0
    52: 0
    53: 0
    54: 0
    55: 0
    56: 0
    57: 0
    58: 0
    59: 0
    60: 0
    61: 0
    62: 0
    63: 0
    64: 0
    65: 0
    66: 0
    67: 0
    68: 0
    69: 0
    70: 0
    71: 0
    72: 0
    73: 0
    74: 0
    75: 0
    76: 0
    77: 0
    78: 0
    79: 0
    80: 0
    81: 0
    82: 0
    83: 0
    84: 0
    85: 0
    86: 0
    87: 0
    88: 0
    89: 0
    90: 0
    91: 0
    92: 0
    93: 0
    94: 0
    95: 0
    96: 0
    97: 0
    98: 0
    99: 0
  mem-1: # Memory controller stats
   rd: 68682 # Read requests
   wr: 51196 # Write requests
   rdlat: 9298015 # Total latency experienced by read requests
   wrlat: 7314012 # Total latency experienced by write requests
   rdhits: 471 # Read row hits
   wrhits: 363 # Write row hits
   mlh: # latency histogram for memory requests
    0: 0
    1: 0
    2: 0
    3: 0
    4: 0
    5: 0
    6: 0
    7: 0
    8: 0
    9: 0
    10: 0
    11: 91
    12: 105
    13: 63991
    14: 1300
    15: 950
    16: 498
    17: 172
    18: 140
    19: 155
    20: 197
    21: 160
    22: 63
    23: 69
    24: 63
    25: 50
    26: 30
    27: 29
    28: 26
    29: 39
    30: 43
    31: 36
    32: 38
    33: 37
    34: 46
    35: 49
    36: 42
    37: 41
    38: 35
    39: 42
    40: 35
    41: 45
    42: 36
    43: 13
    44: 7
    45: 5
    46: 2
    47: 1
    48: 0
    49: 1
    50: 0
    51: 0
    52: 0
    53: 0
    54: 0
    55: 0
    56: 0
    57: 0
    58: 0
    59: 0
    60: 0
    61: 0
    62: 0
    63: 0
    64: 0
    65: 0
    66: 0
    67: 0
    68: 0
    69: 0
    70: 0
    71: 0
    72: 0
    73: 0
    74: 0
    75: 0
    76: 0
    77: 0
    78: 0
    79: 0
    80: 0
    81: 0
    82: 0
    83: 0
    84: 0
    85: 0
    86: 0
    87: 0
    88: 0
    89: 0
    90: 0
    91: 0
    92: 0
    93: 0
    94: 0
    95: 0
    96: 0
    97: 0
    98: 0
    99: 0
  mem-2: # Memory controller stats
   rd: 68807 # Read requests
   wr: 51219 # Write requests
   rdlat: 9317458 # Total latency experienced by read requests
   wrlat: 7327222 # Total latency experienced by write requests
   rdhits: 489 # Read row hits
   wrhits: 340 # Write row hits
   mlh: # latency histogram for memory requests
    0: 0
    1: 0
    2: 0
    3: 0
    4: 0
    5: 0
    6: 0
    7: 0
    8: 0
    9: 0
    10: 0
    11: 110
    12: 114
    13: 64023
    14: 1293
    15: 928
    16: 511
    17: 194
    18: 166
    19: 158
    20: 211
    21: 155
    22: 66
    23: 74
    24: 60
    25: 54
    26: 32
    27: 28
    28: 28
    29: 41
    30: 39
    31: 35
    32: 50
    33: 46
    34: 29
    35: 30
    36: 32
    37: 45
    38: 43
    39: 38
    40: 48
    41: 28
    42: 55
    43: 25
    44: 7
    45: 6
    46: 1
    47: 1
    48: 1
    49: 0
    50: 1
    51: 0
    52: 0
    53: 0
    54: 1
    55: 0
    56: 0
    57: 0
    58: 0
    59: 0
    60: 0
    61: 0
    62: 0
    63: 0
    64: 0
    65: 0
    66: 0
    67: 0
    68: 0
    69: 0
    70: 0
    71: 0
    72: 0
    73: 0
    74: 0
    75: 0
    76: 0
    77: 0
    78: 0
    79: 0
    80: 0
    81: 0
    82: 0
    83: 0
    84: 0
    85: 0
    86: 0
    87: 0
    88: 0
    89: 0
    90: 0
    91: 0
    92: 0
    93: 0
    94: 0
    95: 0
    96: 0
    97: 0
    98: 0
    99: 0
  mem-3: # Memory controller stats
   rd: 68457 # Read requests
   wr: 50818 # Write requests
   rdlat: 9259714 # Total latency experienced by read requests
   wrlat: 7261217 # Total latency experienced by write requests
   rdhits: 437 # Read row hits
   wrhits: 375 # Write row hits
   mlh: # latency histogram for memory requests
    0: 0
    1: 0
    2: 0
    3: 0
    4: 0
    5: 0
    6: 0
    7: 0
    8: 0
    9: 0
    10: 0
    11: 98
    12: 90
    13: 63930
    14: 1227
    15: 950
    16: 511
    17: 193
    18: 137
    19: 145
    20: 165
    21: 127
    22: 56
    23: 63
    24: 61
    25: 45
    26: 30
    27: 30
    28: 32
    29: 31
    30: 33
    31: 35
    32: 37
    33: 44
    34: 36
    35: 39
    36: 32
    37: 44
    38: 40
    39: 40
    40: 40
    41: 41
    42: 36
    43: 15
    44: 6
    45: 9
    46: 3
    47: 3
    48: 2
    49: 0
    50: 1
    51: 0
    52: 0
    53: 0
    54: 0
    55: 0
    56: 0
    57: 0
    58: 0
    59: 0
    60: 0
    61: 0
    62: 0
    63: 0
    64: 0
    65: 0
    66: 0
    67: 0
    68: 0
    69: 0
    70: 0
    71: 0
    72: 0
    73: 0
    74: 0
    75: 0
    76: 0
    77: 0
    78: 0
    79: 0
    80: 0
    81: 0
    82: 0
    83: 0
    84: 0
    85: 0
    86: 0
    87: 0
    88: 0
    89: 0
    90: 0
    91: 0
    92: 0
    93: 0
    94: 0
    95: 0
    96: 0
    97: 0
    98: 0
    99: 0
 sched: # Scheduler stats
  thCr: 1 # Threads created
  thFn: 1 # Threads finished
  schedEvs: 1 # Schedule events
  waitEvs: 0 # Wait events
  handoffEvs: 0 # Handoff events
  sleepEvs: 0 # Sleep events
  idlePhases: 0 # Phases with no thread active
  idlePeriods: 0 # Periods with no thread active
  occHist: # Occupancy histogram
   0: 0
   1: 10711
  rqSzHist: # Run queue size histogram
   0: 10711
   1: 0
   2: 0
   3: 0
   4: 0
   5: 0
   6: 0
   7: 0
   8: 0
   9: 0
   10: 0
   11: 0
   12: 0
   13: 0
   14: 0
   15: 0
   16: 0
 procCycles: # Per-process unhalted core cycles
  0: 107110085
  1: 0
  2: 0
  3: 0
  4: 0
  5: 0
  6: 0
  7: 0
  8: 0
  9: 0
  10: 0
  11: 0
  12: 0
  13: 0
  14: 0
  15: 0
  16: 0
  17: 0
  18: 0
  19: 0
  20: 0
  21: 0
  22: 0
  23: 0
  24: 0
  25: 0
  26: 0
  27: 0
  28: 0
  29: 0
  30: 0
  31: 0
  32: 0
  33: 0
  34: 0
  35: 0
  36: 0
  37: 0
  38: 0
  39: 0
  40: 0
  41: 0
  42: 0
  43: 0
  44: 0
  45: 0
  46: 0
  47: 0
  48: 0
  49: 0
  50: 0
  51: 0
  52: 0
  53: 0
  54: 0
  55: 0
  56: 0
  57: 0
  58: 0
  59: 0
  60: 0
  61: 0
  62: 0
  63: 0
 procInstrs: # Per-process instructions
  0: 100008208
  1: 0
  2: 0
  3: 0
  4: 0
  5: 0
  6: 0
  7: 0
  8: 0
  9: 0
  10: 0
  11: 0
  12: 0
  13: 0
  14: 0
  15: 0
  16: 0
  17: 0
  18: 0
  19: 0
  20: 0
  21: 0
  22: 0
  23: 0
  24: 0
  25: 0
  26: 0
  27: 0
  28: 0
  29: 0
  30: 0
  31: 0
  32: 0
  33: 0
  34: 0
  35: 0
  36: 0
  37: 0
  38: 0
  39: 0
  40: 0
  41: 0
  42: 0
  43: 0
  44: 0
  45: 0
  46: 0
  47: 0
  48: 0
  49: 0
  50: 0
  51: 0
  52: 0
  53: 0
  54: 0
  55: 0
  56: 0
  57: 0
  58: 0
  59: 0
  60: 0
  61: 0
  62: 0
  63: 0
 heartbeats: # Per-process heartbeats
  0: 0
  1: 0
  2: 0
  3: 0
  4: 0
  5: 0
  6: 0
  7: 0
  8: 0
  9: 0
  10: 0
  11: 0
  12: 0
  13: 0
  14: 0
  15: 0
  16: 0
  17: 0
  18: 0
  19: 0
  20: 0
  21: 0
  22: 0
  23: 0
  24: 0
  25: 0
  26: 0
  27: 0
  28: 0
  29: 0
  30: 0
  31: 0
  32: 0
  33: 0
  34: 0
  35: 0
  36: 0
  37: 0
  38: 0
  39: 0
  40: 0
  41: 0
  42: 0
  43: 0
  44: 0
  45: 0
  46: 0
  47: 0
  48: 0
  49: 0
  50: 0
  51: 0
  52: 0
  53: 0
  54: 0
  55: 0
  56: 0
  57: 0
  58: 0
  59: 0
  60: 0
  61: 0
  62: 0
  63: 0
===
