# zsim stats
===
root: # Stats
 contention: # Contention simulation stats
  domain-0: # Domain stats
   time: 467611660 # Weave simulation time
 time: # Simulator time breakdown
  init: 559582840697
  bound: 17147279314
  weave: 623182691
  ff: 0
 trigger: 20000 # Reason for this stats dump
 phase: 12461 # Simulated phases
 westmere: # Core stats
  westmere-0: # Core stats
   cycles: 124610003 # Simulated unhalted cycles
   cCycles: 8437922 # Cycles due to contention stalls
   instrs: 100008603 # Simulated instructions
   uops: 119760525 # Retired micro-ops
   bbls: 21951880 # Basic blocks
   approxInstrs: 221499 # Instrs with approx uop decoding
   mispredBranches: 1075093 # Mispredicted branches
   condBranches: 17155842 # conditional branches
 l1i: # Cache stats
  l1i-0: # Filter cache stats
   fhGETS: 24398852 # Filtered GETS hits
   fhGETX: 0 # Filtered GETX hits
   hGETS: 1892910 # GETS hits
   hGETX: 0 # GETX hits
   mGETS: 676262 # GETS misses
   mGETXIM: 0 # GETX I->M misses
   mGETXSM: 0 # GETX S->M misses (upgrade misses)
   PUTS: 0 # Clean evictions (from lower level)
   PUTX: 0 # Dirty evictions (from lower level)
   INV: 16 # Invalidates (from upper level)
   INVX: 0 # Downgrades (from upper level)
   FWD: 0 # Forwards (from upper level)
   latGETnl: 8495408 # GET request latency on next level
   latGETnet: 0 # GET request latency on network to next level
 l1d: # Cache stats
  l1d-0: # Filter cache stats
   fhGETS: 22853865 # Filtered GETS hits
   fhGETX: 16027971 # Filtered GETX hits
   hGETS: 1750016 # GETS hits
   hGETX: 912760 # GETX hits
   mGETS: 1509332 # GETS misses
   mGETXIM: 1947034 # GETX I->M misses
   mGETXSM: 0 # GETX S->M misses (upgrade misses)
   PUTS: 0 # Clean evictions (from lower level)
   PUTX: 0 # Dirty evictions (from lower level)
   INV: 1 # Invalidates (from upper level)
   INVX: 0 # Downgrades (from upper level)
   FWD: 0 # Forwards (from upper level)
   latGETnl: 102911040 # GET request latency on next level
   latGETnet: 0 # GET request latency on network to next level
 l2: # Cache stats
  l2-0: # Cache stats
   hGETS: 1122922 # GETS hits
   hGETX: 1200194 # GETX hits
   mGETS: 1062672 # GETS misses
   mGETXIM: 746840 # GETX I->M misses
   mGETXSM: 0 # GETX S->M misses (upgrade misses)
   PUTS: 1830077 # Clean evictions (from lower level)
   PUTX: 2301510 # Dirty evictions (from lower level)
   INV: 8 # Invalidates (from upper level)
   INVX: 0 # Downgrades (from upper level)
   FWD: 0 # Forwards (from upper level)
   latGETnl: 70080168 # GET request latency on next level
   latGETnet: 0 # GET request latency on network to next level
 l3: # Cache stats
  l3-0: # Cache stats
   hGETS: 822620 # GETS hits
   hGETX: 690760 # GETX hits
   mGETS: 240052 # GETS misses
   mGETXIM: 56080 # GETX I->M misses
   mGETXSM: 0 # GETX S->M misses (upgrade misses)
   PUTS: 886593 # Clean evictions (from lower level)
   PUTX: 918815 # Dirty evictions (from lower level)
   INV: 0 # Invalidates (from upper level)
   INVX: 0 # Downgrades (from upper level)
   FWD: 0 # Forwards (from upper level)
   latGETnl: 26651880 # GET request latency on next level
   latGETnet: 0 # GET request latency on network to next level
 mem: # Memory controller stats
  mem-0: # Memory controller stats
   rd: 75923 # Read requests
   wr: 17703 # Write requests
   rdlat: 10188224 # Total latency experienced by read requests
   wrlat: 2554476 # Total latency experienced by write requests
   rdhits: 16 # Read row hits
   wrhits: 13 # Write row hits
   mlh: # latency histogram for memory requests
    0: 0
    1: 0
    2: 0
    3: 0
    4: 0
    5: 0
    6: 0
    7: 0
    8: 0
    9: 0
    10: 0
    11: 2
    12: 3
    13: 73713
    14: 495
    15: 393
    16: 179
    17: 48
    18: 38
    19: 42
    20: 44
    21: 41
    22: 40
    23: 42
    24: 52
    25: 39
    26: 40
    27: 21
    28: 49
    29: 27
    30: 35
    31: 45
    32: 54
    33: 53
    34: 41
    35: 49
    36: 44
    37: 47
    38: 44
    39: 47
    40: 37
    41: 56
    42: 39
    43: 11
    44: 2
    45: 1
    46: 6
    47: 3
    48: 0
    49: 0
    50: 1
    51: 0
    52: 0
    53: 0
    54: 0
    55: 0
    56: 0
    57: 0
    58: 0
    59: 0
    60: 0
    61: 0
    62: 0
    63: 0
    64: 0
    65: 0
    66: 0
    67: 0
    68: 0
    69: 0
    70: 0
    71: 0
    72: 0
    73: 0
    74: 0
    75: 0
    76: 0
    77: 0
    78: 0
    79: 0
    80: 0
    81: 0
    82: 0
    83: 0
    84: 0
    85: 0
    86: 0
    87: 0
    88: 0
    89: 0
    90: 0
    91: 0
    92: 0
    93: 0
    94: 0
    95: 0
    96: 0
    97: 0
    98: 0
    99: 0
  mem-1: # Memory controller stats
   rd: 71685 # Read requests
   wr: 17314 # Write requests
   rdlat: 9619166 # Total latency experienced by read requests
   wrlat: 2499491 # Total latency experienced by write requests
   rdhits: 39 # Read row hits
   wrhits: 17 # Write row hits
   mlh: # latency histogram for memory requests
    0: 0
    1: 0
    2: 0
    3: 0
    4: 0
    5: 0
    6: 0
    7: 0
    8: 0
    9: 0
    10: 0
    11: 2
    12: 5
    13: 69598
    14: 473
    15: 368
    16: 156
    17: 37
    18: 41
    19: 40
    20: 48
    21: 36
    22: 39
    23: 32
    24: 54
    25: 38
    26: 49
    27: 37
    28: 30
    29: 40
    30: 42
    31: 29
    32: 49
    33: 39
    34: 38
    35: 42
    36: 54
    37: 41
    38: 47
    39: 45
    40: 35
    41: 39
    42: 36
    43: 14
    44: 2
    45: 2
    46: 4
    47: 3
    48: 0
    49: 0
    50: 1
    51: 0
    52: 0
    53: 0
    54: 0
    55: 0
    56: 0
    57: 0
    58: 0
    59: 0
    60: 0
    61: 0
    62: 0
    63: 0
    64: 0
    65: 0
    66: 0
    67: 0
    68: 0
    69: 0
    70: 0
    71: 0
    72: 0
    73: 0
    74: 0
    75: 0
    76: 0
    77: 0
    78: 0
    79: 0
    80: 0
    81: 0
    82: 0
    83: 0
    84: 0
    85: 0
    86: 0
    87: 0
    88: 0
    89: 0
    90: 0
    91: 0
    92: 0
    93: 0
    94: 0
    95: 0
    96: 0
    97: 0
    98: 0
    99: 0
  mem-2: # Memory controller stats
   rd: 77190 # Read requests
   wr: 17952 # Write requests
   rdlat: 10349640 # Total latency experienced by read requests
   wrlat: 2595773 # Total latency experienced by write requests
   rdhits: 36 # Read row hits
   wrhits: 11 # Write row hits
   mlh: # latency histogram for memory requests
    0: 0
    1: 0
    2: 0
    3: 0
    4: 0
    5: 0
    6: 0
    7: 0
    8: 0
    9: 0
    10: 0
    11: 1
    12: 19
    13: 74970
    14: 477
    15: 403
    16: 174
    17: 36
    18: 49
    19: 42
    20: 59
    21: 46
    22: 54
    23: 64
    24: 61
    25: 30
    26: 47
    27: 19
    28: 27
    29: 33
    30: 32
    31: 43
    32: 40
    33: 53
    34: 41
    35: 43
    36: 46
    37: 46
    38: 49
    39: 43
    40: 39
    41: 42
    42: 41
    43: 13
    44: 2
    45: 1
    46: 0
    47: 2
    48: 3
    49: 0
    50: 0
    51: 0
    52: 0
    53: 0
    54: 0
    55: 0
    56: 0
    57: 0
    58: 0
    59: 0
    60: 0
    61: 0
    62: 0
    63: 0
    64: 0
    65: 0
    66: 0
    67: 0
    68: 0
    69: 0
    70: 0
    71: 0
    72: 0
    73: 0
    74: 0
    75: 0
    76: 0
    77: 0
    78: 0
    79: 0
    80: 0
    81: 0
    82: 0
    83: 0
    84: 0
    85: 0
    86: 0
    87: 0
    88: 0
    89: 0
    90: 0
    91: 0
    92: 0
    93: 0
    94: 0
    95: 0
    96: 0
    97: 0
    98: 0
    99: 0
  mem-3: # Memory controller stats
   rd: 71334 # Read requests
   wr: 17273 # Write requests
   rdlat: 9565160 # Total latency experienced by read requests
   wrlat: 2489799 # Total latency experienced by write requests
   rdhits: 37 # Read row hits
   wrhits: 11 # Write row hits
   mlh: # latency histogram for memory requests
    0: 0
    1: 0
    2: 0
    3: 0
    4: 0
    5: 0
    6: 0
    7: 0
    8: 0
    9: 0
    10: 0
    11: 4
    12: 25
    13: 69228
    14: 499
    15: 392
    16: 163
    17: 52
    18: 36
    19: 48
    20: 33
    21: 34
    22: 37
    23: 35
    24: 38
    25: 43
    26: 19
    27: 28
    28: 33
    29: 40
    30: 28
    31: 44
    32: 46
    33: 34
    34: 41
    35: 44
    36: 40
    37: 49
    38: 41
    39: 41
    40: 33
    41: 48
    42: 29
    43: 13
    44: 7
    45: 2
    46: 4
    47: 2
    48: 0
    49: 0
    50: 0
    51: 0
    52: 1
    53: 0
    54: 0
    55: 0
    56: 0
    57: 0
    58: 0
    59: 0
    60: 0
    61: 0
    62: 0
    63: 0
    64: 0
    65: 0
    66: 0
    67: 0
    68: 0
    69: 0
    70: 0
    71: 0
    72: 0
    73: 0
    74: 0
    75: 0
    76: 0
    77: 0
    78: 0
    79: 0
    80: 0
    81: 0
    82: 0
    83: 0
    84: 0
    85: 0
    86: 0
    87: 0
    88: 0
    89: 0
    90: 0
    91: 0
    92: 0
    93: 0
    94: 0
    95: 0
    96: 0
    97: 0
    98: 0
    99: 0
 sched: # Scheduler stats
  thCr: 1 # Threads created
  thFn: 1 # Threads finished
  schedEvs: 1 # Schedule events
  waitEvs: 0 # Wait events
  handoffEvs: 0 # Handoff events
  sleepEvs: 0 # Sleep events
  idlePhases: 0 # Phases with no thread active
  idlePeriods: 0 # Periods with no thread active
  occHist: # Occupancy histogram
   0: 0
   1: 12461
  rqSzHist: # Run queue size histogram
   0: 12461
   1: 0
   2: 0
   3: 0
   4: 0
   5: 0
   6: 0
   7: 0
   8: 0
   9: 0
   10: 0
   11: 0
   12: 0
   13: 0
   14: 0
   15: 0
   16: 0
 procCycles: # Per-process unhalted core cycles
  0: 124610003
  1: 0
  2: 0
  3: 0
  4: 0
  5: 0
  6: 0
  7: 0
  8: 0
  9: 0
  10: 0
  11: 0
  12: 0
  13: 0
  14: 0
  15: 0
  16: 0
  17: 0
  18: 0
  19: 0
  20: 0
  21: 0
  22: 0
  23: 0
  24: 0
  25: 0
  26: 0
  27: 0
  28: 0
  29: 0
  30: 0
  31: 0
  32: 0
  33: 0
  34: 0
  35: 0
  36: 0
  37: 0
  38: 0
  39: 0
  40: 0
  41: 0
  42: 0
  43: 0
  44: 0
  45: 0
  46: 0
  47: 0
  48: 0
  49: 0
  50: 0
  51: 0
  52: 0
  53: 0
  54: 0
  55: 0
  56: 0
  57: 0
  58: 0
  59: 0
  60: 0
  61: 0
  62: 0
  63: 0
 procInstrs: # Per-process instructions
  0: 100008603
  1: 0
  2: 0
  3: 0
  4: 0
  5: 0
  6: 0
  7: 0
  8: 0
  9: 0
  10: 0
  11: 0
  12: 0
  13: 0
  14: 0
  15: 0
  16: 0
  17: 0
  18: 0
  19: 0
  20: 0
  21: 0
  22: 0
  23: 0
  24: 0
  25: 0
  26: 0
  27: 0
  28: 0
  29: 0
  30: 0
  31: 0
  32: 0
  33: 0
  34: 0
  35: 0
  36: 0
  37: 0
  38: 0
  39: 0
  40: 0
  41: 0
  42: 0
  43: 0
  44: 0
  45: 0
  46: 0
  47: 0
  48: 0
  49: 0
  50: 0
  51: 0
  52: 0
  53: 0
  54: 0
  55: 0
  56: 0
  57: 0
  58: 0
  59: 0
  60: 0
  61: 0
  62: 0
  63: 0
 heartbeats: # Per-process heartbeats
  0: 0
  1: 0
  2: 0
  3: 0
  4: 0
  5: 0
  6: 0
  7: 0
  8: 0
  9: 0
  10: 0
  11: 0
  12: 0
  13: 0
  14: 0
  15: 0
  16: 0
  17: 0
  18: 0
  19: 0
  20: 0
  21: 0
  22: 0
  23: 0
  24: 0
  25: 0
  26: 0
  27: 0
  28: 0
  29: 0
  30: 0
  31: 0
  32: 0
  33: 0
  34: 0
  35: 0
  36: 0
  37: 0
  38: 0
  39: 0
  40: 0
  41: 0
  42: 0
  43: 0
  44: 0
  45: 0
  46: 0
  47: 0
  48: 0
  49: 0
  50: 0
  51: 0
  52: 0
  53: 0
  54: 0
  55: 0
  56: 0
  57: 0
  58: 0
  59: 0
  60: 0
  61: 0
  62: 0
  63: 0
===
