# zsim stats
===
root: # Stats
 contention: # Contention simulation stats
  domain-0: # Domain stats
   time: 269849098 # Weave simulation time
 time: # Simulator time breakdown
  init: 2967933047796
  bound: 15613438784
  weave: 350481459
  ff: 0
 trigger: 20000 # Reason for this stats dump
 phase: 6438 # Simulated phases
 westmere: # Core stats
  westmere-0: # Core stats
   cycles: 64380694 # Simulated unhalted cycles
   cCycles: 5874050 # Cycles due to contention stalls
   instrs: 100013628 # Simulated instructions
   uops: 142687858 # Retired micro-ops
   bbls: 4786071 # Basic blocks
   approxInstrs: 432 # Instrs with approx uop decoding
   mispredBranches: 23099 # Mispredicted branches
   condBranches: 4718760 # conditional branches
 l1i: # Cache stats
  l1i-0: # Filter cache stats
   fhGETS: 9441295 # Filtered GETS hits
   fhGETX: 0 # Filtered GETX hits
   hGETS: 20729 # GETS hits
   hGETX: 0 # GETX hits
   mGETS: 1900 # GETS misses
   mGETXIM: 0 # GETX I->M misses
   mGETXSM: 0 # GETX S->M misses (upgrade misses)
   PUTS: 0 # Clean evictions (from lower level)
   PUTX: 0 # Dirty evictions (from lower level)
   INV: 0 # Invalidates (from upper level)
   INVX: 0 # Downgrades (from upper level)
   FWD: 0 # Forwards (from upper level)
   latGETnl: 107332 # GET request latency on next level
   latGETnet: 0 # GET request latency on network to next level
 l1d: # Cache stats
  l1d-0: # Filter cache stats
   fhGETS: 27525142 # Filtered GETS hits
   fhGETX: 9099370 # Filtered GETX hits
   hGETS: 15311419 # GETS hits
   hGETX: 5956059 # GETX hits
   mGETS: 242381 # GETS misses
   mGETXIM: 291889 # GETX I->M misses
   mGETXSM: 0 # GETX S->M misses (upgrade misses)
   PUTS: 0 # Clean evictions (from lower level)
   PUTX: 0 # Dirty evictions (from lower level)
   INV: 0 # Invalidates (from upper level)
   INVX: 0 # Downgrades (from upper level)
   FWD: 0 # Forwards (from upper level)
   latGETnl: 26539944 # GET request latency on next level
   latGETnet: 0 # GET request latency on network to next level
 l2: # Cache stats
  l2-0: # Cache stats
   hGETS: 214729 # GETS hits
   hGETX: 1452 # GETX hits
   mGETS: 29552 # GETS misses
   mGETXIM: 290437 # GETX I->M misses
   mGETXSM: 0 # GETX S->M misses (upgrade misses)
   PUTS: 242570 # Clean evictions (from lower level)
   PUTX: 292653 # Dirty evictions (from lower level)
   INV: 0 # Invalidates (from upper level)
   INVX: 0 # Downgrades (from upper level)
   FWD: 0 # Forwards (from upper level)
   latGETnl: 21285576 # GET request latency on next level
   latGETnet: 0 # GET request latency on network to next level
 l3: # Cache stats
  l3-0: # Cache stats
   hGETS: 24733 # GETS hits
   hGETX: 144080 # GETX hits
   mGETS: 4819 # GETS misses
   mGETXIM: 146357 # GETX I->M misses
   mGETXSM: 0 # GETX S->M misses (upgrade misses)
   PUTS: 27262 # Clean evictions (from lower level)
   PUTX: 288631 # Dirty evictions (from lower level)
   INV: 0 # Invalidates (from upper level)
   INVX: 0 # Downgrades (from upper level)
   FWD: 0 # Forwards (from upper level)
   latGETnl: 13605840 # GET request latency on next level
   latGETnet: 0 # GET request latency on network to next level
 mem: # Memory controller stats
  mem-0: # Memory controller stats
   rd: 37741 # Read requests
   wr: 29022 # Write requests
   rdlat: 5812489 # Total latency experienced by read requests
   wrlat: 4401009 # Total latency experienced by write requests
   rdhits: 6 # Read row hits
   wrhits: 44 # Write row hits
   mlh: # latency histogram for memory requests
    0: 0
    1: 0
    2: 0
    3: 0
    4: 0
    5: 0
    6: 0
    7: 0
    8: 0
    9: 0
    10: 0
    11: 0
    12: 1
    13: 28067
    14: 2447
    15: 43
    16: 26
    17: 16
    18: 17
    19: 17
    20: 17
    21: 16
    22: 48
    23: 6464
    24: 14
    25: 83
    26: 34
    27: 34
    28: 19
    29: 17
    30: 20
    31: 21
    32: 25
    33: 14
    34: 16
    35: 14
    36: 17
    37: 16
    38: 23
    39: 20
    40: 19
    41: 17
    42: 23
    43: 24
    44: 2
    45: 4
    46: 8
    47: 40
    48: 13
    49: 4
    50: 6
    51: 3
    52: 8
    53: 4
    54: 0
    55: 0
    56: 0
    57: 0
    58: 0
    59: 0
    60: 0
    61: 0
    62: 0
    63: 0
    64: 0
    65: 0
    66: 0
    67: 0
    68: 0
    69: 0
    70: 0
    71: 0
    72: 0
    73: 0
    74: 0
    75: 0
    76: 0
    77: 0
    78: 0
    79: 0
    80: 0
    81: 0
    82: 0
    83: 0
    84: 0
    85: 0
    86: 0
    87: 0
    88: 0
    89: 0
    90: 0
    91: 0
    92: 0
    93: 0
    94: 0
    95: 0
    96: 0
    97: 0
    98: 0
    99: 0
  mem-1: # Memory controller stats
   rd: 37752 # Read requests
   wr: 29032 # Write requests
   rdlat: 5815380 # Total latency experienced by read requests
   wrlat: 4389324 # Total latency experienced by write requests
   rdhits: 4 # Read row hits
   wrhits: 54 # Write row hits
   mlh: # latency histogram for memory requests
    0: 0
    1: 0
    2: 0
    3: 0
    4: 0
    5: 0
    6: 0
    7: 0
    8: 0
    9: 0
    10: 0
    11: 1
    12: 0
    13: 28076
    14: 2452
    15: 38
    16: 27
    17: 19
    18: 23
    19: 19
    20: 22
    21: 23
    22: 48
    23: 6434
    24: 27
    25: 82
    26: 21
    27: 28
    28: 31
    29: 23
    30: 19
    31: 28
    32: 8
    33: 15
    34: 18
    35: 15
    36: 10
    37: 19
    38: 21
    39: 25
    40: 9
    41: 25
    42: 27
    43: 21
    44: 7
    45: 1
    46: 3
    47: 36
    48: 6
    49: 10
    50: 6
    51: 11
    52: 10
    53: 8
    54: 0
    55: 0
    56: 0
    57: 0
    58: 0
    59: 0
    60: 0
    61: 0
    62: 0
    63: 0
    64: 0
    65: 0
    66: 0
    67: 0
    68: 0
    69: 0
    70: 0
    71: 0
    72: 0
    73: 0
    74: 0
    75: 0
    76: 0
    77: 0
    78: 0
    79: 0
    80: 0
    81: 0
    82: 0
    83: 0
    84: 0
    85: 0
    86: 0
    87: 0
    88: 0
    89: 0
    90: 0
    91: 0
    92: 0
    93: 0
    94: 0
    95: 0
    96: 0
    97: 0
    98: 0
    99: 0
  mem-2: # Memory controller stats
   rd: 37832 # Read requests
   wr: 29054 # Write requests
   rdlat: 5837621 # Total latency experienced by read requests
   wrlat: 4418802 # Total latency experienced by write requests
   rdhits: 3 # Read row hits
   wrhits: 42 # Write row hits
   mlh: # latency histogram for memory requests
    0: 0
    1: 0
    2: 0
    3: 0
    4: 0
    5: 0
    6: 0
    7: 0
    8: 0
    9: 0
    10: 0
    11: 0
    12: 0
    13: 28098
    14: 2461
    15: 37
    16: 19
    17: 16
    18: 18
    19: 15
    20: 22
    21: 12
    22: 49
    23: 6467
    24: 21
    25: 95
    26: 32
    27: 30
    28: 19
    29: 21
    30: 28
    31: 16
    32: 14
    33: 17
    34: 21
    35: 25
    36: 19
    37: 24
    38: 16
    39: 16
    40: 26
    41: 20
    42: 36
    43: 12
    44: 6
    45: 7
    46: 8
    47: 48
    48: 15
    49: 6
    50: 3
    51: 4
    52: 9
    53: 4
    54: 0
    55: 0
    56: 0
    57: 0
    58: 0
    59: 0
    60: 0
    61: 0
    62: 0
    63: 0
    64: 0
    65: 0
    66: 0
    67: 0
    68: 0
    69: 0
    70: 0
    71: 0
    72: 0
    73: 0
    74: 0
    75: 0
    76: 0
    77: 0
    78: 0
    79: 0
    80: 0
    81: 0
    82: 0
    83: 0
    84: 0
    85: 0
    86: 0
    87: 0
    88: 0
    89: 0
    90: 0
    91: 0
    92: 0
    93: 0
    94: 0
    95: 0
    96: 0
    97: 0
    98: 0
    99: 0
  mem-3: # Memory controller stats
   rd: 37849 # Read requests
   wr: 29162 # Write requests
   rdlat: 5820752 # Total latency experienced by read requests
   wrlat: 4412190 # Total latency experienced by write requests
   rdhits: 5 # Read row hits
   wrhits: 56 # Write row hits
   mlh: # latency histogram for memory requests
    0: 0
    1: 0
    2: 0
    3: 0
    4: 0
    5: 0
    6: 0
    7: 0
    8: 0
    9: 0
    10: 0
    11: 0
    12: 1
    13: 28205
    14: 2450
    15: 44
    16: 17
    17: 13
    18: 11
    19: 11
    20: 17
    21: 16
    22: 43
    23: 6485
    24: 32
    25: 74
    26: 18
    27: 21
    28: 24
    29: 28
    30: 28
    31: 27
    32: 9
    33: 13
    34: 21
    35: 12
    36: 2
    37: 18
    38: 21
    39: 22
    40: 28
    41: 27
    42: 15
    43: 12
    44: 6
    45: 3
    46: 1
    47: 35
    48: 8
    49: 11
    50: 9
    51: 5
    52: 4
    53: 2
    54: 0
    55: 0
    56: 0
    57: 0
    58: 0
    59: 0
    60: 0
    61: 0
    62: 0
    63: 0
    64: 0
    65: 0
    66: 0
    67: 0
    68: 0
    69: 0
    70: 0
    71: 0
    72: 0
    73: 0
    74: 0
    75: 0
    76: 0
    77: 0
    78: 0
    79: 0
    80: 0
    81: 0
    82: 0
    83: 0
    84: 0
    85: 0
    86: 0
    87: 0
    88: 0
    89: 0
    90: 0
    91: 0
    92: 0
    93: 0
    94: 0
    95: 0
    96: 0
    97: 0
    98: 0
    99: 0
 sched: # Scheduler stats
  thCr: 1 # Threads created
  thFn: 1 # Threads finished
  schedEvs: 1 # Schedule events
  waitEvs: 0 # Wait events
  handoffEvs: 0 # Handoff events
  sleepEvs: 0 # Sleep events
  idlePhases: 0 # Phases with no thread active
  idlePeriods: 0 # Periods with no thread active
  occHist: # Occupancy histogram
   0: 0
   1: 6438
  rqSzHist: # Run queue size histogram
   0: 6438
   1: 0
   2: 0
   3: 0
   4: 0
   5: 0
   6: 0
   7: 0
   8: 0
   9: 0
   10: 0
   11: 0
   12: 0
   13: 0
   14: 0
   15: 0
   16: 0
 procCycles: # Per-process unhalted core cycles
  0: 64380694
  1: 0
  2: 0
  3: 0
  4: 0
  5: 0
  6: 0
  7: 0
  8: 0
  9: 0
  10: 0
  11: 0
  12: 0
  13: 0
  14: 0
  15: 0
  16: 0
  17: 0
  18: 0
  19: 0
  20: 0
  21: 0
  22: 0
  23: 0
  24: 0
  25: 0
  26: 0
  27: 0
  28: 0
  29: 0
  30: 0
  31: 0
  32: 0
  33: 0
  34: 0
  35: 0
  36: 0
  37: 0
  38: 0
  39: 0
  40: 0
  41: 0
  42: 0
  43: 0
  44: 0
  45: 0
  46: 0
  47: 0
  48: 0
  49: 0
  50: 0
  51: 0
  52: 0
  53: 0
  54: 0
  55: 0
  56: 0
  57: 0
  58: 0
  59: 0
  60: 0
  61: 0
  62: 0
  63: 0
 procInstrs: # Per-process instructions
  0: 100013628
  1: 0
  2: 0
  3: 0
  4: 0
  5: 0
  6: 0
  7: 0
  8: 0
  9: 0
  10: 0
  11: 0
  12: 0
  13: 0
  14: 0
  15: 0
  16: 0
  17: 0
  18: 0
  19: 0
  20: 0
  21: 0
  22: 0
  23: 0
  24: 0
  25: 0
  26: 0
  27: 0
  28: 0
  29: 0
  30: 0
  31: 0
  32: 0
  33: 0
  34: 0
  35: 0
  36: 0
  37: 0
  38: 0
  39: 0
  40: 0
  41: 0
  42: 0
  43: 0
  44: 0
  45: 0
  46: 0
  47: 0
  48: 0
  49: 0
  50: 0
  51: 0
  52: 0
  53: 0
  54: 0
  55: 0
  56: 0
  57: 0
  58: 0
  59: 0
  60: 0
  61: 0
  62: 0
  63: 0
 heartbeats: # Per-process heartbeats
  0: 0
  1: 0
  2: 0
  3: 0
  4: 0
  5: 0
  6: 0
  7: 0
  8: 0
  9: 0
  10: 0
  11: 0
  12: 0
  13: 0
  14: 0
  15: 0
  16: 0
  17: 0
  18: 0
  19: 0
  20: 0
  21: 0
  22: 0
  23: 0
  24: 0
  25: 0
  26: 0
  27: 0
  28: 0
  29: 0
  30: 0
  31: 0
  32: 0
  33: 0
  34: 0
  35: 0
  36: 0
  37: 0
  38: 0
  39: 0
  40: 0
  41: 0
  42: 0
  43: 0
  44: 0
  45: 0
  46: 0
  47: 0
  48: 0
  49: 0
  50: 0
  51: 0
  52: 0
  53: 0
  54: 0
  55: 0
  56: 0
  57: 0
  58: 0
  59: 0
  60: 0
  61: 0
  62: 0
  63: 0
===
