# zsim stats
===
root: # Stats
 contention: # Contention simulation stats
  domain-0: # Domain stats
   time: 10012706632 # Weave simulation time
 time: # Simulator time breakdown
  init: 454478295954
  bound: 37076098055
  weave: 10771943268
  ff: 0
 trigger: 20000 # Reason for this stats dump
 phase: 63248 # Simulated phases
 westmere: # Core stats
  westmere-0: # Core stats
   cycles: 632482663 # Simulated unhalted cycles
   cCycles: 142626319 # Cycles due to contention stalls
   instrs: 100000656 # Simulated instructions
   uops: 101912706 # Retired micro-ops
   bbls: 27652696 # Basic blocks
   approxInstrs: 22402 # Instrs with approx uop decoding
   mispredBranches: 1591225 # Mispredicted branches
   condBranches: 25800982 # conditional branches
 l1i: # Cache stats
  l1i-0: # Filter cache stats
   fhGETS: 35459922 # Filtered GETS hits
   fhGETX: 0 # Filtered GETX hits
   hGETS: 0 # GETS hits
   hGETX: 0 # GETX hits
   mGETS: 47 # GETS misses
   mGETXIM: 0 # GETX I->M misses
   mGETXSM: 0 # GETX S->M misses (upgrade misses)
   PUTS: 0 # Clean evictions (from lower level)
   PUTX: 0 # Dirty evictions (from lower level)
   INV: 0 # Invalidates (from upper level)
   INVX: 0 # Downgrades (from upper level)
   FWD: 0 # Forwards (from upper level)
   latGETnl: 5828 # GET request latency on next level
   latGETnet: 0 # GET request latency on network to next level
 l1d: # Cache stats
  l1d-0: # Filter cache stats
   fhGETS: 22278585 # Filtered GETS hits
   fhGETX: 2293282 # Filtered GETX hits
   hGETS: 1835496 # GETS hits
   hGETX: 3238313 # GETX hits
   mGETS: 12462685 # GETS misses
   mGETXIM: 259567 # GETX I->M misses
   mGETXSM: 0 # GETX S->M misses (upgrade misses)
   PUTS: 0 # Clean evictions (from lower level)
   PUTX: 0 # Dirty evictions (from lower level)
   INV: 0 # Invalidates (from upper level)
   INVX: 0 # Downgrades (from upper level)
   FWD: 0 # Forwards (from upper level)
   latGETnl: 1068345920 # GET request latency on next level
   latGETnet: 0 # GET request latency on network to next level
 l2: # Cache stats
  l2-0: # Cache stats
   hGETS: 2420279 # GETS hits
   hGETX: 86033 # GETX hits
   mGETS: 10042453 # GETS misses
   mGETXIM: 173534 # GETX I->M misses
   mGETXSM: 0 # GETX S->M misses (upgrade misses)
   PUTS: 9460708 # Clean evictions (from lower level)
   PUTX: 3261032 # Dirty evictions (from lower level)
   INV: 0 # Invalidates (from upper level)
   INVX: 0 # Downgrades (from upper level)
   FWD: 0 # Forwards (from upper level)
   latGETnl: 941128758 # GET request latency on next level
   latGETnet: 0 # GET request latency on network to next level
 l3: # Cache stats
  l3-0: # Cache stats
   hGETS: 2425442 # GETS hits
   hGETX: 57822 # GETX hits
   mGETS: 7617011 # GETS misses
   mGETXIM: 115712 # GETX I->M misses
   mGETXSM: 0 # GETX S->M misses (upgrade misses)
   PUTS: 7439483 # Clean evictions (from lower level)
   PUTX: 2772408 # Dirty evictions (from lower level)
   INV: 0 # Invalidates (from upper level)
   INVX: 0 # Downgrades (from upper level)
   FWD: 0 # Forwards (from upper level)
   latGETnl: 695945070 # GET request latency on next level
   latGETnet: 0 # GET request latency on network to next level
 mem: # Memory controller stats
  mem-0: # Memory controller stats
   rd: 1932109 # Read requests
   wr: 614590 # Write requests
   rdlat: 263075654 # Total latency experienced by read requests
   wrlat: 89268231 # Total latency experienced by write requests
   rdhits: 1779 # Read row hits
   wrhits: 1801 # Write row hits
   mlh: # latency histogram for memory requests
    0: 0
    1: 0
    2: 0
    3: 0
    4: 0
    5: 0
    6: 0
    7: 0
    8: 0
    9: 0
    10: 0
    11: 252
    12: 351
    13: 1703973
    14: 131913
    15: 48666
    16: 14059
    17: 2560
    18: 909
    19: 945
    20: 1121
    21: 1354
    22: 845
    23: 1276
    24: 2900
    25: 1694
    26: 544
    27: 598
    28: 603
    29: 697
    30: 1086
    31: 1424
    32: 1171
    33: 1152
    34: 1247
    35: 1422
    36: 1269
    37: 1234
    38: 1065
    39: 1141
    40: 1079
    41: 1101
    42: 1034
    43: 470
    44: 218
    45: 167
    46: 119
    47: 219
    48: 142
    49: 46
    50: 17
    51: 9
    52: 7
    53: 4
    54: 1
    55: 1
    56: 4
    57: 0
    58: 0
    59: 0
    60: 0
    61: 0
    62: 0
    63: 0
    64: 0
    65: 0
    66: 0
    67: 0
    68: 0
    69: 0
    70: 0
    71: 0
    72: 0
    73: 0
    74: 0
    75: 0
    76: 0
    77: 0
    78: 0
    79: 0
    80: 0
    81: 0
    82: 0
    83: 0
    84: 0
    85: 0
    86: 0
    87: 0
    88: 0
    89: 0
    90: 0
    91: 0
    92: 0
    93: 0
    94: 0
    95: 0
    96: 0
    97: 0
    98: 0
    99: 0
  mem-1: # Memory controller stats
   rd: 1929129 # Read requests
   wr: 613124 # Write requests
   rdlat: 262660010 # Total latency experienced by read requests
   wrlat: 89146524 # Total latency experienced by write requests
   rdhits: 1776 # Read row hits
   wrhits: 1934 # Write row hits
   mlh: # latency histogram for memory requests
    0: 0
    1: 0
    2: 0
    3: 0
    4: 0
    5: 0
    6: 0
    7: 0
    8: 0
    9: 0
    10: 0
    11: 199
    12: 387
    13: 1701857
    14: 131372
    15: 48561
    16: 13996
    17: 2492
    18: 924
    19: 933
    20: 1247
    21: 1195
    22: 901
    23: 1232
    24: 2795
    25: 1859
    26: 534
    27: 678
    28: 615
    29: 715
    30: 1036
    31: 1320
    32: 1114
    33: 1137
    34: 1220
    35: 1317
    36: 1294
    37: 1278
    38: 1120
    39: 1110
    40: 1116
    41: 1058
    42: 1054
    43: 510
    44: 202
    45: 153
    46: 143
    47: 246
    48: 123
    49: 43
    50: 11
    51: 13
    52: 9
    53: 4
    54: 5
    55: 0
    56: 0
    57: 1
    58: 0
    59: 0
    60: 0
    61: 0
    62: 0
    63: 0
    64: 0
    65: 0
    66: 0
    67: 0
    68: 0
    69: 0
    70: 0
    71: 0
    72: 0
    73: 0
    74: 0
    75: 0
    76: 0
    77: 0
    78: 0
    79: 0
    80: 0
    81: 0
    82: 0
    83: 0
    84: 0
    85: 0
    86: 0
    87: 0
    88: 0
    89: 0
    90: 0
    91: 0
    92: 0
    93: 0
    94: 0
    95: 0
    96: 0
    97: 0
    98: 0
    99: 0
  mem-2: # Memory controller stats
   rd: 1948484 # Read requests
   wr: 612919 # Write requests
   rdlat: 265398373 # Total latency experienced by read requests
   wrlat: 89340030 # Total latency experienced by write requests
   rdhits: 1959 # Read row hits
   wrhits: 1900 # Write row hits
   mlh: # latency histogram for memory requests
    0: 0
    1: 0
    2: 0
    3: 0
    4: 0
    5: 0
    6: 0
    7: 0
    8: 0
    9: 0
    10: 0
    11: 224
    12: 545
    13: 1714238
    14: 137339
    15: 49109
    16: 12972
    17: 2277
    18: 938
    19: 1018
    20: 1351
    21: 1708
    22: 927
    23: 1434
    24: 3252
    25: 1816
    26: 523
    27: 590
    28: 650
    29: 764
    30: 1118
    31: 1409
    32: 1216
    33: 1187
    34: 1180
    35: 1230
    36: 1310
    37: 1241
    38: 1068
    39: 1129
    40: 1069
    41: 1029
    42: 1047
    43: 528
    44: 256
    45: 178
    46: 132
    47: 249
    48: 140
    49: 42
    50: 17
    51: 11
    52: 10
    53: 5
    54: 6
    55: 0
    56: 0
    57: 1
    58: 0
    59: 1
    60: 0
    61: 0
    62: 0
    63: 0
    64: 0
    65: 0
    66: 0
    67: 0
    68: 0
    69: 0
    70: 0
    71: 0
    72: 0
    73: 0
    74: 0
    75: 0
    76: 0
    77: 0
    78: 0
    79: 0
    80: 0
    81: 0
    82: 0
    83: 0
    84: 0
    85: 0
    86: 0
    87: 0
    88: 0
    89: 0
    90: 0
    91: 0
    92: 0
    93: 0
    94: 0
    95: 0
    96: 0
    97: 0
    98: 0
    99: 0
  mem-3: # Memory controller stats
   rd: 1922940 # Read requests
   wr: 611133 # Write requests
   rdlat: 261847276 # Total latency experienced by read requests
   wrlat: 88839122 # Total latency experienced by write requests
   rdhits: 1991 # Read row hits
   wrhits: 1953 # Write row hits
   mlh: # latency histogram for memory requests
    0: 0
    1: 0
    2: 0
    3: 0
    4: 0
    5: 0
    6: 0
    7: 0
    8: 0
    9: 0
    10: 0
    11: 309
    12: 361
    13: 1696536
    14: 130406
    15: 48145
    16: 14552
    17: 2308
    18: 899
    19: 959
    20: 1289
    21: 1277
    22: 902
    23: 1081
    24: 3208
    25: 1721
    26: 487
    27: 573
    28: 596
    29: 704
    30: 1010
    31: 1390
    32: 1055
    33: 1101
    34: 1235
    35: 1232
    36: 1293
    37: 1181
    38: 1099
    39: 1121
    40: 1082
    41: 1148
    42: 1084
    43: 545
    44: 255
    45: 203
    46: 142
    47: 222
    48: 144
    49: 40
    50: 20
    51: 5
    52: 8
    53: 4
    54: 3
    55: 4
    56: 1
    57: 0
    58: 0
    59: 0
    60: 0
    61: 0
    62: 0
    63: 0
    64: 0
    65: 0
    66: 0
    67: 0
    68: 0
    69: 0
    70: 0
    71: 0
    72: 0
    73: 0
    74: 0
    75: 0
    76: 0
    77: 0
    78: 0
    79: 0
    80: 0
    81: 0
    82: 0
    83: 0
    84: 0
    85: 0
    86: 0
    87: 0
    88: 0
    89: 0
    90: 0
    91: 0
    92: 0
    93: 0
    94: 0
    95: 0
    96: 0
    97: 0
    98: 0
    99: 0
 sched: # Scheduler stats
  thCr: 1 # Threads created
  thFn: 1 # Threads finished
  schedEvs: 1 # Schedule events
  waitEvs: 0 # Wait events
  handoffEvs: 0 # Handoff events
  sleepEvs: 0 # Sleep events
  idlePhases: 0 # Phases with no thread active
  idlePeriods: 0 # Periods with no thread active
  occHist: # Occupancy histogram
   0: 0
   1: 63248
  rqSzHist: # Run queue size histogram
   0: 63248
   1: 0
   2: 0
   3: 0
   4: 0
   5: 0
   6: 0
   7: 0
   8: 0
   9: 0
   10: 0
   11: 0
   12: 0
   13: 0
   14: 0
   15: 0
   16: 0
 procCycles: # Per-process unhalted core cycles
  0: 632482663
  1: 0
  2: 0
  3: 0
  4: 0
  5: 0
  6: 0
  7: 0
  8: 0
  9: 0
  10: 0
  11: 0
  12: 0
  13: 0
  14: 0
  15: 0
  16: 0
  17: 0
  18: 0
  19: 0
  20: 0
  21: 0
  22: 0
  23: 0
  24: 0
  25: 0
  26: 0
  27: 0
  28: 0
  29: 0
  30: 0
  31: 0
  32: 0
  33: 0
  34: 0
  35: 0
  36: 0
  37: 0
  38: 0
  39: 0
  40: 0
  41: 0
  42: 0
  43: 0
  44: 0
  45: 0
  46: 0
  47: 0
  48: 0
  49: 0
  50: 0
  51: 0
  52: 0
  53: 0
  54: 0
  55: 0
  56: 0
  57: 0
  58: 0
  59: 0
  60: 0
  61: 0
  62: 0
  63: 0
 procInstrs: # Per-process instructions
  0: 100000656
  1: 0
  2: 0
  3: 0
  4: 0
  5: 0
  6: 0
  7: 0
  8: 0
  9: 0
  10: 0
  11: 0
  12: 0
  13: 0
  14: 0
  15: 0
  16: 0
  17: 0
  18: 0
  19: 0
  20: 0
  21: 0
  22: 0
  23: 0
  24: 0
  25: 0
  26: 0
  27: 0
  28: 0
  29: 0
  30: 0
  31: 0
  32: 0
  33: 0
  34: 0
  35: 0
  36: 0
  37: 0
  38: 0
  39: 0
  40: 0
  41: 0
  42: 0
  43: 0
  44: 0
  45: 0
  46: 0
  47: 0
  48: 0
  49: 0
  50: 0
  51: 0
  52: 0
  53: 0
  54: 0
  55: 0
  56: 0
  57: 0
  58: 0
  59: 0
  60: 0
  61: 0
  62: 0
  63: 0
 heartbeats: # Per-process heartbeats
  0: 0
  1: 0
  2: 0
  3: 0
  4: 0
  5: 0
  6: 0
  7: 0
  8: 0
  9: 0
  10: 0
  11: 0
  12: 0
  13: 0
  14: 0
  15: 0
  16: 0
  17: 0
  18: 0
  19: 0
  20: 0
  21: 0
  22: 0
  23: 0
  24: 0
  25: 0
  26: 0
  27: 0
  28: 0
  29: 0
  30: 0
  31: 0
  32: 0
  33: 0
  34: 0
  35: 0
  36: 0
  37: 0
  38: 0
  39: 0
  40: 0
  41: 0
  42: 0
  43: 0
  44: 0
  45: 0
  46: 0
  47: 0
  48: 0
  49: 0
  50: 0
  51: 0
  52: 0
  53: 0
  54: 0
  55: 0
  56: 0
  57: 0
  58: 0
  59: 0
  60: 0
  61: 0
  62: 0
  63: 0
===
