# zsim stats
===
root: # Stats
 contention: # Contention simulation stats
  domain-0: # Domain stats
   time: 154781842 # Weave simulation time
 time: # Simulator time breakdown
  init: 2780350681322
  bound: 8358271886
  weave: 216636474
  ff: 0
 trigger: 20000 # Reason for this stats dump
 phase: 6074 # Simulated phases
 westmere: # Core stats
  westmere-0: # Core stats
   cycles: 60740124 # Simulated unhalted cycles
   cCycles: 2623655 # Cycles due to contention stalls
   instrs: 100007230 # Simulated instructions
   uops: 109568698 # Retired micro-ops
   bbls: 33633509 # Basic blocks
   approxInstrs: 166213 # Instrs with approx uop decoding
   mispredBranches: 151332 # Mispredicted branches
   condBranches: 28912585 # conditional branches
 l1i: # Cache stats
  l1i-0: # Filter cache stats
   fhGETS: 32641350 # Filtered GETS hits
   fhGETX: 0 # Filtered GETX hits
   hGETS: 1600686 # GETS hits
   hGETX: 0 # GETX hits
   mGETS: 195474 # GETS misses
   mGETXIM: 0 # GETX I->M misses
   mGETXSM: 0 # GETX S->M misses (upgrade misses)
   PUTS: 0 # Clean evictions (from lower level)
   PUTX: 0 # Dirty evictions (from lower level)
   INV: 10 # Invalidates (from upper level)
   INVX: 0 # Downgrades (from upper level)
   FWD: 0 # Forwards (from upper level)
   latGETnl: 2454510 # GET request latency on next level
   latGETnet: 0 # GET request latency on network to next level
 l1d: # Cache stats
  l1d-0: # Filter cache stats
   fhGETS: 25743593 # Filtered GETS hits
   fhGETX: 5260121 # Filtered GETX hits
   hGETS: 3049481 # GETS hits
   hGETX: 781601 # GETX hits
   mGETS: 2288954 # GETS misses
   mGETXIM: 118360 # GETX I->M misses
   mGETXSM: 0 # GETX S->M misses (upgrade misses)
   PUTS: 0 # Clean evictions (from lower level)
   PUTX: 0 # Dirty evictions (from lower level)
   INV: 0 # Invalidates (from upper level)
   INVX: 0 # Downgrades (from upper level)
   FWD: 0 # Forwards (from upper level)
   latGETnl: 40034988 # GET request latency on next level
   latGETnet: 0 # GET request latency on network to next level
 l2: # Cache stats
  l2-0: # Cache stats
   hGETS: 2349583 # GETS hits
   hGETX: 22573 # GETX hits
   mGETS: 134845 # GETS misses
   mGETXIM: 95787 # GETX I->M misses
   mGETXSM: 0 # GETX S->M misses (upgrade misses)
   PUTS: 2355365 # Clean evictions (from lower level)
   PUTX: 246389 # Dirty evictions (from lower level)
   INV: 0 # Invalidates (from upper level)
   INVX: 0 # Downgrades (from upper level)
   FWD: 0 # Forwards (from upper level)
   latGETnl: 16461618 # GET request latency on next level
   latGETnet: 0 # GET request latency on network to next level
 l3: # Cache stats
  l3-0: # Cache stats
   hGETS: 72154 # GETS hits
   hGETX: 37073 # GETX hits
   mGETS: 62691 # GETS misses
   mGETXIM: 58714 # GETX I->M misses
   mGETXSM: 0 # GETX S->M misses (upgrade misses)
   PUTS: 56766 # Clean evictions (from lower level)
   PUTX: 169770 # Dirty evictions (from lower level)
   INV: 0 # Invalidates (from upper level)
   INVX: 0 # Downgrades (from upper level)
   FWD: 0 # Forwards (from upper level)
   latGETnl: 10926450 # GET request latency on next level
   latGETnet: 0 # GET request latency on network to next level
 mem: # Memory controller stats
  mem-0: # Memory controller stats
   rd: 30388 # Read requests
   wr: 17175 # Write requests
   rdlat: 4090537 # Total latency experienced by read requests
   wrlat: 2633188 # Total latency experienced by write requests
   rdhits: 25 # Read row hits
   wrhits: 32 # Write row hits
   mlh: # latency histogram for memory requests
    0: 0
    1: 0
    2: 0
    3: 0
    4: 0
    5: 0
    6: 0
    7: 0
    8: 0
    9: 0
    10: 0
    11: 0
    12: 2
    13: 28940
    14: 486
    15: 323
    16: 204
    17: 11
    18: 20
    19: 12
    20: 14
    21: 14
    22: 22
    23: 9
    24: 30
    25: 17
    26: 11
    27: 6
    28: 11
    29: 19
    30: 14
    31: 20
    32: 11
    33: 19
    34: 16
    35: 16
    36: 16
    37: 22
    38: 17
    39: 17
    40: 21
    41: 19
    42: 15
    43: 7
    44: 3
    45: 3
    46: 0
    47: 1
    48: 0
    49: 0
    50: 0
    51: 0
    52: 0
    53: 0
    54: 0
    55: 0
    56: 0
    57: 0
    58: 0
    59: 0
    60: 0
    61: 0
    62: 0
    63: 0
    64: 0
    65: 0
    66: 0
    67: 0
    68: 0
    69: 0
    70: 0
    71: 0
    72: 0
    73: 0
    74: 0
    75: 0
    76: 0
    77: 0
    78: 0
    79: 0
    80: 0
    81: 0
    82: 0
    83: 0
    84: 0
    85: 0
    86: 0
    87: 0
    88: 0
    89: 0
    90: 0
    91: 0
    92: 0
    93: 0
    94: 0
    95: 0
    96: 0
    97: 0
    98: 0
    99: 0
  mem-1: # Memory controller stats
   rd: 30248 # Read requests
   wr: 17131 # Write requests
   rdlat: 4072185 # Total latency experienced by read requests
   wrlat: 2635306 # Total latency experienced by write requests
   rdhits: 18 # Read row hits
   wrhits: 25 # Write row hits
   mlh: # latency histogram for memory requests
    0: 0
    1: 0
    2: 0
    3: 0
    4: 0
    5: 0
    6: 0
    7: 0
    8: 0
    9: 0
    10: 0
    11: 1
    12: 0
    13: 28697
    14: 590
    15: 323
    16: 208
    17: 17
    18: 17
    19: 12
    20: 11
    21: 15
    22: 13
    23: 14
    24: 24
    25: 26
    26: 9
    27: 12
    28: 17
    29: 14
    30: 20
    31: 11
    32: 11
    33: 15
    34: 19
    35: 16
    36: 17
    37: 32
    38: 15
    39: 15
    40: 14
    41: 17
    42: 14
    43: 6
    44: 2
    45: 1
    46: 2
    47: 0
    48: 1
    49: 0
    50: 0
    51: 0
    52: 0
    53: 0
    54: 0
    55: 0
    56: 0
    57: 0
    58: 0
    59: 0
    60: 0
    61: 0
    62: 0
    63: 0
    64: 0
    65: 0
    66: 0
    67: 0
    68: 0
    69: 0
    70: 0
    71: 0
    72: 0
    73: 0
    74: 0
    75: 0
    76: 0
    77: 0
    78: 0
    79: 0
    80: 0
    81: 0
    82: 0
    83: 0
    84: 0
    85: 0
    86: 0
    87: 0
    88: 0
    89: 0
    90: 0
    91: 0
    92: 0
    93: 0
    94: 0
    95: 0
    96: 0
    97: 0
    98: 0
    99: 0
  mem-2: # Memory controller stats
   rd: 30380 # Read requests
   wr: 17068 # Write requests
   rdlat: 4082028 # Total latency experienced by read requests
   wrlat: 2619191 # Total latency experienced by write requests
   rdhits: 25 # Read row hits
   wrhits: 29 # Write row hits
   mlh: # latency histogram for memory requests
    0: 0
    1: 0
    2: 0
    3: 0
    4: 0
    5: 0
    6: 0
    7: 0
    8: 0
    9: 0
    10: 0
    11: 2
    12: 4
    13: 28937
    14: 509
    15: 319
    16: 189
    17: 20
    18: 23
    19: 16
    20: 17
    21: 18
    22: 17
    23: 20
    24: 15
    25: 23
    26: 9
    27: 9
    28: 15
    29: 14
    30: 14
    31: 18
    32: 10
    33: 12
    34: 19
    35: 13
    36: 17
    37: 15
    38: 10
    39: 19
    40: 21
    41: 12
    42: 15
    43: 4
    44: 2
    45: 2
    46: 1
    47: 0
    48: 0
    49: 0
    50: 0
    51: 0
    52: 0
    53: 0
    54: 0
    55: 0
    56: 0
    57: 0
    58: 0
    59: 0
    60: 0
    61: 0
    62: 0
    63: 0
    64: 0
    65: 0
    66: 0
    67: 0
    68: 0
    69: 0
    70: 0
    71: 0
    72: 0
    73: 0
    74: 0
    75: 0
    76: 0
    77: 0
    78: 0
    79: 0
    80: 0
    81: 0
    82: 0
    83: 0
    84: 0
    85: 0
    86: 0
    87: 0
    88: 0
    89: 0
    90: 0
    91: 0
    92: 0
    93: 0
    94: 0
    95: 0
    96: 0
    97: 0
    98: 0
    99: 0
  mem-3: # Memory controller stats
   rd: 30389 # Read requests
   wr: 17080 # Write requests
   rdlat: 4091036 # Total latency experienced by read requests
   wrlat: 2616153 # Total latency experienced by write requests
   rdhits: 24 # Read row hits
   wrhits: 25 # Write row hits
   mlh: # latency histogram for memory requests
    0: 0
    1: 0
    2: 0
    3: 0
    4: 0
    5: 0
    6: 0
    7: 0
    8: 0
    9: 0
    10: 0
    11: 0
    12: 3
    13: 28789
    14: 596
    15: 320
    16: 237
    17: 21
    18: 12
    19: 20
    20: 10
    21: 17
    22: 19
    23: 25
    24: 33
    25: 16
    26: 13
    27: 12
    28: 11
    29: 16
    30: 15
    31: 12
    32: 15
    33: 19
    34: 15
    35: 15
    36: 18
    37: 13
    38: 23
    39: 14
    40: 13
    41: 15
    42: 15
    43: 9
    44: 3
    45: 4
    46: 0
    47: 1
    48: 0
    49: 0
    50: 0
    51: 0
    52: 0
    53: 0
    54: 0
    55: 0
    56: 0
    57: 0
    58: 0
    59: 0
    60: 0
    61: 0
    62: 0
    63: 0
    64: 0
    65: 0
    66: 0
    67: 0
    68: 0
    69: 0
    70: 0
    71: 0
    72: 0
    73: 0
    74: 0
    75: 0
    76: 0
    77: 0
    78: 0
    79: 0
    80: 0
    81: 0
    82: 0
    83: 0
    84: 0
    85: 0
    86: 0
    87: 0
    88: 0
    89: 0
    90: 0
    91: 0
    92: 0
    93: 0
    94: 0
    95: 0
    96: 0
    97: 0
    98: 0
    99: 0
 sched: # Scheduler stats
  thCr: 1 # Threads created
  thFn: 1 # Threads finished
  schedEvs: 1 # Schedule events
  waitEvs: 0 # Wait events
  handoffEvs: 0 # Handoff events
  sleepEvs: 0 # Sleep events
  idlePhases: 0 # Phases with no thread active
  idlePeriods: 0 # Periods with no thread active
  occHist: # Occupancy histogram
   0: 0
   1: 6074
  rqSzHist: # Run queue size histogram
   0: 6074
   1: 0
   2: 0
   3: 0
   4: 0
   5: 0
   6: 0
   7: 0
   8: 0
   9: 0
   10: 0
   11: 0
   12: 0
   13: 0
   14: 0
   15: 0
   16: 0
 procCycles: # Per-process unhalted core cycles
  0: 60740124
  1: 0
  2: 0
  3: 0
  4: 0
  5: 0
  6: 0
  7: 0
  8: 0
  9: 0
  10: 0
  11: 0
  12: 0
  13: 0
  14: 0
  15: 0
  16: 0
  17: 0
  18: 0
  19: 0
  20: 0
  21: 0
  22: 0
  23: 0
  24: 0
  25: 0
  26: 0
  27: 0
  28: 0
  29: 0
  30: 0
  31: 0
  32: 0
  33: 0
  34: 0
  35: 0
  36: 0
  37: 0
  38: 0
  39: 0
  40: 0
  41: 0
  42: 0
  43: 0
  44: 0
  45: 0
  46: 0
  47: 0
  48: 0
  49: 0
  50: 0
  51: 0
  52: 0
  53: 0
  54: 0
  55: 0
  56: 0
  57: 0
  58: 0
  59: 0
  60: 0
  61: 0
  62: 0
  63: 0
 procInstrs: # Per-process instructions
  0: 100007230
  1: 0
  2: 0
  3: 0
  4: 0
  5: 0
  6: 0
  7: 0
  8: 0
  9: 0
  10: 0
  11: 0
  12: 0
  13: 0
  14: 0
  15: 0
  16: 0
  17: 0
  18: 0
  19: 0
  20: 0
  21: 0
  22: 0
  23: 0
  24: 0
  25: 0
  26: 0
  27: 0
  28: 0
  29: 0
  30: 0
  31: 0
  32: 0
  33: 0
  34: 0
  35: 0
  36: 0
  37: 0
  38: 0
  39: 0
  40: 0
  41: 0
  42: 0
  43: 0
  44: 0
  45: 0
  46: 0
  47: 0
  48: 0
  49: 0
  50: 0
  51: 0
  52: 0
  53: 0
  54: 0
  55: 0
  56: 0
  57: 0
  58: 0
  59: 0
  60: 0
  61: 0
  62: 0
  63: 0
 heartbeats: # Per-process heartbeats
  0: 0
  1: 0
  2: 0
  3: 0
  4: 0
  5: 0
  6: 0
  7: 0
  8: 0
  9: 0
  10: 0
  11: 0
  12: 0
  13: 0
  14: 0
  15: 0
  16: 0
  17: 0
  18: 0
  19: 0
  20: 0
  21: 0
  22: 0
  23: 0
  24: 0
  25: 0
  26: 0
  27: 0
  28: 0
  29: 0
  30: 0
  31: 0
  32: 0
  33: 0
  34: 0
  35: 0
  36: 0
  37: 0
  38: 0
  39: 0
  40: 0
  41: 0
  42: 0
  43: 0
  44: 0
  45: 0
  46: 0
  47: 0
  48: 0
  49: 0
  50: 0
  51: 0
  52: 0
  53: 0
  54: 0
  55: 0
  56: 0
  57: 0
  58: 0
  59: 0
  60: 0
  61: 0
  62: 0
  63: 0
===
