# zsim stats
===
root: # Stats
 contention: # Contention simulation stats
  domain-0: # Domain stats
   time: 531220819 # Weave simulation time
 time: # Simulator time breakdown
  init: 52845905062
  bound: 11872984036
  weave: 660048986
  ff: 0
 trigger: 20000 # Reason for this stats dump
 phase: 10926 # Simulated phases
 westmere: # Core stats
  westmere-0: # Core stats
   cycles: 109260085 # Simulated unhalted cycles
   cCycles: 8531883 # Cycles due to contention stalls
   instrs: 100021522 # Simulated instructions
   uops: 113821691 # Retired micro-ops
   bbls: 14848561 # Basic blocks
   approxInstrs: 596117 # Instrs with approx uop decoding
   mispredBranches: 789684 # Mispredicted branches
   condBranches: 12877575 # conditional branches
 l1i: # Cache stats
  l1i-0: # Filter cache stats
   fhGETS: 19608774 # Filtered GETS hits
   fhGETX: 0 # Filtered GETX hits
   hGETS: 195 # GETS hits
   hGETX: 0 # GETX hits
   mGETS: 1139 # GETS misses
   mGETXIM: 0 # GETX I->M misses
   mGETXSM: 0 # GETX S->M misses (upgrade misses)
   PUTS: 0 # Clean evictions (from lower level)
   PUTX: 0 # Dirty evictions (from lower level)
   INV: 1108 # Invalidates (from upper level)
   INVX: 0 # Downgrades (from upper level)
   FWD: 0 # Forwards (from upper level)
   latGETnl: 141236 # GET request latency on next level
   latGETnet: 0 # GET request latency on network to next level
 l1d: # Cache stats
  l1d-0: # Filter cache stats
   fhGETS: 25383240 # Filtered GETS hits
   fhGETX: 11423436 # Filtered GETX hits
   hGETS: 979984 # GETS hits
   hGETX: 1643831 # GETX hits
   mGETS: 1935394 # GETS misses
   mGETXIM: 1092891 # GETX I->M misses
   mGETXSM: 0 # GETX S->M misses (upgrade misses)
   PUTS: 0 # Clean evictions (from lower level)
   PUTX: 0 # Dirty evictions (from lower level)
   INV: 510 # Invalidates (from upper level)
   INVX: 0 # Downgrades (from upper level)
   FWD: 0 # Forwards (from upper level)
   latGETnl: 103839424 # GET request latency on next level
   latGETnet: 0 # GET request latency on network to next level
 l2: # Cache stats
  l2-0: # Cache stats
   hGETS: 949238 # GETS hits
   hGETX: 121111 # GETX hits
   mGETS: 987295 # GETS misses
   mGETXIM: 971780 # GETX I->M misses
   mGETXSM: 0 # GETX S->M misses (upgrade misses)
   PUTS: 942761 # Clean evictions (from lower level)
   PUTX: 2084502 # Dirty evictions (from lower level)
   INV: 5590 # Invalidates (from upper level)
   INVX: 0 # Downgrades (from upper level)
   FWD: 0 # Forwards (from upper level)
   latGETnl: 73686420 # GET request latency on next level
   latGETnet: 0 # GET request latency on network to next level
 l3: # Cache stats
  l3-0: # Cache stats
   hGETS: 876017 # GETS hits
   hGETX: 786740 # GETX hits
   mGETS: 111278 # GETS misses
   mGETXIM: 185040 # GETX I->M misses
   mGETXSM: 0 # GETX S->M misses (upgrade misses)
   PUTS: 575270 # Clean evictions (from lower level)
   PUTX: 1374119 # Dirty evictions (from lower level)
   INV: 0 # Invalidates (from upper level)
   INVX: 0 # Downgrades (from upper level)
   FWD: 0 # Forwards (from upper level)
   latGETnl: 26668620 # GET request latency on next level
   latGETnet: 0 # GET request latency on network to next level
 mem: # Memory controller stats
  mem-0: # Memory controller stats
   rd: 74149 # Read requests
   wr: 53142 # Write requests
   rdlat: 10106991 # Total latency experienced by read requests
   wrlat: 7750595 # Total latency experienced by write requests
   rdhits: 1769 # Read row hits
   wrhits: 541 # Write row hits
   mlh: # latency histogram for memory requests
    0: 0
    1: 0
    2: 0
    3: 0
    4: 0
    5: 0
    6: 0
    7: 0
    8: 0
    9: 0
    10: 1
    11: 216
    12: 248
    13: 67554
    14: 1494
    15: 1066
    16: 642
    17: 338
    18: 380
    19: 415
    20: 440
    21: 257
    22: 81
    23: 109
    24: 101
    25: 68
    26: 47
    27: 27
    28: 29
    29: 48
    30: 45
    31: 46
    32: 46
    33: 24
    34: 46
    35: 38
    36: 36
    37: 45
    38: 43
    39: 41
    40: 51
    41: 45
    42: 42
    43: 16
    44: 7
    45: 6
    46: 5
    47: 4
    48: 1
    49: 0
    50: 1
    51: 0
    52: 0
    53: 0
    54: 0
    55: 0
    56: 0
    57: 0
    58: 0
    59: 0
    60: 0
    61: 0
    62: 0
    63: 0
    64: 0
    65: 0
    66: 0
    67: 0
    68: 0
    69: 0
    70: 0
    71: 0
    72: 0
    73: 0
    74: 0
    75: 0
    76: 0
    77: 0
    78: 0
    79: 0
    80: 0
    81: 0
    82: 0
    83: 0
    84: 0
    85: 0
    86: 0
    87: 0
    88: 0
    89: 0
    90: 0
    91: 0
    92: 0
    93: 0
    94: 0
    95: 0
    96: 0
    97: 0
    98: 0
    99: 0
  mem-1: # Memory controller stats
   rd: 74053 # Read requests
   wr: 53218 # Write requests
   rdlat: 10086152 # Total latency experienced by read requests
   wrlat: 7776666 # Total latency experienced by write requests
   rdhits: 1810 # Read row hits
   wrhits: 526 # Write row hits
   mlh: # latency histogram for memory requests
    0: 0
    1: 0
    2: 0
    3: 0
    4: 0
    5: 0
    6: 0
    7: 0
    8: 0
    9: 1
    10: 0
    11: 222
    12: 276
    13: 67492
    14: 1525
    15: 1091
    16: 636
    17: 335
    18: 381
    19: 388
    20: 434
    21: 240
    22: 75
    23: 101
    24: 92
    25: 62
    26: 41
    27: 27
    28: 31
    29: 38
    30: 46
    31: 41
    32: 37
    33: 39
    34: 41
    35: 31
    36: 42
    37: 50
    38: 35
    39: 32
    40: 48
    41: 41
    42: 35
    43: 21
    44: 10
    45: 4
    46: 1
    47: 3
    48: 2
    49: 1
    50: 1
    51: 0
    52: 0
    53: 0
    54: 3
    55: 1
    56: 0
    57: 0
    58: 0
    59: 0
    60: 0
    61: 0
    62: 0
    63: 0
    64: 0
    65: 0
    66: 0
    67: 0
    68: 0
    69: 0
    70: 0
    71: 0
    72: 0
    73: 0
    74: 0
    75: 0
    76: 0
    77: 0
    78: 0
    79: 0
    80: 0
    81: 0
    82: 0
    83: 0
    84: 0
    85: 0
    86: 0
    87: 0
    88: 0
    89: 0
    90: 0
    91: 0
    92: 0
    93: 0
    94: 0
    95: 0
    96: 0
    97: 0
    98: 0
    99: 0
  mem-2: # Memory controller stats
   rd: 74250 # Read requests
   wr: 53265 # Write requests
   rdlat: 10135084 # Total latency experienced by read requests
   wrlat: 7796783 # Total latency experienced by write requests
   rdhits: 1957 # Read row hits
   wrhits: 542 # Write row hits
   mlh: # latency histogram for memory requests
    0: 0
    1: 0
    2: 0
    3: 0
    4: 0
    5: 0
    6: 0
    7: 0
    8: 0
    9: 0
    10: 0
    11: 261
    12: 262
    13: 67450
    14: 1486
    15: 1073
    16: 704
    17: 373
    18: 420
    19: 381
    20: 474
    21: 272
    22: 106
    23: 98
    24: 70
    25: 49
    26: 34
    27: 44
    28: 28
    29: 38
    30: 32
    31: 41
    32: 39
    33: 44
    34: 36
    35: 44
    36: 43
    37: 43
    38: 46
    39: 45
    40: 48
    41: 46
    42: 52
    43: 19
    44: 9
    45: 4
    46: 15
    47: 10
    48: 3
    49: 1
    50: 1
    51: 2
    52: 1
    53: 1
    54: 0
    55: 1
    56: 0
    57: 0
    58: 0
    59: 0
    60: 0
    61: 0
    62: 0
    63: 1
    64: 0
    65: 0
    66: 0
    67: 0
    68: 0
    69: 0
    70: 0
    71: 0
    72: 0
    73: 0
    74: 0
    75: 0
    76: 0
    77: 0
    78: 0
    79: 0
    80: 0
    81: 0
    82: 0
    83: 0
    84: 0
    85: 0
    86: 0
    87: 0
    88: 0
    89: 0
    90: 0
    91: 0
    92: 0
    93: 0
    94: 0
    95: 0
    96: 0
    97: 0
    98: 0
    99: 0
  mem-3: # Memory controller stats
   rd: 73866 # Read requests
   wr: 52962 # Write requests
   rdlat: 10051207 # Total latency experienced by read requests
   wrlat: 7724756 # Total latency experienced by write requests
   rdhits: 1695 # Read row hits
   wrhits: 538 # Write row hits
   mlh: # latency histogram for memory requests
    0: 0
    1: 0
    2: 0
    3: 0
    4: 0
    5: 0
    6: 0
    7: 0
    8: 0
    9: 0
    10: 0
    11: 209
    12: 244
    13: 67542
    14: 1507
    15: 1101
    16: 621
    17: 342
    18: 340
    19: 348
    20: 403
    21: 224
    22: 70
    23: 86
    24: 70
    25: 49
    26: 42
    27: 35
    28: 24
    29: 43
    30: 43
    31: 31
    32: 28
    33: 41
    34: 37
    35: 43
    36: 37
    37: 56
    38: 50
    39: 30
    40: 39
    41: 41
    42: 39
    43: 15
    44: 6
    45: 7
    46: 5
    47: 4
    48: 10
    49: 1
    50: 1
    51: 0
    52: 2
    53: 0
    54: 0
    55: 0
    56: 0
    57: 0
    58: 0
    59: 0
    60: 0
    61: 0
    62: 0
    63: 0
    64: 0
    65: 0
    66: 0
    67: 0
    68: 0
    69: 0
    70: 0
    71: 0
    72: 0
    73: 0
    74: 0
    75: 0
    76: 0
    77: 0
    78: 0
    79: 0
    80: 0
    81: 0
    82: 0
    83: 0
    84: 0
    85: 0
    86: 0
    87: 0
    88: 0
    89: 0
    90: 0
    91: 0
    92: 0
    93: 0
    94: 0
    95: 0
    96: 0
    97: 0
    98: 0
    99: 0
 sched: # Scheduler stats
  thCr: 1 # Threads created
  thFn: 1 # Threads finished
  schedEvs: 1 # Schedule events
  waitEvs: 0 # Wait events
  handoffEvs: 0 # Handoff events
  sleepEvs: 0 # Sleep events
  idlePhases: 0 # Phases with no thread active
  idlePeriods: 0 # Periods with no thread active
  occHist: # Occupancy histogram
   0: 0
   1: 10926
  rqSzHist: # Run queue size histogram
   0: 10926
   1: 0
   2: 0
   3: 0
   4: 0
   5: 0
   6: 0
   7: 0
   8: 0
   9: 0
   10: 0
   11: 0
   12: 0
   13: 0
   14: 0
   15: 0
   16: 0
 procCycles: # Per-process unhalted core cycles
  0: 109260085
  1: 0
  2: 0
  3: 0
  4: 0
  5: 0
  6: 0
  7: 0
  8: 0
  9: 0
  10: 0
  11: 0
  12: 0
  13: 0
  14: 0
  15: 0
  16: 0
  17: 0
  18: 0
  19: 0
  20: 0
  21: 0
  22: 0
  23: 0
  24: 0
  25: 0
  26: 0
  27: 0
  28: 0
  29: 0
  30: 0
  31: 0
  32: 0
  33: 0
  34: 0
  35: 0
  36: 0
  37: 0
  38: 0
  39: 0
  40: 0
  41: 0
  42: 0
  43: 0
  44: 0
  45: 0
  46: 0
  47: 0
  48: 0
  49: 0
  50: 0
  51: 0
  52: 0
  53: 0
  54: 0
  55: 0
  56: 0
  57: 0
  58: 0
  59: 0
  60: 0
  61: 0
  62: 0
  63: 0
 procInstrs: # Per-process instructions
  0: 100021522
  1: 0
  2: 0
  3: 0
  4: 0
  5: 0
  6: 0
  7: 0
  8: 0
  9: 0
  10: 0
  11: 0
  12: 0
  13: 0
  14: 0
  15: 0
  16: 0
  17: 0
  18: 0
  19: 0
  20: 0
  21: 0
  22: 0
  23: 0
  24: 0
  25: 0
  26: 0
  27: 0
  28: 0
  29: 0
  30: 0
  31: 0
  32: 0
  33: 0
  34: 0
  35: 0
  36: 0
  37: 0
  38: 0
  39: 0
  40: 0
  41: 0
  42: 0
  43: 0
  44: 0
  45: 0
  46: 0
  47: 0
  48: 0
  49: 0
  50: 0
  51: 0
  52: 0
  53: 0
  54: 0
  55: 0
  56: 0
  57: 0
  58: 0
  59: 0
  60: 0
  61: 0
  62: 0
  63: 0
 heartbeats: # Per-process heartbeats
  0: 0
  1: 0
  2: 0
  3: 0
  4: 0
  5: 0
  6: 0
  7: 0
  8: 0
  9: 0
  10: 0
  11: 0
  12: 0
  13: 0
  14: 0
  15: 0
  16: 0
  17: 0
  18: 0
  19: 0
  20: 0
  21: 0
  22: 0
  23: 0
  24: 0
  25: 0
  26: 0
  27: 0
  28: 0
  29: 0
  30: 0
  31: 0
  32: 0
  33: 0
  34: 0
  35: 0
  36: 0
  37: 0
  38: 0
  39: 0
  40: 0
  41: 0
  42: 0
  43: 0
  44: 0
  45: 0
  46: 0
  47: 0
  48: 0
  49: 0
  50: 0
  51: 0
  52: 0
  53: 0
  54: 0
  55: 0
  56: 0
  57: 0
  58: 0
  59: 0
  60: 0
  61: 0
  62: 0
  63: 0
===
