# zsim stats
===
root: # Stats
 contention: # Contention simulation stats
  domain-0: # Domain stats
   time: 35078099933 # Weave simulation time
 time: # Simulator time breakdown
  init: 54712650811
  bound: 65464031354
  weave: 37070542497
  ff: 11204206
 trigger: 20000 # Reason for this stats dump
 phase: 63511 # Simulated phases
 westmere: # Core stats
  westmere-0: # Core stats
   cycles: 626100565 # Simulated unhalted cycles
   cCycles: 123329497 # Cycles due to contention stalls
   instrs: 215329604 # Simulated instructions
   uops: 272230565 # Retired micro-ops
   bbls: 21788903 # Basic blocks
   approxInstrs: 15797213 # Instrs with approx uop decoding
   mispredBranches: 799021 # Mispredicted branches
   condBranches: 13969846 # conditional branches
  westmere-1: # Core stats
   cycles: 626268332 # Simulated unhalted cycles
   cCycles: 123418696 # Cycles due to contention stalls
   instrs: 215272946 # Simulated instructions
   uops: 272159735 # Retired micro-ops
   bbls: 21786131 # Basic blocks
   approxInstrs: 15796048 # Instrs with approx uop decoding
   mispredBranches: 798694 # Mispredicted branches
   condBranches: 13968118 # conditional branches
  westmere-2: # Core stats
   cycles: 625177603 # Simulated unhalted cycles
   cCycles: 123230362 # Cycles due to contention stalls
   instrs: 215142052 # Simulated instructions
   uops: 271964211 # Retired micro-ops
   bbls: 21782875 # Basic blocks
   approxInstrs: 15771941 # Instrs with approx uop decoding
   mispredBranches: 797008 # Mispredicted branches
   condBranches: 13965307 # conditional branches
  westmere-3: # Core stats
   cycles: 625461732 # Simulated unhalted cycles
   cCycles: 123322538 # Cycles due to contention stalls
   instrs: 215058522 # Simulated instructions
   uops: 271887909 # Retired micro-ops
   bbls: 21771209 # Basic blocks
   approxInstrs: 15772121 # Instrs with approx uop decoding
   mispredBranches: 798531 # Mispredicted branches
   condBranches: 13957097 # conditional branches
  westmere-4: # Core stats
   cycles: 626353960 # Simulated unhalted cycles
   cCycles: 123311311 # Cycles due to contention stalls
   instrs: 215499113 # Simulated instructions
   uops: 272446805 # Retired micro-ops
   bbls: 21804513 # Basic blocks
   approxInstrs: 15815572 # Instrs with approx uop decoding
   mispredBranches: 800211 # Mispredicted branches
   condBranches: 13980519 # conditional branches
  westmere-5: # Core stats
   cycles: 626013587 # Simulated unhalted cycles
   cCycles: 123298523 # Cycles due to contention stalls
   instrs: 215342558 # Simulated instructions
   uops: 272256880 # Retired micro-ops
   bbls: 21786028 # Basic blocks
   approxInstrs: 15803942 # Instrs with approx uop decoding
   mispredBranches: 798629 # Mispredicted branches
   condBranches: 13967619 # conditional branches
  westmere-6: # Core stats
   cycles: 625556012 # Simulated unhalted cycles
   cCycles: 123283122 # Cycles due to contention stalls
   instrs: 215138054 # Simulated instructions
   uops: 271993773 # Retired micro-ops
   bbls: 21773897 # Basic blocks
   approxInstrs: 15782616 # Instrs with approx uop decoding
   mispredBranches: 799226 # Mispredicted branches
   condBranches: 13958362 # conditional branches
  westmere-7: # Core stats
   cycles: 625243937 # Simulated unhalted cycles
   cCycles: 123213391 # Cycles due to contention stalls
   instrs: 215144241 # Simulated instructions
   uops: 271989136 # Retired micro-ops
   bbls: 21779844 # Basic blocks
   approxInstrs: 15777603 # Instrs with approx uop decoding
   mispredBranches: 799902 # Mispredicted branches
   condBranches: 13962196 # conditional branches
 l1i: # Cache stats
  l1i-0: # Filter cache stats
   fhGETS: 30430196 # Filtered GETS hits
   fhGETX: 0 # Filtered GETX hits
   hGETS: 520963 # GETS hits
   hGETX: 0 # GETX hits
   mGETS: 20339 # GETS misses
   mGETXIM: 0 # GETX I->M misses
   mGETXSM: 0 # GETX S->M misses (upgrade misses)
   PUTS: 0 # Clean evictions (from lower level)
   PUTX: 0 # Dirty evictions (from lower level)
   INV: 20045 # Invalidates (from upper level)
   INVX: 0 # Downgrades (from upper level)
   FWD: 0 # Forwards (from upper level)
   latGETnl: 943298 # GET request latency on next level
   latGETnet: 0 # GET request latency on network to next level
  l1i-1: # Filter cache stats
   fhGETS: 30423434 # Filtered GETS hits
   fhGETX: 0 # Filtered GETX hits
   hGETS: 520663 # GETS hits
   hGETX: 0 # GETX hits
   mGETS: 20284 # GETS misses
   mGETXIM: 0 # GETX I->M misses
   mGETXSM: 0 # GETX S->M misses (upgrade misses)
   PUTS: 0 # Clean evictions (from lower level)
   PUTX: 0 # Dirty evictions (from lower level)
   INV: 20131 # Invalidates (from upper level)
   INVX: 0 # Downgrades (from upper level)
   FWD: 0 # Forwards (from upper level)
   latGETnl: 942442 # GET request latency on next level
   latGETnet: 0 # GET request latency on network to next level
  l1i-2: # Filter cache stats
   fhGETS: 30409202 # Filtered GETS hits
   fhGETX: 0 # Filtered GETX hits
   hGETS: 520764 # GETS hits
   hGETX: 0 # GETX hits
   mGETS: 20221 # GETS misses
   mGETXIM: 0 # GETX I->M misses
   mGETXSM: 0 # GETX S->M misses (upgrade misses)
   PUTS: 0 # Clean evictions (from lower level)
   PUTX: 0 # Dirty evictions (from lower level)
   INV: 20075 # Invalidates (from upper level)
   INVX: 0 # Downgrades (from upper level)
   FWD: 0 # Forwards (from upper level)
   latGETnl: 930130 # GET request latency on next level
   latGETnet: 0 # GET request latency on network to next level
  l1i-3: # Filter cache stats
   fhGETS: 30403361 # Filtered GETS hits
   fhGETX: 0 # Filtered GETX hits
   hGETS: 520198 # GETS hits
   hGETX: 0 # GETX hits
   mGETS: 20172 # GETS misses
   mGETXIM: 0 # GETX I->M misses
   mGETXSM: 0 # GETX S->M misses (upgrade misses)
   PUTS: 0 # Clean evictions (from lower level)
   PUTX: 0 # Dirty evictions (from lower level)
   INV: 20004 # Invalidates (from upper level)
   INVX: 0 # Downgrades (from upper level)
   FWD: 0 # Forwards (from upper level)
   latGETnl: 912624 # GET request latency on next level
   latGETnet: 0 # GET request latency on network to next level
  l1i-4: # Filter cache stats
   fhGETS: 30455315 # Filtered GETS hits
   fhGETX: 0 # Filtered GETX hits
   hGETS: 521232 # GETS hits
   hGETX: 0 # GETX hits
   mGETS: 20215 # GETS misses
   mGETXIM: 0 # GETX I->M misses
   mGETXSM: 0 # GETX S->M misses (upgrade misses)
   PUTS: 0 # Clean evictions (from lower level)
   PUTX: 0 # Dirty evictions (from lower level)
   INV: 20067 # Invalidates (from upper level)
   INVX: 0 # Downgrades (from upper level)
   FWD: 0 # Forwards (from upper level)
   latGETnl: 932650 # GET request latency on next level
   latGETnet: 0 # GET request latency on network to next level
  l1i-5: # Filter cache stats
   fhGETS: 30424143 # Filtered GETS hits
   fhGETX: 0 # Filtered GETX hits
   hGETS: 521063 # GETS hits
   hGETX: 0 # GETX hits
   mGETS: 20141 # GETS misses
   mGETXIM: 0 # GETX I->M misses
   mGETXSM: 0 # GETX S->M misses (upgrade misses)
   PUTS: 0 # Clean evictions (from lower level)
   PUTX: 0 # Dirty evictions (from lower level)
   INV: 19983 # Invalidates (from upper level)
   INVX: 0 # Downgrades (from upper level)
   FWD: 0 # Forwards (from upper level)
   latGETnl: 914924 # GET request latency on next level
   latGETnet: 0 # GET request latency on network to next level
  l1i-6: # Filter cache stats
   fhGETS: 30410706 # Filtered GETS hits
   fhGETX: 0 # Filtered GETX hits
   hGETS: 520241 # GETS hits
   hGETX: 0 # GETX hits
   mGETS: 20130 # GETS misses
   mGETXIM: 0 # GETX I->M misses
   mGETXSM: 0 # GETX S->M misses (upgrade misses)
   PUTS: 0 # Clean evictions (from lower level)
   PUTX: 0 # Dirty evictions (from lower level)
   INV: 19957 # Invalidates (from upper level)
   INVX: 0 # Downgrades (from upper level)
   FWD: 0 # Forwards (from upper level)
   latGETnl: 917586 # GET request latency on next level
   latGETnet: 0 # GET request latency on network to next level
  l1i-7: # Filter cache stats
   fhGETS: 30418959 # Filtered GETS hits
   fhGETX: 0 # Filtered GETX hits
   hGETS: 521560 # GETS hits
   hGETX: 0 # GETX hits
   mGETS: 20213 # GETS misses
   mGETXIM: 0 # GETX I->M misses
   mGETXSM: 0 # GETX S->M misses (upgrade misses)
   PUTS: 0 # Clean evictions (from lower level)
   PUTX: 0 # Dirty evictions (from lower level)
   INV: 20059 # Invalidates (from upper level)
   INVX: 0 # Downgrades (from upper level)
   FWD: 0 # Forwards (from upper level)
   latGETnl: 928892 # GET request latency on next level
   latGETnet: 0 # GET request latency on network to next level
 l1d: # Cache stats
  l1d-0: # Filter cache stats
   fhGETS: 46064837 # Filtered GETS hits
   fhGETX: 10743249 # Filtered GETX hits
   hGETS: 5836738 # GETS hits
   hGETX: 3715155 # GETX hits
   mGETS: 4695645 # GETS misses
   mGETXIM: 689 # GETX I->M misses
   mGETXSM: 60023 # GETX S->M misses (upgrade misses)
   PUTS: 0 # Clean evictions (from lower level)
   PUTX: 0 # Dirty evictions (from lower level)
   INV: 15770 # Invalidates (from upper level)
   INVX: 45970 # Downgrades (from upper level)
   FWD: 0 # Forwards (from upper level)
   latGETnl: 418679462 # GET request latency on next level
   latGETnet: 0 # GET request latency on network to next level
  l1d-1: # Filter cache stats
   fhGETS: 46034480 # Filtered GETS hits
   fhGETX: 10736673 # Filtered GETX hits
   hGETS: 5857707 # GETS hits
   hGETX: 3715212 # GETX hits
   mGETS: 4696182 # GETS misses
   mGETXIM: 668 # GETX I->M misses
   mGETXSM: 59872 # GETX S->M misses (upgrade misses)
   PUTS: 0 # Clean evictions (from lower level)
   PUTX: 0 # Dirty evictions (from lower level)
   INV: 15700 # Invalidates (from upper level)
   INVX: 45900 # Downgrades (from upper level)
   FWD: 0 # Forwards (from upper level)
   latGETnl: 418894613 # GET request latency on next level
   latGETnet: 0 # GET request latency on network to next level
  l1d-2: # Filter cache stats
   fhGETS: 46008457 # Filtered GETS hits
   fhGETX: 10744254 # Filtered GETX hits
   hGETS: 5836383 # GETS hits
   hGETX: 3711641 # GETX hits
   mGETS: 4688809 # GETS misses
   mGETXIM: 629 # GETX I->M misses
   mGETXSM: 59812 # GETX S->M misses (upgrade misses)
   PUTS: 0 # Clean evictions (from lower level)
   PUTX: 0 # Dirty evictions (from lower level)
   INV: 15624 # Invalidates (from upper level)
   INVX: 45775 # Downgrades (from upper level)
   FWD: 0 # Forwards (from upper level)
   latGETnl: 418034552 # GET request latency on next level
   latGETnet: 0 # GET request latency on network to next level
  l1d-3: # Filter cache stats
   fhGETS: 46007480 # Filtered GETS hits
   fhGETX: 10738597 # Filtered GETX hits
   hGETS: 5827167 # GETS hits
   hGETX: 3710948 # GETX hits
   mGETS: 4688242 # GETS misses
   mGETXIM: 614 # GETX I->M misses
   mGETXSM: 59415 # GETX S->M misses (upgrade misses)
   PUTS: 0 # Clean evictions (from lower level)
   PUTX: 0 # Dirty evictions (from lower level)
   INV: 15738 # Invalidates (from upper level)
   INVX: 46092 # Downgrades (from upper level)
   FWD: 0 # Forwards (from upper level)
   latGETnl: 418201364 # GET request latency on next level
   latGETnet: 0 # GET request latency on network to next level
  l1d-4: # Filter cache stats
   fhGETS: 46112295 # Filtered GETS hits
   fhGETX: 10741874 # Filtered GETX hits
   hGETS: 5834470 # GETS hits
   hGETX: 3720200 # GETX hits
   mGETS: 4700135 # GETS misses
   mGETXIM: 584 # GETX I->M misses
   mGETXSM: 60085 # GETX S->M misses (upgrade misses)
   PUTS: 0 # Clean evictions (from lower level)
   PUTX: 0 # Dirty evictions (from lower level)
   INV: 15530 # Invalidates (from upper level)
   INVX: 45940 # Downgrades (from upper level)
   FWD: 0 # Forwards (from upper level)
   latGETnl: 418890922 # GET request latency on next level
   latGETnet: 0 # GET request latency on network to next level
  l1d-5: # Filter cache stats
   fhGETS: 46078801 # Filtered GETS hits
   fhGETX: 10737728 # Filtered GETX hits
   hGETS: 5833030 # GETS hits
   hGETX: 3715477 # GETX hits
   mGETS: 4697658 # GETS misses
   mGETXIM: 562 # GETX I->M misses
   mGETXSM: 60765 # GETX S->M misses (upgrade misses)
   PUTS: 0 # Clean evictions (from lower level)
   PUTX: 0 # Dirty evictions (from lower level)
   INV: 15401 # Invalidates (from upper level)
   INVX: 45454 # Downgrades (from upper level)
   FWD: 0 # Forwards (from upper level)
   latGETnl: 418643078 # GET request latency on next level
   latGETnet: 0 # GET request latency on network to next level
  l1d-6: # Filter cache stats
   fhGETS: 46010863 # Filtered GETS hits
   fhGETX: 10737390 # Filtered GETX hits
   hGETS: 5847472 # GETS hits
   hGETX: 3712288 # GETX hits
   mGETS: 4691706 # GETS misses
   mGETXIM: 559 # GETX I->M misses
   mGETXSM: 59950 # GETX S->M misses (upgrade misses)
   PUTS: 0 # Clean evictions (from lower level)
   PUTX: 0 # Dirty evictions (from lower level)
   INV: 15585 # Invalidates (from upper level)
   INVX: 45563 # Downgrades (from upper level)
   FWD: 0 # Forwards (from upper level)
   latGETnl: 418269135 # GET request latency on next level
   latGETnet: 0 # GET request latency on network to next level
  l1d-7: # Filter cache stats
   fhGETS: 46008797 # Filtered GETS hits
   fhGETX: 10741124 # Filtered GETX hits
   hGETS: 5844360 # GETS hits
   hGETX: 3712281 # GETX hits
   mGETS: 4689804 # GETS misses
   mGETXIM: 583 # GETX I->M misses
   mGETXSM: 60359 # GETX S->M misses (upgrade misses)
   PUTS: 0 # Clean evictions (from lower level)
   PUTX: 0 # Dirty evictions (from lower level)
   INV: 15710 # Invalidates (from upper level)
   INVX: 45960 # Downgrades (from upper level)
   FWD: 0 # Forwards (from upper level)
   latGETnl: 418107102 # GET request latency on next level
   latGETnet: 0 # GET request latency on network to next level
 l2: # Cache stats
  l2-0: # Cache stats
   hGETS: 198456 # GETS hits
   hGETX: 54 # GETX hits
   mGETS: 4517528 # GETS misses
   mGETXIM: 635 # GETX I->M misses
   mGETXSM: 60023 # GETX S->M misses (upgrade misses)
   PUTS: 2659153 # Clean evictions (from lower level)
   PUTX: 2020919 # Dirty evictions (from lower level)
   INV: 127026 # Invalidates (from upper level)
   INVX: 336136 # Downgrades (from upper level)
   FWD: 0 # Forwards (from upper level)
   latGETnl: 371855800 # GET request latency on next level
   latGETnet: 0 # GET request latency on network to next level
  l2-1: # Cache stats
   hGETS: 197250 # GETS hits
   hGETX: 52 # GETX hits
   mGETS: 4519216 # GETS misses
   mGETXIM: 618 # GETX I->M misses
   mGETXSM: 59870 # GETX S->M misses (upgrade misses)
   PUTS: 2659764 # Clean evictions (from lower level)
   PUTX: 2020899 # Dirty evictions (from lower level)
   INV: 126146 # Invalidates (from upper level)
   INVX: 335322 # Downgrades (from upper level)
   FWD: 0 # Forwards (from upper level)
   latGETnl: 372066995 # GET request latency on next level
   latGETnet: 0 # GET request latency on network to next level
  l2-2: # Cache stats
   hGETS: 198675 # GETS hits
   hGETX: 53 # GETX hits
   mGETS: 4510355 # GETS misses
   mGETXIM: 576 # GETX I->M misses
   mGETXSM: 59812 # GETX S->M misses (upgrade misses)
   PUTS: 2655398 # Clean evictions (from lower level)
   PUTX: 2017925 # Dirty evictions (from lower level)
   INV: 126759 # Invalidates (from upper level)
   INVX: 336216 # Downgrades (from upper level)
   FWD: 0 # Forwards (from upper level)
   latGETnl: 371269972 # GET request latency on next level
   latGETnet: 0 # GET request latency on network to next level
  l2-3: # Cache stats
   hGETS: 197443 # GETS hits
   hGETX: 45 # GETX hits
   mGETS: 4510971 # GETS misses
   mGETXIM: 574 # GETX I->M misses
   mGETXSM: 59410 # GETX S->M misses (upgrade misses)
   PUTS: 2654814 # Clean evictions (from lower level)
   PUTX: 2017813 # Dirty evictions (from lower level)
   INV: 126672 # Invalidates (from upper level)
   INVX: 335895 # Downgrades (from upper level)
   FWD: 0 # Forwards (from upper level)
   latGETnl: 371429558 # GET request latency on next level
   latGETnet: 0 # GET request latency on network to next level
  l2-4: # Cache stats
   hGETS: 197883 # GETS hits
   hGETX: 48 # GETX hits
   mGETS: 4522467 # GETS misses
   mGETXIM: 539 # GETX I->M misses
   mGETXSM: 60082 # GETX S->M misses (upgrade misses)
   PUTS: 2661342 # Clean evictions (from lower level)
   PUTX: 2023361 # Dirty evictions (from lower level)
   INV: 126087 # Invalidates (from upper level)
   INVX: 335939 # Downgrades (from upper level)
   FWD: 0 # Forwards (from upper level)
   latGETnl: 372013382 # GET request latency on next level
   latGETnet: 0 # GET request latency on network to next level
  l2-5: # Cache stats
   hGETS: 199477 # GETS hits
   hGETX: 48 # GETX hits
   mGETS: 4518322 # GETS misses
   mGETXIM: 520 # GETX I->M misses
   mGETXSM: 60759 # GETX S->M misses (upgrade misses)
   PUTS: 2660344 # Clean evictions (from lower level)
   PUTX: 2021985 # Dirty evictions (from lower level)
   INV: 125655 # Invalidates (from upper level)
   INVX: 334701 # Downgrades (from upper level)
   FWD: 0 # Forwards (from upper level)
   latGETnl: 371766742 # GET request latency on next level
   latGETnet: 0 # GET request latency on network to next level
  l2-6: # Cache stats
   hGETS: 198912 # GETS hits
   hGETX: 53 # GETX hits
   mGETS: 4512924 # GETS misses
   mGETXIM: 507 # GETX I->M misses
   mGETXSM: 59949 # GETX S->M misses (upgrade misses)
   PUTS: 2657000 # Clean evictions (from lower level)
   PUTX: 2019186 # Dirty evictions (from lower level)
   INV: 126601 # Invalidates (from upper level)
   INVX: 334950 # Downgrades (from upper level)
   FWD: 0 # Forwards (from upper level)
   latGETnl: 371463271 # GET request latency on next level
   latGETnet: 0 # GET request latency on network to next level
  l2-7: # Cache stats
   hGETS: 198556 # GETS hits
   hGETX: 53 # GETX hits
   mGETS: 4511461 # GETS misses
   mGETXIM: 533 # GETX I->M misses
   mGETXSM: 60356 # GETX S->M misses (upgrade misses)
   PUTS: 2655623 # Clean evictions (from lower level)
   PUTX: 2018563 # Dirty evictions (from lower level)
   INV: 127048 # Invalidates (from upper level)
   INVX: 337344 # Downgrades (from upper level)
   FWD: 0 # Forwards (from upper level)
   latGETnl: 371326404 # GET request latency on next level
   latGETnet: 0 # GET request latency on network to next level
 l3: # Cache stats
  l3-0b0: # Cache stats
   hGETS: 1646177 # GETS hits
   hGETX: 59803 # GETX hits
   mGETS: 2866183 # GETS misses
   mGETXIM: 908 # GETX I->M misses
   mGETXSM: 0 # GETX S->M misses (upgrade misses)
   PUTS: 2486871 # Clean evictions (from lower level)
   PUTX: 1894228 # Dirty evictions (from lower level)
   INV: 0 # Invalidates (from upper level)
   INVX: 0 # Downgrades (from upper level)
   FWD: 0 # Forwards (from upper level)
   latGETnl: 258038190 # GET request latency on next level
   latGETnet: 0 # GET request latency on network to next level
  l3-0b1: # Cache stats
   hGETS: 1663319 # GETS hits
   hGETX: 62074 # GETX hits
   mGETS: 2865834 # GETS misses
   mGETXIM: 510 # GETX I->M misses
   mGETXSM: 0 # GETX S->M misses (upgrade misses)
   PUTS: 2501716 # Clean evictions (from lower level)
   PUTX: 1893288 # Dirty evictions (from lower level)
   INV: 0 # Invalidates (from upper level)
   INVX: 0 # Downgrades (from upper level)
   FWD: 0 # Forwards (from upper level)
   latGETnl: 257970960 # GET request latency on next level
   latGETnet: 0 # GET request latency on network to next level
  l3-0b2: # Cache stats
   hGETS: 1653174 # GETS hits
   hGETX: 59330 # GETX hits
   mGETS: 2862198 # GETS misses
   mGETXIM: 150 # GETX I->M misses
   mGETXSM: 0 # GETX S->M misses (upgrade misses)
   PUTS: 2493200 # Clean evictions (from lower level)
   PUTX: 1893195 # Dirty evictions (from lower level)
   INV: 0 # Invalidates (from upper level)
   INVX: 0 # Downgrades (from upper level)
   FWD: 0 # Forwards (from upper level)
   latGETnl: 257611320 # GET request latency on next level
   latGETnet: 0 # GET request latency on network to next level
  l3-0b3: # Cache stats
   hGETS: 1651172 # GETS hits
   hGETX: 59489 # GETX hits
   mGETS: 2862957 # GETS misses
   mGETXIM: 554 # GETX I->M misses
   mGETXSM: 0 # GETX S->M misses (upgrade misses)
   PUTS: 2495049 # Clean evictions (from lower level)
   PUTX: 1891785 # Dirty evictions (from lower level)
   INV: 0 # Invalidates (from upper level)
   INVX: 0 # Downgrades (from upper level)
   FWD: 0 # Forwards (from upper level)
   latGETnl: 257715990 # GET request latency on next level
   latGETnet: 0 # GET request latency on network to next level
  l3-0b4: # Cache stats
   hGETS: 1646202 # GETS hits
   hGETX: 60323 # GETX hits
   mGETS: 2865779 # GETS misses
   mGETXIM: 1301 # GETX I->M misses
   mGETXSM: 0 # GETX S->M misses (upgrade misses)
   PUTS: 2486052 # Clean evictions (from lower level)
   PUTX: 1898810 # Dirty evictions (from lower level)
   INV: 0 # Invalidates (from upper level)
   INVX: 0 # Downgrades (from upper level)
   FWD: 0 # Forwards (from upper level)
   latGETnl: 258037200 # GET request latency on next level
   latGETnet: 0 # GET request latency on network to next level
  l3-0b5: # Cache stats
   hGETS: 1653307 # GETS hits
   hGETX: 59695 # GETX hits
   mGETS: 2865164 # GETS misses
   mGETXIM: 575 # GETX I->M misses
   mGETXSM: 0 # GETX S->M misses (upgrade misses)
   PUTS: 2495532 # Clean evictions (from lower level)
   PUTX: 1890885 # Dirty evictions (from lower level)
   INV: 0 # Invalidates (from upper level)
   INVX: 0 # Downgrades (from upper level)
   FWD: 0 # Forwards (from upper level)
   latGETnl: 257916510 # GET request latency on next level
   latGETnet: 0 # GET request latency on network to next level
  l3-0b6: # Cache stats
   hGETS: 1645630 # GETS hits
   hGETX: 60058 # GETX hits
   mGETS: 2862554 # GETS misses
   mGETXIM: 198 # GETX I->M misses
   mGETXSM: 0 # GETX S->M misses (upgrade misses)
   PUTS: 2490484 # Clean evictions (from lower level)
   PUTX: 1888119 # Dirty evictions (from lower level)
   INV: 0 # Invalidates (from upper level)
   INVX: 0 # Downgrades (from upper level)
   FWD: 0 # Forwards (from upper level)
   latGETnl: 257647680 # GET request latency on next level
   latGETnet: 0 # GET request latency on network to next level
  l3-0b7: # Cache stats
   hGETS: 1651937 # GETS hits
   hGETX: 59629 # GETX hits
   mGETS: 2861657 # GETS misses
   mGETXIM: 166 # GETX I->M misses
   mGETXSM: 0 # GETX S->M misses (upgrade misses)
   PUTS: 2493529 # Clean evictions (from lower level)
   PUTX: 1890451 # Dirty evictions (from lower level)
   INV: 0 # Invalidates (from upper level)
   INVX: 0 # Downgrades (from upper level)
   FWD: 0 # Forwards (from upper level)
   latGETnl: 257564070 # GET request latency on next level
   latGETnet: 0 # GET request latency on network to next level
 mem: # Memory controller stats
  mem-0: # Memory controller stats
   rd: 5727869 # Read requests
   wr: 3269120 # Write requests
   rdlat: 806504416 # Total latency experienced by read requests
   wrlat: 546023850 # Total latency experienced by write requests
   rdhits: 10831 # Read row hits
   wrhits: 9633 # Write row hits
   mlh: # latency histogram for memory requests
    0: 0
    1: 0
    2: 0
    3: 0
    4: 0
    5: 0
    6: 0
    7: 0
    8: 0
    9: 1
    10: 1
    11: 1734
    12: 2051
    13: 4419469
    14: 529238
    15: 321802
    16: 175269
    17: 34831
    18: 25503
    19: 24248
    20: 23398
    21: 23358
    22: 20695
    23: 22372
    24: 25086
    25: 11894
    26: 2239
    27: 2096
    28: 2389
    29: 2598
    30: 2929
    31: 3159
    32: 3521
    33: 3402
    34: 3449
    35: 3488
    36: 3803
    37: 3592
    38: 3403
    39: 3702
    40: 3430
    41: 3817
    42: 3828
    43: 2994
    44: 2203
    45: 1979
    46: 1664
    47: 1487
    48: 842
    49: 215
    50: 154
    51: 134
    52: 100
    53: 88
    54: 83
    55: 35
    56: 32
    57: 23
    58: 18
    59: 10
    60: 7
    61: 0
    62: 1
    63: 0
    64: 1
    65: 3
    66: 1
    67: 0
    68: 0
    69: 0
    70: 0
    71: 0
    72: 0
    73: 0
    74: 0
    75: 0
    76: 0
    77: 0
    78: 0
    79: 0
    80: 0
    81: 0
    82: 0
    83: 0
    84: 0
    85: 0
    86: 0
    87: 0
    88: 0
    89: 0
    90: 0
    91: 0
    92: 0
    93: 0
    94: 0
    95: 0
    96: 0
    97: 0
    98: 0
    99: 0
  mem-1: # Memory controller stats
   rd: 5732728 # Read requests
   wr: 3274006 # Write requests
   rdlat: 807096716 # Total latency experienced by read requests
   wrlat: 546581372 # Total latency experienced by write requests
   rdhits: 10631 # Read row hits
   wrhits: 9947 # Write row hits
   mlh: # latency histogram for memory requests
    0: 0
    1: 0
    2: 0
    3: 0
    4: 0
    5: 0
    6: 0
    7: 0
    8: 0
    9: 0
    10: 0
    11: 1721
    12: 2077
    13: 4425437
    14: 528991
    15: 321836
    16: 175847
    17: 34222
    18: 25507
    19: 23986
    20: 23094
    21: 23559
    22: 20531
    23: 22397
    24: 24822
    25: 11720
    26: 2282
    27: 2108
    28: 2355
    29: 2667
    30: 2858
    31: 3046
    32: 3481
    33: 3319
    34: 3469
    35: 3573
    36: 3888
    37: 3640
    38: 3410
    39: 3512
    40: 3658
    41: 3848
    42: 3681
    43: 2921
    44: 2198
    45: 1971
    46: 1641
    47: 1567
    48: 937
    49: 220
    50: 189
    51: 137
    52: 101
    53: 94
    54: 74
    55: 42
    56: 27
    57: 34
    58: 14
    59: 8
    60: 2
    61: 3
    62: 0
    63: 2
    64: 2
    65: 0
    66: 0
    67: 2
    68: 0
    69: 0
    70: 0
    71: 0
    72: 0
    73: 0
    74: 0
    75: 0
    76: 0
    77: 0
    78: 0
    79: 0
    80: 0
    81: 0
    82: 0
    83: 0
    84: 0
    85: 0
    86: 0
    87: 0
    88: 0
    89: 0
    90: 0
    91: 0
    92: 0
    93: 0
    94: 0
    95: 0
    96: 0
    97: 0
    98: 0
    99: 0
  mem-2: # Memory controller stats
   rd: 5726940 # Read requests
   wr: 3268963 # Write requests
   rdlat: 806502168 # Total latency experienced by read requests
   wrlat: 545907494 # Total latency experienced by write requests
   rdhits: 10739 # Read row hits
   wrhits: 9721 # Write row hits
   mlh: # latency histogram for memory requests
    0: 0
    1: 0
    2: 0
    3: 0
    4: 0
    5: 0
    6: 0
    7: 0
    8: 0
    9: 1
    10: 0
    11: 1713
    12: 2056
    13: 4416485
    14: 529343
    15: 322756
    16: 175639
    17: 34620
    18: 25609
    19: 24446
    20: 23300
    21: 23483
    22: 20808
    23: 22536
    24: 25168
    25: 11820
    26: 2307
    27: 2106
    28: 2390
    29: 2525
    30: 2821
    31: 3233
    32: 3497
    33: 3388
    34: 3538
    35: 3580
    36: 3862
    37: 3786
    38: 3549
    39: 3610
    40: 3590
    41: 3801
    42: 3628
    43: 2956
    44: 2189
    45: 1896
    46: 1630
    47: 1514
    48: 871
    49: 215
    50: 163
    51: 121
    52: 106
    53: 89
    54: 68
    55: 49
    56: 30
    57: 18
    58: 9
    59: 7
    60: 4
    61: 6
    62: 1
    63: 0
    64: 3
    65: 1
    66: 0
    67: 0
    68: 0
    69: 0
    70: 0
    71: 0
    72: 0
    73: 0
    74: 0
    75: 0
    76: 0
    77: 0
    78: 0
    79: 0
    80: 0
    81: 0
    82: 0
    83: 0
    84: 0
    85: 0
    86: 0
    87: 0
    88: 0
    89: 0
    90: 0
    91: 0
    92: 0
    93: 0
    94: 0
    95: 0
    96: 0
    97: 0
    98: 0
    99: 0
  mem-3: # Memory controller stats
   rd: 5729133 # Read requests
   wr: 3271211 # Write requests
   rdlat: 806885527 # Total latency experienced by read requests
   wrlat: 546426792 # Total latency experienced by write requests
   rdhits: 10889 # Read row hits
   wrhits: 9816 # Write row hits
   mlh: # latency histogram for memory requests
    0: 0
    1: 0
    2: 0
    3: 0
    4: 0
    5: 0
    6: 0
    7: 0
    8: 0
    9: 2
    10: 1
    11: 1782
    12: 2106
    13: 4419277
    14: 529066
    15: 321956
    16: 175844
    17: 34789
    18: 25147
    19: 24283
    20: 23294
    21: 23250
    22: 20935
    23: 22753
    24: 25009
    25: 11974
    26: 2349
    27: 2083
    28: 2413
    29: 2619
    30: 2941
    31: 3219
    32: 3449
    33: 3364
    34: 3578
    35: 3585
    36: 3908
    37: 3655
    38: 3652
    39: 3672
    40: 3586
    41: 3870
    42: 3623
    43: 2986
    44: 2221
    45: 1951
    46: 1640
    47: 1514
    48: 887
    49: 246
    50: 160
    51: 112
    52: 98
    53: 90
    54: 65
    55: 48
    56: 25
    57: 17
    58: 14
    59: 13
    60: 8
    61: 1
    62: 0
    63: 1
    64: 0
    65: 1
    66: 0
    67: 0
    68: 0
    69: 1
    70: 0
    71: 0
    72: 0
    73: 0
    74: 0
    75: 0
    76: 0
    77: 0
    78: 0
    79: 0
    80: 0
    81: 0
    82: 0
    83: 0
    84: 0
    85: 0
    86: 0
    87: 0
    88: 0
    89: 0
    90: 0
    91: 0
    92: 0
    93: 0
    94: 0
    95: 0
    96: 0
    97: 0
    98: 0
    99: 0
 sched: # Scheduler stats
  thCr: 9 # Threads created
  thFn: 9 # Threads finished
  schedEvs: 17 # Schedule events
  waitEvs: 0 # Wait events
  handoffEvs: 0 # Handoff events
  sleepEvs: 0 # Sleep events
  idlePhases: 0 # Phases with no thread active
  idlePeriods: 0 # Periods with no thread active
  occHist: # Occupancy histogram
   0: 0
   1: 4
   2: 0
   3: 0
   4: 0
   5: 0
   6: 0
   7: 1
   8: 63506
  rqSzHist: # Run queue size histogram
   0: 63511
   1: 0
   2: 0
   3: 0
   4: 0
   5: 0
   6: 0
   7: 0
   8: 0
   9: 0
   10: 0
   11: 0
   12: 0
   13: 0
   14: 0
   15: 0
   16: 0
 procCycles: # Per-process unhalted core cycles
  0: 5006167768
  1: 0
  2: 0
  3: 0
  4: 0
  5: 0
  6: 0
  7: 0
  8: 0
  9: 0
  10: 0
  11: 0
  12: 0
  13: 0
  14: 0
  15: 0
  16: 0
  17: 0
  18: 0
  19: 0
  20: 0
  21: 0
  22: 0
  23: 0
  24: 0
  25: 0
  26: 0
  27: 0
  28: 0
  29: 0
  30: 0
  31: 0
  32: 0
  33: 0
  34: 0
  35: 0
  36: 0
  37: 0
  38: 0
  39: 0
  40: 0
  41: 0
  42: 0
  43: 0
  44: 0
  45: 0
  46: 0
  47: 0
  48: 0
  49: 0
  50: 0
  51: 0
  52: 0
  53: 0
  54: 0
  55: 0
  56: 0
  57: 0
  58: 0
  59: 0
  60: 0
  61: 0
  62: 0
  63: 0
 procInstrs: # Per-process instructions
  0: 1721927090
  1: 0
  2: 0
  3: 0
  4: 0
  5: 0
  6: 0
  7: 0
  8: 0
  9: 0
  10: 0
  11: 0
  12: 0
  13: 0
  14: 0
  15: 0
  16: 0
  17: 0
  18: 0
  19: 0
  20: 0
  21: 0
  22: 0
  23: 0
  24: 0
  25: 0
  26: 0
  27: 0
  28: 0
  29: 0
  30: 0
  31: 0
  32: 0
  33: 0
  34: 0
  35: 0
  36: 0
  37: 0
  38: 0
  39: 0
  40: 0
  41: 0
  42: 0
  43: 0
  44: 0
  45: 0
  46: 0
  47: 0
  48: 0
  49: 0
  50: 0
  51: 0
  52: 0
  53: 0
  54: 0
  55: 0
  56: 0
  57: 0
  58: 0
  59: 0
  60: 0
  61: 0
  62: 0
  63: 0
 heartbeats: # Per-process heartbeats
  0: 0
  1: 0
  2: 0
  3: 0
  4: 0
  5: 0
  6: 0
  7: 0
  8: 0
  9: 0
  10: 0
  11: 0
  12: 0
  13: 0
  14: 0
  15: 0
  16: 0
  17: 0
  18: 0
  19: 0
  20: 0
  21: 0
  22: 0
  23: 0
  24: 0
  25: 0
  26: 0
  27: 0
  28: 0
  29: 0
  30: 0
  31: 0
  32: 0
  33: 0
  34: 0
  35: 0
  36: 0
  37: 0
  38: 0
  39: 0
  40: 0
  41: 0
  42: 0
  43: 0
  44: 0
  45: 0
  46: 0
  47: 0
  48: 0
  49: 0
  50: 0
  51: 0
  52: 0
  53: 0
  54: 0
  55: 0
  56: 0
  57: 0
  58: 0
  59: 0
  60: 0
  61: 0
  62: 0
  63: 0
===
