# zsim stats
===
root: # Stats
 contention: # Contention simulation stats
  domain-0: # Domain stats
   time: 281824101 # Weave simulation time
 time: # Simulator time breakdown
  init: 2993860197527
  bound: 9912884702
  weave: 347628187
  ff: 0
 trigger: 20000 # Reason for this stats dump
 phase: 6487 # Simulated phases
 westmere: # Core stats
  westmere-0: # Core stats
   cycles: 64870687 # Simulated unhalted cycles
   cCycles: 5954065 # Cycles due to contention stalls
   instrs: 100000411 # Simulated instructions
   uops: 142669195 # Retired micro-ops
   bbls: 4785380 # Basic blocks
   approxInstrs: 432 # Instrs with approx uop decoding
   mispredBranches: 23096 # Mispredicted branches
   condBranches: 4718070 # conditional branches
 l1i: # Cache stats
  l1i-0: # Filter cache stats
   fhGETS: 9439396 # Filtered GETS hits
   fhGETX: 0 # Filtered GETX hits
   hGETS: 19840 # GETS hits
   hGETX: 0 # GETX hits
   mGETS: 2662 # GETS misses
   mGETXIM: 0 # GETX I->M misses
   mGETXSM: 0 # GETX S->M misses (upgrade misses)
   PUTS: 0 # Clean evictions (from lower level)
   PUTX: 0 # Dirty evictions (from lower level)
   INV: 1072 # Invalidates (from upper level)
   INVX: 0 # Downgrades (from upper level)
   FWD: 0 # Forwards (from upper level)
   latGETnl: 217966 # GET request latency on next level
   latGETnet: 0 # GET request latency on network to next level
 l1d: # Cache stats
  l1d-0: # Filter cache stats
   fhGETS: 27521354 # Filtered GETS hits
   fhGETX: 9098211 # Filtered GETX hits
   hGETS: 15308773 # GETS hits
   hGETX: 5955340 # GETX hits
   mGETS: 243216 # GETS misses
   mGETXIM: 291853 # GETX I->M misses
   mGETXSM: 0 # GETX S->M misses (upgrade misses)
   PUTS: 0 # Clean evictions (from lower level)
   PUTX: 0 # Dirty evictions (from lower level)
   INV: 1523 # Invalidates (from upper level)
   INVX: 0 # Downgrades (from upper level)
   FWD: 0 # Forwards (from upper level)
   latGETnl: 26902240 # GET request latency on next level
   latGETnet: 0 # GET request latency on network to next level
 l2: # Cache stats
  l2-0: # Cache stats
   hGETS: 212738 # GETS hits
   hGETX: 1429 # GETX hits
   mGETS: 33140 # GETS misses
   mGETXIM: 290424 # GETX I->M misses
   mGETXSM: 0 # GETX S->M misses (upgrade misses)
   PUTS: 241703 # Clean evictions (from lower level)
   PUTX: 292590 # Dirty evictions (from lower level)
   INV: 5328 # Invalidates (from upper level)
   INVX: 0 # Downgrades (from upper level)
   FWD: 0 # Forwards (from upper level)
   latGETnl: 21742896 # GET request latency on next level
   latGETnet: 0 # GET request latency on network to next level
 l3: # Cache stats
  l3-0: # Cache stats
   hGETS: 22899 # GETS hits
   hGETX: 145361 # GETX hits
   mGETS: 10241 # GETS misses
   mGETXIM: 145063 # GETX I->M misses
   mGETXSM: 0 # GETX S->M misses (upgrade misses)
   PUTS: 25779 # Clean evictions (from lower level)
   PUTX: 288370 # Dirty evictions (from lower level)
   INV: 0 # Invalidates (from upper level)
   INVX: 0 # Downgrades (from upper level)
   FWD: 0 # Forwards (from upper level)
   latGETnl: 13977360 # GET request latency on next level
   latGETnet: 0 # GET request latency on network to next level
 mem: # Memory controller stats
  mem-0: # Memory controller stats
   rd: 38746 # Read requests
   wr: 28645 # Write requests
   rdlat: 5938046 # Total latency experienced by read requests
   wrlat: 4286769 # Total latency experienced by write requests
   rdhits: 5 # Read row hits
   wrhits: 47 # Write row hits
   mlh: # latency histogram for memory requests
    0: 0
    1: 0
    2: 0
    3: 0
    4: 0
    5: 0
    6: 0
    7: 0
    8: 0
    9: 0
    10: 0
    11: 0
    12: 1
    13: 29222
    14: 2500
    15: 57
    16: 28
    17: 17
    18: 18
    19: 18
    20: 19
    21: 17
    22: 42
    23: 6157
    24: 37
    25: 82
    26: 23
    27: 37
    28: 17
    29: 14
    30: 18
    31: 25
    32: 24
    33: 19
    34: 21
    35: 26
    36: 24
    37: 31
    38: 20
    39: 18
    40: 25
    41: 22
    42: 34
    43: 15
    44: 3
    45: 5
    46: 5
    47: 53
    48: 15
    49: 10
    50: 8
    51: 5
    52: 8
    53: 6
    54: 0
    55: 0
    56: 0
    57: 0
    58: 0
    59: 0
    60: 0
    61: 0
    62: 0
    63: 0
    64: 0
    65: 0
    66: 0
    67: 0
    68: 0
    69: 0
    70: 0
    71: 0
    72: 0
    73: 0
    74: 0
    75: 0
    76: 0
    77: 0
    78: 0
    79: 0
    80: 0
    81: 0
    82: 0
    83: 0
    84: 0
    85: 0
    86: 0
    87: 0
    88: 0
    89: 0
    90: 0
    91: 0
    92: 0
    93: 0
    94: 0
    95: 0
    96: 0
    97: 0
    98: 0
    99: 0
  mem-1: # Memory controller stats
   rd: 38774 # Read requests
   wr: 28652 # Write requests
   rdlat: 5915544 # Total latency experienced by read requests
   wrlat: 4281524 # Total latency experienced by write requests
   rdhits: 4 # Read row hits
   wrhits: 45 # Write row hits
   mlh: # latency histogram for memory requests
    0: 0
    1: 0
    2: 0
    3: 0
    4: 0
    5: 0
    6: 0
    7: 0
    8: 0
    9: 0
    10: 0
    11: 1
    12: 0
    13: 29385
    14: 2498
    15: 53
    16: 15
    17: 8
    18: 18
    19: 13
    20: 18
    21: 18
    22: 39
    23: 6143
    24: 31
    25: 88
    26: 27
    27: 20
    28: 22
    29: 21
    30: 18
    31: 16
    32: 12
    33: 18
    34: 19
    35: 25
    36: 25
    37: 20
    38: 25
    39: 26
    40: 22
    41: 16
    42: 17
    43: 6
    44: 5
    45: 4
    46: 7
    47: 35
    48: 6
    49: 9
    50: 7
    51: 8
    52: 8
    53: 2
    54: 0
    55: 0
    56: 0
    57: 0
    58: 0
    59: 0
    60: 0
    61: 0
    62: 0
    63: 0
    64: 0
    65: 0
    66: 0
    67: 0
    68: 0
    69: 0
    70: 0
    71: 0
    72: 0
    73: 0
    74: 0
    75: 0
    76: 0
    77: 0
    78: 0
    79: 0
    80: 0
    81: 0
    82: 0
    83: 0
    84: 0
    85: 0
    86: 0
    87: 0
    88: 0
    89: 0
    90: 0
    91: 0
    92: 0
    93: 0
    94: 0
    95: 0
    96: 0
    97: 0
    98: 0
    99: 0
  mem-2: # Memory controller stats
   rd: 38894 # Read requests
   wr: 28746 # Write requests
   rdlat: 5947226 # Total latency experienced by read requests
   wrlat: 4292434 # Total latency experienced by write requests
   rdhits: 6 # Read row hits
   wrhits: 43 # Write row hits
   mlh: # latency histogram for memory requests
    0: 0
    1: 0
    2: 0
    3: 0
    4: 0
    5: 0
    6: 0
    7: 0
    8: 0
    9: 0
    10: 0
    11: 1
    12: 1
    13: 29375
    14: 2499
    15: 55
    16: 21
    17: 12
    18: 22
    19: 16
    20: 24
    21: 22
    22: 48
    23: 6183
    24: 36
    25: 93
    26: 25
    27: 33
    28: 23
    29: 19
    30: 27
    31: 25
    32: 20
    33: 18
    34: 13
    35: 21
    36: 21
    37: 23
    38: 27
    39: 19
    40: 19
    41: 20
    42: 24
    43: 13
    44: 2
    45: 3
    46: 5
    47: 51
    48: 11
    49: 4
    50: 3
    51: 5
    52: 8
    53: 4
    54: 0
    55: 0
    56: 0
    57: 0
    58: 0
    59: 0
    60: 0
    61: 0
    62: 0
    63: 0
    64: 0
    65: 0
    66: 0
    67: 0
    68: 0
    69: 0
    70: 0
    71: 0
    72: 0
    73: 0
    74: 0
    75: 0
    76: 0
    77: 0
    78: 0
    79: 0
    80: 0
    81: 0
    82: 0
    83: 0
    84: 0
    85: 0
    86: 0
    87: 0
    88: 0
    89: 0
    90: 0
    91: 0
    92: 0
    93: 0
    94: 0
    95: 0
    96: 0
    97: 0
    98: 0
    99: 0
  mem-3: # Memory controller stats
   rd: 38888 # Read requests
   wr: 28806 # Write requests
   rdlat: 5933578 # Total latency experienced by read requests
   wrlat: 4292418 # Total latency experienced by write requests
   rdhits: 6 # Read row hits
   wrhits: 44 # Write row hits
   mlh: # latency histogram for memory requests
    0: 0
    1: 0
    2: 0
    3: 0
    4: 0
    5: 0
    6: 0
    7: 0
    8: 0
    9: 0
    10: 0
    11: 0
    12: 1
    13: 29432
    14: 2470
    15: 59
    16: 36
    17: 15
    18: 18
    19: 26
    20: 16
    21: 18
    22: 39
    23: 6202
    24: 38
    25: 75
    26: 26
    27: 12
    28: 26
    29: 32
    30: 27
    31: 24
    32: 21
    33: 16
    34: 18
    35: 15
    36: 25
    37: 15
    38: 25
    39: 19
    40: 17
    41: 28
    42: 24
    43: 4
    44: 6
    45: 0
    46: 3
    47: 26
    48: 8
    49: 9
    50: 2
    51: 7
    52: 6
    53: 2
    54: 0
    55: 0
    56: 0
    57: 0
    58: 0
    59: 0
    60: 0
    61: 0
    62: 0
    63: 0
    64: 0
    65: 0
    66: 0
    67: 0
    68: 0
    69: 0
    70: 0
    71: 0
    72: 0
    73: 0
    74: 0
    75: 0
    76: 0
    77: 0
    78: 0
    79: 0
    80: 0
    81: 0
    82: 0
    83: 0
    84: 0
    85: 0
    86: 0
    87: 0
    88: 0
    89: 0
    90: 0
    91: 0
    92: 0
    93: 0
    94: 0
    95: 0
    96: 0
    97: 0
    98: 0
    99: 0
 sched: # Scheduler stats
  thCr: 1 # Threads created
  thFn: 1 # Threads finished
  schedEvs: 1 # Schedule events
  waitEvs: 0 # Wait events
  handoffEvs: 0 # Handoff events
  sleepEvs: 0 # Sleep events
  idlePhases: 0 # Phases with no thread active
  idlePeriods: 0 # Periods with no thread active
  occHist: # Occupancy histogram
   0: 0
   1: 6487
  rqSzHist: # Run queue size histogram
   0: 6487
   1: 0
   2: 0
   3: 0
   4: 0
   5: 0
   6: 0
   7: 0
   8: 0
   9: 0
   10: 0
   11: 0
   12: 0
   13: 0
   14: 0
   15: 0
   16: 0
 procCycles: # Per-process unhalted core cycles
  0: 64870687
  1: 0
  2: 0
  3: 0
  4: 0
  5: 0
  6: 0
  7: 0
  8: 0
  9: 0
  10: 0
  11: 0
  12: 0
  13: 0
  14: 0
  15: 0
  16: 0
  17: 0
  18: 0
  19: 0
  20: 0
  21: 0
  22: 0
  23: 0
  24: 0
  25: 0
  26: 0
  27: 0
  28: 0
  29: 0
  30: 0
  31: 0
  32: 0
  33: 0
  34: 0
  35: 0
  36: 0
  37: 0
  38: 0
  39: 0
  40: 0
  41: 0
  42: 0
  43: 0
  44: 0
  45: 0
  46: 0
  47: 0
  48: 0
  49: 0
  50: 0
  51: 0
  52: 0
  53: 0
  54: 0
  55: 0
  56: 0
  57: 0
  58: 0
  59: 0
  60: 0
  61: 0
  62: 0
  63: 0
 procInstrs: # Per-process instructions
  0: 100000411
  1: 0
  2: 0
  3: 0
  4: 0
  5: 0
  6: 0
  7: 0
  8: 0
  9: 0
  10: 0
  11: 0
  12: 0
  13: 0
  14: 0
  15: 0
  16: 0
  17: 0
  18: 0
  19: 0
  20: 0
  21: 0
  22: 0
  23: 0
  24: 0
  25: 0
  26: 0
  27: 0
  28: 0
  29: 0
  30: 0
  31: 0
  32: 0
  33: 0
  34: 0
  35: 0
  36: 0
  37: 0
  38: 0
  39: 0
  40: 0
  41: 0
  42: 0
  43: 0
  44: 0
  45: 0
  46: 0
  47: 0
  48: 0
  49: 0
  50: 0
  51: 0
  52: 0
  53: 0
  54: 0
  55: 0
  56: 0
  57: 0
  58: 0
  59: 0
  60: 0
  61: 0
  62: 0
  63: 0
 heartbeats: # Per-process heartbeats
  0: 0
  1: 0
  2: 0
  3: 0
  4: 0
  5: 0
  6: 0
  7: 0
  8: 0
  9: 0
  10: 0
  11: 0
  12: 0
  13: 0
  14: 0
  15: 0
  16: 0
  17: 0
  18: 0
  19: 0
  20: 0
  21: 0
  22: 0
  23: 0
  24: 0
  25: 0
  26: 0
  27: 0
  28: 0
  29: 0
  30: 0
  31: 0
  32: 0
  33: 0
  34: 0
  35: 0
  36: 0
  37: 0
  38: 0
  39: 0
  40: 0
  41: 0
  42: 0
  43: 0
  44: 0
  45: 0
  46: 0
  47: 0
  48: 0
  49: 0
  50: 0
  51: 0
  52: 0
  53: 0
  54: 0
  55: 0
  56: 0
  57: 0
  58: 0
  59: 0
  60: 0
  61: 0
  62: 0
  63: 0
===
