# zsim stats
===
root: # Stats
 contention: # Contention simulation stats
  domain-0: # Domain stats
   time: 9904488384 # Weave simulation time
 time: # Simulator time breakdown
  init: 373890162606
  bound: 29918087882
  weave: 10631951920
  ff: 0
 trigger: 20000 # Reason for this stats dump
 phase: 65340 # Simulated phases
 westmere: # Core stats
  westmere-0: # Core stats
   cycles: 653402906 # Simulated unhalted cycles
   cCycles: 149027579 # Cycles due to contention stalls
   instrs: 100000902 # Simulated instructions
   uops: 101912933 # Retired micro-ops
   bbls: 27652763 # Basic blocks
   approxInstrs: 22402 # Instrs with approx uop decoding
   mispredBranches: 1591226 # Mispredicted branches
   condBranches: 25801043 # conditional branches
 l1i: # Cache stats
  l1i-0: # Filter cache stats
   fhGETS: 35450563 # Filtered GETS hits
   fhGETX: 0 # Filtered GETX hits
   hGETS: 0 # GETS hits
   hGETX: 0 # GETX hits
   mGETS: 5854 # GETS misses
   mGETXIM: 0 # GETX I->M misses
   mGETXSM: 0 # GETX S->M misses (upgrade misses)
   PUTS: 0 # Clean evictions (from lower level)
   PUTX: 0 # Dirty evictions (from lower level)
   INV: 5840 # Invalidates (from upper level)
   INVX: 0 # Downgrades (from upper level)
   FWD: 0 # Forwards (from upper level)
   latGETnl: 725896 # GET request latency on next level
   latGETnet: 0 # GET request latency on network to next level
 l1d: # Cache stats
  l1d-0: # Filter cache stats
   fhGETS: 22278587 # Filtered GETS hits
   fhGETX: 2293280 # Filtered GETX hits
   hGETS: 1835001 # GETS hits
   hGETX: 3238256 # GETX hits
   mGETS: 12463267 # GETS misses
   mGETXIM: 259636 # GETX I->M misses
   mGETXSM: 0 # GETX S->M misses (upgrade misses)
   PUTS: 0 # Clean evictions (from lower level)
   PUTX: 0 # Dirty evictions (from lower level)
   INV: 6026 # Invalidates (from upper level)
   INVX: 0 # Downgrades (from upper level)
   FWD: 0 # Forwards (from upper level)
   latGETnl: 1105273334 # GET request latency on next level
   latGETnet: 0 # GET request latency on network to next level
 l2: # Cache stats
  l2-0: # Cache stats
   hGETS: 2413224 # GETS hits
   hGETX: 85683 # GETX hits
   mGETS: 10055897 # GETS misses
   mGETXIM: 173953 # GETX I->M misses
   mGETXSM: 0 # GETX S->M misses (upgrade misses)
   PUTS: 9457093 # Clean evictions (from lower level)
   PUTX: 3259272 # Dirty evictions (from lower level)
   INV: 32587 # Invalidates (from upper level)
   INVX: 0 # Downgrades (from upper level)
   FWD: 0 # Forwards (from upper level)
   latGETnl: 978711660 # GET request latency on next level
   latGETnet: 0 # GET request latency on network to next level
 l3: # Cache stats
  l3-0: # Cache stats
   hGETS: 2032232 # GETS hits
   hGETX: 51004 # GETX hits
   mGETS: 8023665 # GETS misses
   mGETXIM: 122949 # GETX I->M misses
   mGETXSM: 0 # GETX S->M misses (upgrade misses)
   PUTS: 7425555 # Clean evictions (from lower level)
   PUTX: 2767612 # Dirty evictions (from lower level)
   INV: 0 # Invalidates (from upper level)
   INVX: 0 # Downgrades (from upper level)
   FWD: 0 # Forwards (from upper level)
   latGETnl: 733195260 # GET request latency on next level
   latGETnet: 0 # GET request latency on network to next level
 mem: # Memory controller stats
  mem-0: # Memory controller stats
   rd: 2033849 # Read requests
   wr: 656287 # Write requests
   rdlat: 276866640 # Total latency experienced by read requests
   wrlat: 95681026 # Total latency experienced by write requests
   rdhits: 2451 # Read row hits
   wrhits: 2266 # Write row hits
   mlh: # latency histogram for memory requests
    0: 0
    1: 0
    2: 0
    3: 0
    4: 0
    5: 0
    6: 0
    7: 0
    8: 0
    9: 0
    10: 0
    11: 303
    12: 482
    13: 1793910
    14: 140782
    15: 49421
    16: 13966
    17: 2819
    18: 1067
    19: 1060
    20: 1184
    21: 1395
    22: 1014
    23: 1545
    24: 3190
    25: 1885
    26: 564
    27: 604
    28: 680
    29: 753
    30: 1016
    31: 1367
    32: 1191
    33: 1138
    34: 1303
    35: 1396
    36: 1307
    37: 1203
    38: 1144
    39: 1195
    40: 1145
    41: 1097
    42: 1137
    43: 536
    44: 253
    45: 176
    46: 149
    47: 226
    48: 150
    49: 45
    50: 16
    51: 14
    52: 11
    53: 5
    54: 1
    55: 2
    56: 0
    57: 1
    58: 0
    59: 1
    60: 0
    61: 0
    62: 0
    63: 0
    64: 0
    65: 0
    66: 0
    67: 0
    68: 0
    69: 0
    70: 0
    71: 0
    72: 0
    73: 0
    74: 0
    75: 0
    76: 0
    77: 0
    78: 0
    79: 0
    80: 0
    81: 0
    82: 0
    83: 0
    84: 0
    85: 0
    86: 0
    87: 0
    88: 0
    89: 0
    90: 0
    91: 0
    92: 0
    93: 0
    94: 0
    95: 0
    96: 0
    97: 0
    98: 0
    99: 0
  mem-1: # Memory controller stats
   rd: 2032460 # Read requests
   wr: 656061 # Write requests
   rdlat: 276673645 # Total latency experienced by read requests
   wrlat: 95790278 # Total latency experienced by write requests
   rdhits: 2338 # Read row hits
   wrhits: 2248 # Write row hits
   mlh: # latency histogram for memory requests
    0: 0
    1: 0
    2: 0
    3: 0
    4: 0
    5: 0
    6: 0
    7: 0
    8: 0
    9: 0
    10: 0
    11: 303
    12: 501
    13: 1793073
    14: 140076
    15: 49450
    16: 14199
    17: 2769
    18: 1047
    19: 961
    20: 1317
    21: 1357
    22: 1088
    23: 1388
    24: 3012
    25: 2017
    26: 531
    27: 592
    28: 704
    29: 748
    30: 1102
    31: 1389
    32: 1190
    33: 1199
    34: 1326
    35: 1433
    36: 1335
    37: 1189
    38: 1207
    39: 1162
    40: 1105
    41: 1068
    42: 1101
    43: 519
    44: 221
    45: 194
    46: 113
    47: 255
    48: 140
    49: 40
    50: 11
    51: 13
    52: 8
    53: 5
    54: 1
    55: 0
    56: 1
    57: 0
    58: 0
    59: 0
    60: 0
    61: 0
    62: 0
    63: 0
    64: 0
    65: 0
    66: 0
    67: 0
    68: 0
    69: 0
    70: 0
    71: 0
    72: 0
    73: 0
    74: 0
    75: 0
    76: 0
    77: 0
    78: 0
    79: 0
    80: 0
    81: 0
    82: 0
    83: 0
    84: 0
    85: 0
    86: 0
    87: 0
    88: 0
    89: 0
    90: 0
    91: 0
    92: 0
    93: 0
    94: 0
    95: 0
    96: 0
    97: 0
    98: 0
    99: 0
  mem-2: # Memory controller stats
   rd: 2051202 # Read requests
   wr: 655567 # Write requests
   rdlat: 279355380 # Total latency experienced by read requests
   wrlat: 95757607 # Total latency experienced by write requests
   rdhits: 2528 # Read row hits
   wrhits: 2250 # Write row hits
   mlh: # latency histogram for memory requests
    0: 0
    1: 0
    2: 0
    3: 0
    4: 0
    5: 0
    6: 0
    7: 0
    8: 0
    9: 0
    10: 0
    11: 319
    12: 670
    13: 1803470
    14: 148233
    15: 49929
    16: 13052
    17: 2420
    18: 1039
    19: 1069
    20: 1178
    21: 1302
    22: 1044
    23: 1584
    24: 3711
    25: 2102
    26: 507
    27: 608
    28: 637
    29: 717
    30: 1084
    31: 1453
    32: 1096
    33: 1183
    34: 1279
    35: 1434
    36: 1432
    37: 1184
    38: 1146
    39: 1207
    40: 1191
    41: 1182
    42: 1085
    43: 573
    44: 255
    45: 181
    46: 148
    47: 249
    48: 153
    49: 48
    50: 20
    51: 9
    52: 5
    53: 7
    54: 4
    55: 0
    56: 0
    57: 2
    58: 0
    59: 1
    60: 0
    61: 0
    62: 0
    63: 0
    64: 0
    65: 0
    66: 0
    67: 0
    68: 0
    69: 0
    70: 0
    71: 0
    72: 0
    73: 0
    74: 0
    75: 0
    76: 0
    77: 0
    78: 0
    79: 0
    80: 0
    81: 0
    82: 0
    83: 0
    84: 0
    85: 0
    86: 0
    87: 0
    88: 0
    89: 0
    90: 0
    91: 0
    92: 0
    93: 0
    94: 0
    95: 0
    96: 0
    97: 0
    98: 0
    99: 0
  mem-3: # Memory controller stats
   rd: 2029042 # Read requests
   wr: 655629 # Write requests
   rdlat: 276343352 # Total latency experienced by read requests
   wrlat: 95650250 # Total latency experienced by write requests
   rdhits: 2572 # Read row hits
   wrhits: 2315 # Write row hits
   mlh: # latency histogram for memory requests
    0: 0
    1: 0
    2: 0
    3: 0
    4: 0
    5: 0
    6: 0
    7: 0
    8: 0
    9: 0
    10: 0
    11: 420
    12: 477
    13: 1788972
    14: 139810
    15: 49279
    16: 14749
    17: 2502
    18: 1036
    19: 1028
    20: 1291
    21: 1485
    22: 1027
    23: 1336
    24: 3585
    25: 1893
    26: 519
    27: 574
    28: 688
    29: 773
    30: 1050
    31: 1464
    32: 1183
    33: 1165
    34: 1319
    35: 1450
    36: 1344
    37: 1201
    38: 1183
    39: 1202
    40: 1183
    41: 1133
    42: 1123
    43: 548
    44: 243
    45: 193
    46: 134
    47: 251
    48: 151
    49: 41
    50: 14
    51: 7
    52: 5
    53: 4
    54: 6
    55: 0
    56: 0
    57: 1
    58: 0
    59: 0
    60: 0
    61: 0
    62: 0
    63: 0
    64: 0
    65: 0
    66: 0
    67: 0
    68: 0
    69: 0
    70: 0
    71: 0
    72: 0
    73: 0
    74: 0
    75: 0
    76: 0
    77: 0
    78: 0
    79: 0
    80: 0
    81: 0
    82: 0
    83: 0
    84: 0
    85: 0
    86: 0
    87: 0
    88: 0
    89: 0
    90: 0
    91: 0
    92: 0
    93: 0
    94: 0
    95: 0
    96: 0
    97: 0
    98: 0
    99: 0
 sched: # Scheduler stats
  thCr: 1 # Threads created
  thFn: 1 # Threads finished
  schedEvs: 1 # Schedule events
  waitEvs: 0 # Wait events
  handoffEvs: 0 # Handoff events
  sleepEvs: 0 # Sleep events
  idlePhases: 0 # Phases with no thread active
  idlePeriods: 0 # Periods with no thread active
  occHist: # Occupancy histogram
   0: 0
   1: 65340
  rqSzHist: # Run queue size histogram
   0: 65340
   1: 0
   2: 0
   3: 0
   4: 0
   5: 0
   6: 0
   7: 0
   8: 0
   9: 0
   10: 0
   11: 0
   12: 0
   13: 0
   14: 0
   15: 0
   16: 0
 procCycles: # Per-process unhalted core cycles
  0: 653402906
  1: 0
  2: 0
  3: 0
  4: 0
  5: 0
  6: 0
  7: 0
  8: 0
  9: 0
  10: 0
  11: 0
  12: 0
  13: 0
  14: 0
  15: 0
  16: 0
  17: 0
  18: 0
  19: 0
  20: 0
  21: 0
  22: 0
  23: 0
  24: 0
  25: 0
  26: 0
  27: 0
  28: 0
  29: 0
  30: 0
  31: 0
  32: 0
  33: 0
  34: 0
  35: 0
  36: 0
  37: 0
  38: 0
  39: 0
  40: 0
  41: 0
  42: 0
  43: 0
  44: 0
  45: 0
  46: 0
  47: 0
  48: 0
  49: 0
  50: 0
  51: 0
  52: 0
  53: 0
  54: 0
  55: 0
  56: 0
  57: 0
  58: 0
  59: 0
  60: 0
  61: 0
  62: 0
  63: 0
 procInstrs: # Per-process instructions
  0: 100000902
  1: 0
  2: 0
  3: 0
  4: 0
  5: 0
  6: 0
  7: 0
  8: 0
  9: 0
  10: 0
  11: 0
  12: 0
  13: 0
  14: 0
  15: 0
  16: 0
  17: 0
  18: 0
  19: 0
  20: 0
  21: 0
  22: 0
  23: 0
  24: 0
  25: 0
  26: 0
  27: 0
  28: 0
  29: 0
  30: 0
  31: 0
  32: 0
  33: 0
  34: 0
  35: 0
  36: 0
  37: 0
  38: 0
  39: 0
  40: 0
  41: 0
  42: 0
  43: 0
  44: 0
  45: 0
  46: 0
  47: 0
  48: 0
  49: 0
  50: 0
  51: 0
  52: 0
  53: 0
  54: 0
  55: 0
  56: 0
  57: 0
  58: 0
  59: 0
  60: 0
  61: 0
  62: 0
  63: 0
 heartbeats: # Per-process heartbeats
  0: 0
  1: 0
  2: 0
  3: 0
  4: 0
  5: 0
  6: 0
  7: 0
  8: 0
  9: 0
  10: 0
  11: 0
  12: 0
  13: 0
  14: 0
  15: 0
  16: 0
  17: 0
  18: 0
  19: 0
  20: 0
  21: 0
  22: 0
  23: 0
  24: 0
  25: 0
  26: 0
  27: 0
  28: 0
  29: 0
  30: 0
  31: 0
  32: 0
  33: 0
  34: 0
  35: 0
  36: 0
  37: 0
  38: 0
  39: 0
  40: 0
  41: 0
  42: 0
  43: 0
  44: 0
  45: 0
  46: 0
  47: 0
  48: 0
  49: 0
  50: 0
  51: 0
  52: 0
  53: 0
  54: 0
  55: 0
  56: 0
  57: 0
  58: 0
  59: 0
  60: 0
  61: 0
  62: 0
  63: 0
===
