# zsim stats
===
root: # Stats
 contention: # Contention simulation stats
  domain-0: # Domain stats
   time: 1858938933 # Weave simulation time
 time: # Simulator time breakdown
  init: 1507377542028
  bound: 12512859038
  weave: 2050063210
  ff: 0
 trigger: 20000 # Reason for this stats dump
 phase: 22721 # Simulated phases
 westmere: # Core stats
  westmere-0: # Core stats
   cycles: 227212087 # Simulated unhalted cycles
   cCycles: 43353367 # Cycles due to contention stalls
   instrs: 100001321 # Simulated instructions
   uops: 109364488 # Retired micro-ops
   bbls: 20080873 # Basic blocks
   approxInstrs: 1766118 # Instrs with approx uop decoding
   mispredBranches: 1074515 # Mispredicted branches
   condBranches: 19038249 # conditional branches
 l1i: # Cache stats
  l1i-0: # Filter cache stats
   fhGETS: 25627484 # Filtered GETS hits
   fhGETX: 0 # Filtered GETX hits
   hGETS: 200876 # GETS hits
   hGETX: 0 # GETX hits
   mGETS: 4656 # GETS misses
   mGETXIM: 0 # GETX I->M misses
   mGETXSM: 0 # GETX S->M misses (upgrade misses)
   PUTS: 0 # Clean evictions (from lower level)
   PUTX: 0 # Dirty evictions (from lower level)
   INV: 4534 # Invalidates (from upper level)
   INVX: 0 # Downgrades (from upper level)
   FWD: 0 # Forwards (from upper level)
   latGETnl: 577002 # GET request latency on next level
   latGETnet: 0 # GET request latency on network to next level
 l1d: # Cache stats
  l1d-0: # Filter cache stats
   fhGETS: 22804918 # Filtered GETS hits
   fhGETX: 4116827 # Filtered GETX hits
   hGETS: 2361708 # GETS hits
   hGETX: 2523278 # GETX hits
   mGETS: 3472754 # GETS misses
   mGETXIM: 736491 # GETX I->M misses
   mGETXSM: 0 # GETX S->M misses (upgrade misses)
   PUTS: 0 # Clean evictions (from lower level)
   PUTX: 0 # Dirty evictions (from lower level)
   INV: 1285 # Invalidates (from upper level)
   INVX: 0 # Downgrades (from upper level)
   FWD: 0 # Forwards (from upper level)
   latGETnl: 316902722 # GET request latency on next level
   latGETnet: 0 # GET request latency on network to next level
 l2: # Cache stats
  l2-0: # Cache stats
   hGETS: 753794 # GETS hits
   hGETX: 129626 # GETX hits
   mGETS: 2723616 # GETS misses
   mGETXIM: 606865 # GETX I->M misses
   mGETXSM: 0 # GETX S->M misses (upgrade misses)
   PUTS: 2421665 # Clean evictions (from lower level)
   PUTX: 1785838 # Dirty evictions (from lower level)
   INV: 14119 # Invalidates (from upper level)
   INVX: 0 # Downgrades (from upper level)
   FWD: 0 # Forwards (from upper level)
   latGETnl: 275340714 # GET request latency on next level
   latGETnet: 0 # GET request latency on network to next level
 l3: # Cache stats
  l3-0: # Cache stats
   hGETS: 957784 # GETS hits
   hGETX: 201484 # GETX hits
   mGETS: 1765832 # GETS misses
   mGETXIM: 405381 # GETX I->M misses
   mGETXSM: 0 # GETX S->M misses (upgrade misses)
   PUTS: 2002925 # Clean evictions (from lower level)
   PUTX: 1309344 # Dirty evictions (from lower level)
   INV: 0 # Invalidates (from upper level)
   INVX: 0 # Downgrades (from upper level)
   FWD: 0 # Forwards (from upper level)
   latGETnl: 195409170 # GET request latency on next level
   latGETnet: 0 # GET request latency on network to next level
 mem: # Memory controller stats
  mem-0: # Memory controller stats
   rd: 542590 # Read requests
   wr: 209646 # Write requests
   rdlat: 73648625 # Total latency experienced by read requests
   wrlat: 31174015 # Total latency experienced by write requests
   rdhits: 12665 # Read row hits
   wrhits: 1075 # Write row hits
   mlh: # latency histogram for memory requests
    0: 0
    1: 0
    2: 0
    3: 0
    4: 0
    5: 0
    6: 0
    7: 0
    8: 0
    9: 0
    10: 0
    11: 589
    12: 600
    13: 484308
    14: 36585
    15: 6998
    16: 2968
    17: 960
    18: 381
    19: 482
    20: 467
    21: 585
    22: 413
    23: 515
    24: 860
    25: 610
    26: 195
    27: 224
    28: 217
    29: 290
    30: 316
    31: 307
    32: 341
    33: 337
    34: 336
    35: 352
    36: 306
    37: 292
    38: 308
    39: 304
    40: 276
    41: 265
    42: 286
    43: 129
    44: 32
    45: 29
    46: 30
    47: 41
    48: 44
    49: 7
    50: 3
    51: 0
    52: 1
    53: 1
    54: 0
    55: 0
    56: 0
    57: 0
    58: 0
    59: 0
    60: 0
    61: 0
    62: 0
    63: 0
    64: 0
    65: 0
    66: 0
    67: 0
    68: 0
    69: 0
    70: 0
    71: 0
    72: 0
    73: 0
    74: 0
    75: 0
    76: 0
    77: 0
    78: 0
    79: 0
    80: 0
    81: 0
    82: 0
    83: 0
    84: 0
    85: 0
    86: 0
    87: 0
    88: 0
    89: 0
    90: 0
    91: 0
    92: 0
    93: 0
    94: 0
    95: 0
    96: 0
    97: 0
    98: 0
    99: 0
  mem-1: # Memory controller stats
   rd: 543353 # Read requests
   wr: 209745 # Write requests
   rdlat: 73800362 # Total latency experienced by read requests
   wrlat: 31283290 # Total latency experienced by write requests
   rdhits: 12590 # Read row hits
   wrhits: 1106 # Write row hits
   mlh: # latency histogram for memory requests
    0: 0
    1: 0
    2: 0
    3: 0
    4: 0
    5: 0
    6: 0
    7: 0
    8: 0
    9: 0
    10: 0
    11: 563
    12: 533
    13: 484698
    14: 35906
    15: 7722
    16: 3502
    17: 907
    18: 345
    19: 420
    20: 418
    21: 562
    22: 447
    23: 526
    24: 818
    25: 523
    26: 226
    27: 227
    28: 238
    29: 269
    30: 298
    31: 331
    32: 339
    33: 317
    34: 340
    35: 346
    36: 366
    37: 327
    38: 307
    39: 299
    40: 287
    41: 296
    42: 303
    43: 136
    44: 48
    45: 33
    46: 33
    47: 39
    48: 43
    49: 5
    50: 2
    51: 1
    52: 2
    53: 3
    54: 1
    55: 0
    56: 1
    57: 0
    58: 0
    59: 0
    60: 0
    61: 0
    62: 0
    63: 0
    64: 0
    65: 0
    66: 0
    67: 0
    68: 0
    69: 0
    70: 0
    71: 0
    72: 0
    73: 0
    74: 0
    75: 0
    76: 0
    77: 0
    78: 0
    79: 0
    80: 0
    81: 0
    82: 0
    83: 0
    84: 0
    85: 0
    86: 0
    87: 0
    88: 0
    89: 0
    90: 0
    91: 0
    92: 0
    93: 0
    94: 0
    95: 0
    96: 0
    97: 0
    98: 0
    99: 0
  mem-2: # Memory controller stats
   rd: 542244 # Read requests
   wr: 209005 # Write requests
   rdlat: 73677999 # Total latency experienced by read requests
   wrlat: 31138261 # Total latency experienced by write requests
   rdhits: 12227 # Read row hits
   wrhits: 1121 # Write row hits
   mlh: # latency histogram for memory requests
    0: 0
    1: 0
    2: 0
    3: 0
    4: 0
    5: 0
    6: 0
    7: 0
    8: 0
    9: 0
    10: 0
    11: 522
    12: 562
    13: 482529
    14: 38031
    15: 6874
    16: 2937
    17: 938
    18: 337
    19: 413
    20: 474
    21: 606
    22: 398
    23: 643
    24: 939
    25: 600
    26: 237
    27: 185
    28: 250
    29: 272
    30: 331
    31: 307
    32: 313
    33: 363
    34: 347
    35: 341
    36: 367
    37: 314
    38: 313
    39: 293
    40: 293
    41: 290
    42: 292
    43: 126
    44: 27
    45: 24
    46: 41
    47: 55
    48: 42
    49: 5
    50: 6
    51: 1
    52: 1
    53: 4
    54: 0
    55: 1
    56: 0
    57: 0
    58: 0
    59: 0
    60: 0
    61: 0
    62: 0
    63: 0
    64: 0
    65: 0
    66: 0
    67: 0
    68: 0
    69: 0
    70: 0
    71: 0
    72: 0
    73: 0
    74: 0
    75: 0
    76: 0
    77: 0
    78: 0
    79: 0
    80: 0
    81: 0
    82: 0
    83: 0
    84: 0
    85: 0
    86: 0
    87: 0
    88: 0
    89: 0
    90: 0
    91: 0
    92: 0
    93: 0
    94: 0
    95: 0
    96: 0
    97: 0
    98: 0
    99: 0
  mem-3: # Memory controller stats
   rd: 543001 # Read requests
   wr: 208983 # Write requests
   rdlat: 73767308 # Total latency experienced by read requests
   wrlat: 31150224 # Total latency experienced by write requests
   rdhits: 12523 # Read row hits
   wrhits: 1085 # Write row hits
   mlh: # latency histogram for memory requests
    0: 0
    1: 0
    2: 0
    3: 0
    4: 0
    5: 0
    6: 0
    7: 0
    8: 0
    9: 0
    10: 0
    11: 617
    12: 526
    13: 483557
    14: 37431
    15: 7002
    16: 3045
    17: 1013
    18: 386
    19: 448
    20: 456
    21: 536
    22: 503
    23: 466
    24: 948
    25: 606
    26: 201
    27: 250
    28: 258
    29: 308
    30: 317
    31: 316
    32: 371
    33: 320
    34: 337
    35: 337
    36: 322
    37: 317
    38: 302
    39: 296
    40: 297
    41: 304
    42: 258
    43: 125
    44: 44
    45: 29
    46: 41
    47: 42
    48: 50
    49: 7
    50: 4
    51: 0
    52: 3
    53: 3
    54: 2
    55: 0
    56: 0
    57: 0
    58: 0
    59: 0
    60: 0
    61: 0
    62: 0
    63: 0
    64: 0
    65: 0
    66: 0
    67: 0
    68: 0
    69: 0
    70: 0
    71: 0
    72: 0
    73: 0
    74: 0
    75: 0
    76: 0
    77: 0
    78: 0
    79: 0
    80: 0
    81: 0
    82: 0
    83: 0
    84: 0
    85: 0
    86: 0
    87: 0
    88: 0
    89: 0
    90: 0
    91: 0
    92: 0
    93: 0
    94: 0
    95: 0
    96: 0
    97: 0
    98: 0
    99: 0
 sched: # Scheduler stats
  thCr: 1 # Threads created
  thFn: 1 # Threads finished
  schedEvs: 1 # Schedule events
  waitEvs: 0 # Wait events
  handoffEvs: 0 # Handoff events
  sleepEvs: 0 # Sleep events
  idlePhases: 0 # Phases with no thread active
  idlePeriods: 0 # Periods with no thread active
  occHist: # Occupancy histogram
   0: 0
   1: 22721
  rqSzHist: # Run queue size histogram
   0: 22721
   1: 0
   2: 0
   3: 0
   4: 0
   5: 0
   6: 0
   7: 0
   8: 0
   9: 0
   10: 0
   11: 0
   12: 0
   13: 0
   14: 0
   15: 0
   16: 0
 procCycles: # Per-process unhalted core cycles
  0: 227212087
  1: 0
  2: 0
  3: 0
  4: 0
  5: 0
  6: 0
  7: 0
  8: 0
  9: 0
  10: 0
  11: 0
  12: 0
  13: 0
  14: 0
  15: 0
  16: 0
  17: 0
  18: 0
  19: 0
  20: 0
  21: 0
  22: 0
  23: 0
  24: 0
  25: 0
  26: 0
  27: 0
  28: 0
  29: 0
  30: 0
  31: 0
  32: 0
  33: 0
  34: 0
  35: 0
  36: 0
  37: 0
  38: 0
  39: 0
  40: 0
  41: 0
  42: 0
  43: 0
  44: 0
  45: 0
  46: 0
  47: 0
  48: 0
  49: 0
  50: 0
  51: 0
  52: 0
  53: 0
  54: 0
  55: 0
  56: 0
  57: 0
  58: 0
  59: 0
  60: 0
  61: 0
  62: 0
  63: 0
 procInstrs: # Per-process instructions
  0: 100001321
  1: 0
  2: 0
  3: 0
  4: 0
  5: 0
  6: 0
  7: 0
  8: 0
  9: 0
  10: 0
  11: 0
  12: 0
  13: 0
  14: 0
  15: 0
  16: 0
  17: 0
  18: 0
  19: 0
  20: 0
  21: 0
  22: 0
  23: 0
  24: 0
  25: 0
  26: 0
  27: 0
  28: 0
  29: 0
  30: 0
  31: 0
  32: 0
  33: 0
  34: 0
  35: 0
  36: 0
  37: 0
  38: 0
  39: 0
  40: 0
  41: 0
  42: 0
  43: 0
  44: 0
  45: 0
  46: 0
  47: 0
  48: 0
  49: 0
  50: 0
  51: 0
  52: 0
  53: 0
  54: 0
  55: 0
  56: 0
  57: 0
  58: 0
  59: 0
  60: 0
  61: 0
  62: 0
  63: 0
 heartbeats: # Per-process heartbeats
  0: 0
  1: 0
  2: 0
  3: 0
  4: 0
  5: 0
  6: 0
  7: 0
  8: 0
  9: 0
  10: 0
  11: 0
  12: 0
  13: 0
  14: 0
  15: 0
  16: 0
  17: 0
  18: 0
  19: 0
  20: 0
  21: 0
  22: 0
  23: 0
  24: 0
  25: 0
  26: 0
  27: 0
  28: 0
  29: 0
  30: 0
  31: 0
  32: 0
  33: 0
  34: 0
  35: 0
  36: 0
  37: 0
  38: 0
  39: 0
  40: 0
  41: 0
  42: 0
  43: 0
  44: 0
  45: 0
  46: 0
  47: 0
  48: 0
  49: 0
  50: 0
  51: 0
  52: 0
  53: 0
  54: 0
  55: 0
  56: 0
  57: 0
  58: 0
  59: 0
  60: 0
  61: 0
  62: 0
  63: 0
===
