# zsim stats
===
root: # Stats
 contention: # Contention simulation stats
  domain-0: # Domain stats
   time: 432111557 # Weave simulation time
 time: # Simulator time breakdown
  init: 3672243224
  bound: 183768398508
  weave: 1199827493
  ff: 0
 trigger: 20000 # Reason for this stats dump
 phase: 46698 # Simulated phases
 westmere: # Core stats
  westmere-0: # Core stats
   cycles: 369239680 # Simulated unhalted cycles
   cCycles: 511806 # Cycles due to contention stalls
   instrs: 606204065 # Simulated instructions
   uops: 683099455 # Retired micro-ops
   bbls: 62503257 # Basic blocks
   approxInstrs: 3040591 # Instrs with approx uop decoding
   mispredBranches: 803890 # Mispredicted branches
   condBranches: 52540078 # conditional branches
  westmere-1: # Core stats
   cycles: 368955408 # Simulated unhalted cycles
   cCycles: 685483 # Cycles due to contention stalls
   instrs: 615552453 # Simulated instructions
   uops: 698132587 # Retired micro-ops
   bbls: 62235426 # Basic blocks
   approxInstrs: 4141131 # Instrs with approx uop decoding
   mispredBranches: 735798 # Mispredicted branches
   condBranches: 52594744 # conditional branches
  westmere-2: # Core stats
   cycles: 367887690 # Simulated unhalted cycles
   cCycles: 385682 # Cycles due to contention stalls
   instrs: 605346188 # Simulated instructions
   uops: 682025363 # Retired micro-ops
   bbls: 62427152 # Basic blocks
   approxInstrs: 3013214 # Instrs with approx uop decoding
   mispredBranches: 785477 # Mispredicted branches
   condBranches: 52516232 # conditional branches
  westmere-3: # Core stats
   cycles: 383219923 # Simulated unhalted cycles
   cCycles: 584124 # Cycles due to contention stalls
   instrs: 624905164 # Simulated instructions
   uops: 705590046 # Retired micro-ops
   bbls: 64802586 # Basic blocks
   approxInstrs: 3186123 # Instrs with approx uop decoding
   mispredBranches: 822477 # Mispredicted branches
   condBranches: 53920690 # conditional branches
  westmere-4: # Core stats
   cycles: 376404368 # Simulated unhalted cycles
   cCycles: 420933 # Cycles due to contention stalls
   instrs: 616200710 # Simulated instructions
   uops: 695101061 # Retired micro-ops
   bbls: 63801857 # Basic blocks
   approxInstrs: 3121959 # Instrs with approx uop decoding
   mispredBranches: 815422 # Mispredicted branches
   condBranches: 53328483 # conditional branches
  westmere-5: # Core stats
   cycles: 376870965 # Simulated unhalted cycles
   cCycles: 374795 # Cycles due to contention stalls
   instrs: 617663713 # Simulated instructions
   uops: 696670492 # Retired micro-ops
   bbls: 63893775 # Basic blocks
   approxInstrs: 3124281 # Instrs with approx uop decoding
   mispredBranches: 802956 # Mispredicted branches
   condBranches: 53423323 # conditional branches
  westmere-6: # Core stats
   cycles: 383059629 # Simulated unhalted cycles
   cCycles: 483773 # Cycles due to contention stalls
   instrs: 625485462 # Simulated instructions
   uops: 706133167 # Retired micro-ops
   bbls: 64846091 # Basic blocks
   approxInstrs: 3192011 # Instrs with approx uop decoding
   mispredBranches: 819037 # Mispredicted branches
   condBranches: 53967847 # conditional branches
  westmere-7: # Core stats
   cycles: 411676903 # Simulated unhalted cycles
   cCycles: 1150200 # Cycles due to contention stalls
   instrs: 688667976 # Simulated instructions
   uops: 772062763 # Retired micro-ops
   bbls: 68422129 # Basic blocks
   approxInstrs: 3198095 # Instrs with approx uop decoding
   mispredBranches: 814407 # Mispredicted branches
   condBranches: 57305164 # conditional branches
 l1i: # Cache stats
  l1i-0: # Filter cache stats
   fhGETS: 82498145 # Filtered GETS hits
   fhGETX: 0 # Filtered GETX hits
   hGETS: 2346172 # GETS hits
   hGETX: 0 # GETX hits
   mGETS: 766294 # GETS misses
   mGETXIM: 0 # GETX I->M misses
   mGETXSM: 0 # GETX S->M misses (upgrade misses)
   PUTS: 0 # Clean evictions (from lower level)
   PUTX: 0 # Dirty evictions (from lower level)
   INV: 0 # Invalidates (from upper level)
   INVX: 0 # Downgrades (from upper level)
   FWD: 0 # Forwards (from upper level)
   latGETnl: 7945672 # GET request latency on next level
   latGETnet: 0 # GET request latency on network to next level
  l1i-1: # Filter cache stats
   fhGETS: 81559588 # Filtered GETS hits
   fhGETX: 0 # Filtered GETX hits
   hGETS: 2275448 # GETS hits
   hGETX: 0 # GETX hits
   mGETS: 744659 # GETS misses
   mGETXIM: 0 # GETX I->M misses
   mGETXSM: 0 # GETX S->M misses (upgrade misses)
   PUTS: 0 # Clean evictions (from lower level)
   PUTX: 0 # Dirty evictions (from lower level)
   INV: 1 # Invalidates (from upper level)
   INVX: 0 # Downgrades (from upper level)
   FWD: 0 # Forwards (from upper level)
   latGETnl: 7774832 # GET request latency on next level
   latGETnet: 0 # GET request latency on network to next level
  l1i-2: # Filter cache stats
   fhGETS: 82323520 # Filtered GETS hits
   fhGETX: 0 # Filtered GETX hits
   hGETS: 2337778 # GETS hits
   hGETX: 0 # GETX hits
   mGETS: 760307 # GETS misses
   mGETXIM: 0 # GETX I->M misses
   mGETXSM: 0 # GETX S->M misses (upgrade misses)
   PUTS: 0 # Clean evictions (from lower level)
   PUTX: 0 # Dirty evictions (from lower level)
   INV: 0 # Invalidates (from upper level)
   INVX: 0 # Downgrades (from upper level)
   FWD: 0 # Forwards (from upper level)
   latGETnl: 7852136 # GET request latency on next level
   latGETnet: 0 # GET request latency on network to next level
  l1i-3: # Filter cache stats
   fhGETS: 85456894 # Filtered GETS hits
   fhGETX: 0 # Filtered GETX hits
   hGETS: 2374853 # GETS hits
   hGETX: 0 # GETX hits
   mGETS: 766529 # GETS misses
   mGETXIM: 0 # GETX I->M misses
   mGETXSM: 0 # GETX S->M misses (upgrade misses)
   PUTS: 0 # Clean evictions (from lower level)
   PUTX: 0 # Dirty evictions (from lower level)
   INV: 0 # Invalidates (from upper level)
   INVX: 0 # Downgrades (from upper level)
   FWD: 0 # Forwards (from upper level)
   latGETnl: 7965770 # GET request latency on next level
   latGETnet: 0 # GET request latency on network to next level
  l1i-4: # Filter cache stats
   fhGETS: 84164295 # Filtered GETS hits
   fhGETX: 0 # Filtered GETX hits
   hGETS: 2363293 # GETS hits
   hGETX: 0 # GETX hits
   mGETS: 766409 # GETS misses
   mGETXIM: 0 # GETX I->M misses
   mGETXSM: 0 # GETX S->M misses (upgrade misses)
   PUTS: 0 # Clean evictions (from lower level)
   PUTX: 0 # Dirty evictions (from lower level)
   INV: 1 # Invalidates (from upper level)
   INVX: 0 # Downgrades (from upper level)
   FWD: 0 # Forwards (from upper level)
   latGETnl: 7933424 # GET request latency on next level
   latGETnet: 0 # GET request latency on network to next level
  l1i-5: # Filter cache stats
   fhGETS: 84262997 # Filtered GETS hits
   fhGETX: 0 # Filtered GETX hits
   hGETS: 2353692 # GETS hits
   hGETX: 0 # GETX hits
   mGETS: 767313 # GETS misses
   mGETXIM: 0 # GETX I->M misses
   mGETXSM: 0 # GETX S->M misses (upgrade misses)
   PUTS: 0 # Clean evictions (from lower level)
   PUTX: 0 # Dirty evictions (from lower level)
   INV: 0 # Invalidates (from upper level)
   INVX: 0 # Downgrades (from upper level)
   FWD: 0 # Forwards (from upper level)
   latGETnl: 7950534 # GET request latency on next level
   latGETnet: 0 # GET request latency on network to next level
  l1i-6: # Filter cache stats
   fhGETS: 85517783 # Filtered GETS hits
   fhGETX: 0 # Filtered GETX hits
   hGETS: 2376118 # GETS hits
   hGETX: 0 # GETX hits
   mGETS: 769506 # GETS misses
   mGETXIM: 0 # GETX I->M misses
   mGETXSM: 0 # GETX S->M misses (upgrade misses)
   PUTS: 0 # Clean evictions (from lower level)
   PUTX: 0 # Dirty evictions (from lower level)
   INV: 12 # Invalidates (from upper level)
   INVX: 0 # Downgrades (from upper level)
   FWD: 0 # Forwards (from upper level)
   latGETnl: 8000658 # GET request latency on next level
   latGETnet: 0 # GET request latency on network to next level
  l1i-7: # Filter cache stats
   fhGETS: 91743992 # Filtered GETS hits
   fhGETX: 0 # Filtered GETX hits
   hGETS: 2369164 # GETS hits
   hGETX: 0 # GETX hits
   mGETS: 770531 # GETS misses
   mGETXIM: 0 # GETX I->M misses
   mGETXSM: 0 # GETX S->M misses (upgrade misses)
   PUTS: 0 # Clean evictions (from lower level)
   PUTX: 0 # Dirty evictions (from lower level)
   INV: 3 # Invalidates (from upper level)
   INVX: 0 # Downgrades (from upper level)
   FWD: 0 # Forwards (from upper level)
   latGETnl: 8111540 # GET request latency on next level
   latGETnet: 0 # GET request latency on network to next level
 l1d: # Cache stats
  l1d-0: # Filter cache stats
   fhGETS: 104090348 # Filtered GETS hits
   fhGETX: 30815890 # Filtered GETX hits
   hGETS: 5017663 # GETS hits
   hGETX: 1951295 # GETX hits
   mGETS: 5889903 # GETS misses
   mGETXIM: 253981 # GETX I->M misses
   mGETXSM: 11889 # GETX S->M misses (upgrade misses)
   PUTS: 0 # Clean evictions (from lower level)
   PUTX: 0 # Dirty evictions (from lower level)
   INV: 22522 # Invalidates (from upper level)
   INVX: 19348 # Downgrades (from upper level)
   FWD: 0 # Forwards (from upper level)
   latGETnl: 73161335 # GET request latency on next level
   latGETnet: 0 # GET request latency on network to next level
  l1d-1: # Filter cache stats
   fhGETS: 106735490 # Filtered GETS hits
   fhGETX: 31558009 # Filtered GETX hits
   hGETS: 4982235 # GETS hits
   hGETX: 1921911 # GETX hits
   mGETS: 5864436 # GETS misses
   mGETXIM: 335773 # GETX I->M misses
   mGETXSM: 10309 # GETX S->M misses (upgrade misses)
   PUTS: 0 # Clean evictions (from lower level)
   PUTX: 0 # Dirty evictions (from lower level)
   INV: 21715 # Invalidates (from upper level)
   INVX: 15979 # Downgrades (from upper level)
   FWD: 0 # Forwards (from upper level)
   latGETnl: 81015901 # GET request latency on next level
   latGETnet: 0 # GET request latency on network to next level
  l1d-2: # Filter cache stats
   fhGETS: 104105416 # Filtered GETS hits
   fhGETX: 30697947 # Filtered GETX hits
   hGETS: 4811532 # GETS hits
   hGETX: 1899798 # GETX hits
   mGETS: 5886101 # GETS misses
   mGETXIM: 242598 # GETX I->M misses
   mGETXSM: 10610 # GETX S->M misses (upgrade misses)
   PUTS: 0 # Clean evictions (from lower level)
   PUTX: 0 # Dirty evictions (from lower level)
   INV: 22406 # Invalidates (from upper level)
   INVX: 18217 # Downgrades (from upper level)
   FWD: 0 # Forwards (from upper level)
   latGETnl: 71755534 # GET request latency on next level
   latGETnet: 0 # GET request latency on network to next level
  l1d-3: # Filter cache stats
   fhGETS: 108019040 # Filtered GETS hits
   fhGETX: 32701563 # Filtered GETX hits
   hGETS: 5301775 # GETS hits
   hGETX: 2017579 # GETX hits
   mGETS: 5912918 # GETS misses
   mGETXIM: 278228 # GETX I->M misses
   mGETXSM: 13273 # GETX S->M misses (upgrade misses)
   PUTS: 0 # Clean evictions (from lower level)
   PUTX: 0 # Dirty evictions (from lower level)
   INV: 20268 # Invalidates (from upper level)
   INVX: 18359 # Downgrades (from upper level)
   FWD: 0 # Forwards (from upper level)
   latGETnl: 75177805 # GET request latency on next level
   latGETnet: 0 # GET request latency on network to next level
  l1d-4: # Filter cache stats
   fhGETS: 106350396 # Filtered GETS hits
   fhGETX: 31830871 # Filtered GETX hits
   hGETS: 4995625 # GETS hits
   hGETX: 1906554 # GETX hits
   mGETS: 5894266 # GETS misses
   mGETXIM: 254145 # GETX I->M misses
   mGETXSM: 10368 # GETX S->M misses (upgrade misses)
   PUTS: 0 # Clean evictions (from lower level)
   PUTX: 0 # Dirty evictions (from lower level)
   INV: 19461 # Invalidates (from upper level)
   INVX: 15149 # Downgrades (from upper level)
   FWD: 0 # Forwards (from upper level)
   latGETnl: 72415032 # GET request latency on next level
   latGETnet: 0 # GET request latency on network to next level
  l1d-5: # Filter cache stats
   fhGETS: 106579932 # Filtered GETS hits
   fhGETX: 31842906 # Filtered GETX hits
   hGETS: 5046972 # GETS hits
   hGETX: 1946487 # GETX hits
   mGETS: 5900376 # GETS misses
   mGETXIM: 253986 # GETX I->M misses
   mGETXSM: 11620 # GETX S->M misses (upgrade misses)
   PUTS: 0 # Clean evictions (from lower level)
   PUTX: 0 # Dirty evictions (from lower level)
   INV: 18430 # Invalidates (from upper level)
   INVX: 18223 # Downgrades (from upper level)
   FWD: 0 # Forwards (from upper level)
   latGETnl: 72971292 # GET request latency on next level
   latGETnet: 0 # GET request latency on network to next level
  l1d-6: # Filter cache stats
   fhGETS: 108296042 # Filtered GETS hits
   fhGETX: 32745641 # Filtered GETX hits
   hGETS: 5104331 # GETS hits
   hGETX: 1920414 # GETX hits
   mGETS: 5910238 # GETS misses
   mGETXIM: 270724 # GETX I->M misses
   mGETXSM: 11905 # GETX S->M misses (upgrade misses)
   PUTS: 0 # Clean evictions (from lower level)
   PUTX: 0 # Dirty evictions (from lower level)
   INV: 17989 # Invalidates (from upper level)
   INVX: 16509 # Downgrades (from upper level)
   FWD: 0 # Forwards (from upper level)
   latGETnl: 74017766 # GET request latency on next level
   latGETnet: 0 # GET request latency on network to next level
  l1d-7: # Filter cache stats
   fhGETS: 118962249 # Filtered GETS hits
   fhGETX: 35234391 # Filtered GETX hits
   hGETS: 7374312 # GETS hits
   hGETX: 4023963 # GETX hits
   mGETS: 6087769 # GETS misses
   mGETXIM: 414128 # GETX I->M misses
   mGETXSM: 12556 # GETX S->M misses (upgrade misses)
   PUTS: 0 # Clean evictions (from lower level)
   PUTX: 0 # Dirty evictions (from lower level)
   INV: 19153 # Invalidates (from upper level)
   INVX: 18435 # Downgrades (from upper level)
   FWD: 0 # Forwards (from upper level)
   latGETnl: 90005898 # GET request latency on next level
   latGETnet: 0 # GET request latency on network to next level
 l2: # Cache stats
  l2-0: # Cache stats
   hGETS: 6313277 # GETS hits
   hGETX: 212488 # GETX hits
   mGETS: 342920 # GETS misses
   mGETXIM: 39460 # GETX I->M misses
   mGETXSM: 13922 # GETX S->M misses (upgrade misses)
   PUTS: 6535442 # Clean evictions (from lower level)
   PUTX: 351277 # Dirty evictions (from lower level)
   INV: 38152 # Invalidates (from upper level)
   INVX: 29735 # Downgrades (from upper level)
   FWD: 0 # Forwards (from upper level)
   latGETnl: 11886337 # GET request latency on next level
   latGETnet: 0 # GET request latency on network to next level
  l2-1: # Cache stats
   hGETS: 6179868 # GETS hits
   hGETX: 210537 # GETX hits
   mGETS: 429227 # GETS misses
   mGETXIM: 123151 # GETX I->M misses
   mGETXSM: 12394 # GETX S->M misses (upgrade misses)
   PUTS: 6491924 # Clean evictions (from lower level)
   PUTX: 430257 # Dirty evictions (from lower level)
   INV: 35456 # Invalidates (from upper level)
   INVX: 25214 # Downgrades (from upper level)
   FWD: 0 # Forwards (from upper level)
   latGETnl: 19238963 # GET request latency on next level
   latGETnet: 0 # GET request latency on network to next level
  l2-2: # Cache stats
   hGETS: 6314509 # GETS hits
   hGETX: 210752 # GETX hits
   mGETS: 331899 # GETS misses
   mGETXIM: 29758 # GETX I->M misses
   mGETXSM: 12698 # GETX S->M misses (upgrade misses)
   PUTS: 6527107 # Clean evictions (from lower level)
   PUTX: 338540 # Dirty evictions (from lower level)
   INV: 32458 # Invalidates (from upper level)
   INVX: 28074 # Downgrades (from upper level)
   FWD: 0 # Forwards (from upper level)
   latGETnl: 10611510 # GET request latency on next level
   latGETnet: 0 # GET request latency on network to next level
  l2-3: # Cache stats
   hGETS: 6313413 # GETS hits
   hGETX: 212875 # GETX hits
   mGETS: 366034 # GETS misses
   mGETXIM: 63017 # GETX I->M misses
   mGETXSM: 15609 # GETX S->M misses (upgrade misses)
   PUTS: 6557712 # Clean evictions (from lower level)
   PUTX: 378754 # Dirty evictions (from lower level)
   INV: 38391 # Invalidates (from upper level)
   INVX: 28815 # Downgrades (from upper level)
   FWD: 0 # Forwards (from upper level)
   latGETnl: 13434095 # GET request latency on next level
   latGETnet: 0 # GET request latency on network to next level
  l2-4: # Cache stats
   hGETS: 6321574 # GETS hits
   hGETX: 212876 # GETX hits
   mGETS: 339101 # GETS misses
   mGETXIM: 39240 # GETX I->M misses
   mGETXSM: 12397 # GETX S->M misses (upgrade misses)
   PUTS: 6541143 # Clean evictions (from lower level)
   PUTX: 353260 # Dirty evictions (from lower level)
   INV: 30068 # Invalidates (from upper level)
   INVX: 26096 # Downgrades (from upper level)
   FWD: 0 # Forwards (from upper level)
   latGETnl: 11096576 # GET request latency on next level
   latGETnet: 0 # GET request latency on network to next level
  l2-5: # Cache stats
   hGETS: 6306848 # GETS hits
   hGETX: 210780 # GETX hits
   mGETS: 360841 # GETS misses
   mGETXIM: 41225 # GETX I->M misses
   mGETXSM: 13601 # GETX S->M misses (upgrade misses)
   PUTS: 6548385 # Clean evictions (from lower level)
   PUTX: 353906 # Dirty evictions (from lower level)
   INV: 30684 # Invalidates (from upper level)
   INVX: 29447 # Downgrades (from upper level)
   FWD: 0 # Forwards (from upper level)
   latGETnl: 11588876 # GET request latency on next level
   latGETnet: 0 # GET request latency on network to next level
  l2-6: # Cache stats
   hGETS: 6319398 # GETS hits
   hGETX: 214973 # GETX hits
   mGETS: 360346 # GETS misses
   mGETXIM: 53613 # GETX I->M misses
   mGETXSM: 14043 # GETX S->M misses (upgrade misses)
   PUTS: 6562656 # Clean evictions (from lower level)
   PUTX: 368874 # Dirty evictions (from lower level)
   INV: 31000 # Invalidates (from upper level)
   INVX: 26806 # Downgrades (from upper level)
   FWD: 0 # Forwards (from upper level)
   latGETnl: 12394694 # GET request latency on next level
   latGETnet: 0 # GET request latency on network to next level
  l2-7: # Cache stats
   hGETS: 6315689 # GETS hits
   hGETX: 211724 # GETX hits
   mGETS: 542611 # GETS misses
   mGETXIM: 200342 # GETX I->M misses
   mGETXSM: 14618 # GETX S->M misses (upgrade misses)
   PUTS: 6694894 # Clean evictions (from lower level)
   PUTX: 557438 # Dirty evictions (from lower level)
   INV: 30668 # Invalidates (from upper level)
   INVX: 28280 # Downgrades (from upper level)
   FWD: 0 # Forwards (from upper level)
   latGETnl: 25267598 # GET request latency on next level
   latGETnet: 0 # GET request latency on network to next level
 l3: # Cache stats
  l3-0b0: # Cache stats
   hGETS: 317859 # GETS hits
   hGETX: 55423 # GETX hits
   mGETS: 12202 # GETS misses
   mGETXIM: 15679 # GETX I->M misses
   mGETXSM: 0 # GETX S->M misses (upgrade misses)
   PUTS: 293071 # Clean evictions (from lower level)
   PUTX: 86665 # Dirty evictions (from lower level)
   INV: 0 # Invalidates (from upper level)
   INVX: 0 # Downgrades (from upper level)
   FWD: 0 # Forwards (from upper level)
   latGETnl: 2509290 # GET request latency on next level
   latGETnet: 0 # GET request latency on network to next level
  l3-0b1: # Cache stats
   hGETS: 414277 # GETS hits
   hGETX: 74593 # GETX hits
   mGETS: 12105 # GETS misses
   mGETXIM: 15762 # GETX I->M misses
   mGETXSM: 0 # GETX S->M misses (upgrade misses)
   PUTS: 369889 # Clean evictions (from lower level)
   PUTX: 88671 # Dirty evictions (from lower level)
   INV: 0 # Invalidates (from upper level)
   INVX: 0 # Downgrades (from upper level)
   FWD: 0 # Forwards (from upper level)
   latGETnl: 2508030 # GET request latency on next level
   latGETnet: 0 # GET request latency on network to next level
  l3-0b2: # Cache stats
   hGETS: 337577 # GETS hits
   hGETX: 58337 # GETX hits
   mGETS: 12198 # GETS misses
   mGETXIM: 15673 # GETX I->M misses
   mGETXSM: 0 # GETX S->M misses (upgrade misses)
   PUTS: 311789 # Clean evictions (from lower level)
   PUTX: 88031 # Dirty evictions (from lower level)
   INV: 0 # Invalidates (from upper level)
   INVX: 0 # Downgrades (from upper level)
   FWD: 0 # Forwards (from upper level)
   latGETnl: 2508390 # GET request latency on next level
   latGETnet: 0 # GET request latency on network to next level
  l3-0b3: # Cache stats
   hGETS: 394641 # GETS hits
   hGETX: 80078 # GETX hits
   mGETS: 12162 # GETS misses
   mGETXIM: 15714 # GETX I->M misses
   mGETXSM: 0 # GETX S->M misses (upgrade misses)
   PUTS: 351165 # Clean evictions (from lower level)
   PUTX: 87875 # Dirty evictions (from lower level)
   INV: 0 # Invalidates (from upper level)
   INVX: 0 # Downgrades (from upper level)
   FWD: 0 # Forwards (from upper level)
   latGETnl: 2508840 # GET request latency on next level
   latGETnet: 0 # GET request latency on network to next level
  l3-0b4: # Cache stats
   hGETS: 383044 # GETS hits
   hGETX: 89460 # GETX hits
   mGETS: 12214 # GETS misses
   mGETXIM: 15698 # GETX I->M misses
   mGETXSM: 0 # GETX S->M misses (upgrade misses)
   PUTS: 315706 # Clean evictions (from lower level)
   PUTX: 88683 # Dirty evictions (from lower level)
   INV: 0 # Invalidates (from upper level)
   INVX: 0 # Downgrades (from upper level)
   FWD: 0 # Forwards (from upper level)
   latGETnl: 2512080 # GET request latency on next level
   latGETnet: 0 # GET request latency on network to next level
  l3-0b5: # Cache stats
   hGETS: 370109 # GETS hits
   hGETX: 73231 # GETX hits
   mGETS: 12221 # GETS misses
   mGETXIM: 15706 # GETX I->M misses
   mGETXSM: 0 # GETX S->M misses (upgrade misses)
   PUTS: 335219 # Clean evictions (from lower level)
   PUTX: 87225 # Dirty evictions (from lower level)
   INV: 0 # Invalidates (from upper level)
   INVX: 0 # Downgrades (from upper level)
   FWD: 0 # Forwards (from upper level)
   latGETnl: 2513430 # GET request latency on next level
   latGETnet: 0 # GET request latency on network to next level
  l3-0b6: # Cache stats
   hGETS: 365313 # GETS hits
   hGETX: 83759 # GETX hits
   mGETS: 12218 # GETS misses
   mGETXIM: 15707 # GETX I->M misses
   mGETXSM: 0 # GETX S->M misses (upgrade misses)
   PUTS: 318445 # Clean evictions (from lower level)
   PUTX: 87271 # Dirty evictions (from lower level)
   INV: 0 # Invalidates (from upper level)
   INVX: 0 # Downgrades (from upper level)
   FWD: 0 # Forwards (from upper level)
   latGETnl: 2513250 # GET request latency on next level
   latGETnet: 0 # GET request latency on network to next level
  l3-0b7: # Cache stats
   hGETS: 392695 # GETS hits
   hGETX: 58475 # GETX hits
   mGETS: 12144 # GETS misses
   mGETXIM: 15793 # GETX I->M misses
   mGETXSM: 0 # GETX S->M misses (upgrade misses)
   PUTS: 366704 # Clean evictions (from lower level)
   PUTX: 87301 # Dirty evictions (from lower level)
   INV: 0 # Invalidates (from upper level)
   INVX: 0 # Downgrades (from upper level)
   FWD: 0 # Forwards (from upper level)
   latGETnl: 2514330 # GET request latency on next level
   latGETnet: 0 # GET request latency on network to next level
 mem: # Memory controller stats
  mem-0: # Memory controller stats
   rd: 55817 # Read requests
   wr: 21807 # Write requests
   rdlat: 7562681 # Total latency experienced by read requests
   wrlat: 3275139 # Total latency experienced by write requests
   rdhits: 389 # Read row hits
   wrhits: 109 # Write row hits
   mlh: # latency histogram for memory requests
    0: 0
    1: 0
    2: 0
    3: 0
    4: 0
    5: 0
    6: 0
    7: 0
    8: 0
    9: 0
    10: 0
    11: 46
    12: 54
    13: 51571
    14: 2106
    15: 579
    16: 319
    17: 65
    18: 66
    19: 70
    20: 80
    21: 99
    22: 31
    23: 34
    24: 38
    25: 40
    26: 14
    27: 17
    28: 28
    29: 37
    30: 35
    31: 51
    32: 38
    33: 40
    34: 34
    35: 46
    36: 50
    37: 34
    38: 43
    39: 28
    40: 27
    41: 30
    42: 31
    43: 15
    44: 4
    45: 8
    46: 5
    47: 3
    48: 0
    49: 1
    50: 0
    51: 0
    52: 0
    53: 0
    54: 0
    55: 0
    56: 0
    57: 0
    58: 0
    59: 0
    60: 0
    61: 0
    62: 0
    63: 0
    64: 0
    65: 0
    66: 0
    67: 0
    68: 0
    69: 0
    70: 0
    71: 0
    72: 0
    73: 0
    74: 0
    75: 0
    76: 0
    77: 0
    78: 0
    79: 0
    80: 0
    81: 0
    82: 0
    83: 0
    84: 0
    85: 0
    86: 0
    87: 0
    88: 0
    89: 0
    90: 0
    91: 0
    92: 0
    93: 0
    94: 0
    95: 0
    96: 0
    97: 0
    98: 0
    99: 0
  mem-1: # Memory controller stats
   rd: 55784 # Read requests
   wr: 21783 # Write requests
   rdlat: 7531773 # Total latency experienced by read requests
   wrlat: 3258002 # Total latency experienced by write requests
   rdhits: 360 # Read row hits
   wrhits: 120 # Write row hits
   mlh: # latency histogram for memory requests
    0: 0
    1: 0
    2: 0
    3: 0
    4: 0
    5: 0
    6: 0
    7: 0
    8: 0
    9: 0
    10: 0
    11: 39
    12: 48
    13: 52004
    14: 2111
    15: 409
    16: 235
    17: 56
    18: 48
    19: 58
    20: 47
    21: 60
    22: 28
    23: 18
    24: 32
    25: 32
    26: 11
    27: 22
    28: 16
    29: 28
    30: 41
    31: 49
    32: 42
    33: 27
    34: 34
    35: 38
    36: 42
    37: 32
    38: 33
    39: 33
    40: 22
    41: 32
    42: 33
    43: 14
    44: 3
    45: 3
    46: 3
    47: 0
    48: 0
    49: 1
    50: 0
    51: 0
    52: 0
    53: 0
    54: 0
    55: 0
    56: 0
    57: 0
    58: 0
    59: 0
    60: 0
    61: 0
    62: 0
    63: 0
    64: 0
    65: 0
    66: 0
    67: 0
    68: 0
    69: 0
    70: 0
    71: 0
    72: 0
    73: 0
    74: 0
    75: 0
    76: 0
    77: 0
    78: 0
    79: 0
    80: 0
    81: 0
    82: 0
    83: 0
    84: 0
    85: 0
    86: 0
    87: 0
    88: 0
    89: 0
    90: 0
    91: 0
    92: 0
    93: 0
    94: 0
    95: 0
    96: 0
    97: 0
    98: 0
    99: 0
  mem-2: # Memory controller stats
   rd: 55799 # Read requests
   wr: 21777 # Write requests
   rdlat: 7559166 # Total latency experienced by read requests
   wrlat: 3273962 # Total latency experienced by write requests
   rdhits: 394 # Read row hits
   wrhits: 102 # Write row hits
   mlh: # latency histogram for memory requests
    0: 0
    1: 0
    2: 0
    3: 0
    4: 0
    5: 0
    6: 0
    7: 0
    8: 0
    9: 0
    10: 0
    11: 35
    12: 62
    13: 51476
    14: 2200
    15: 593
    16: 334
    17: 74
    18: 71
    19: 71
    20: 74
    21: 40
    22: 30
    23: 32
    24: 47
    25: 31
    26: 15
    27: 18
    28: 17
    29: 43
    30: 61
    31: 54
    32: 28
    33: 36
    34: 44
    35: 49
    36: 40
    37: 28
    38: 37
    39: 29
    40: 33
    41: 26
    42: 35
    43: 16
    44: 9
    45: 0
    46: 8
    47: 1
    48: 1
    49: 1
    50: 0
    51: 0
    52: 0
    53: 0
    54: 0
    55: 0
    56: 0
    57: 0
    58: 0
    59: 0
    60: 0
    61: 0
    62: 0
    63: 0
    64: 0
    65: 0
    66: 0
    67: 0
    68: 0
    69: 0
    70: 0
    71: 0
    72: 0
    73: 0
    74: 0
    75: 0
    76: 0
    77: 0
    78: 0
    79: 0
    80: 0
    81: 0
    82: 0
    83: 0
    84: 0
    85: 0
    86: 0
    87: 0
    88: 0
    89: 0
    90: 0
    91: 0
    92: 0
    93: 0
    94: 0
    95: 0
    96: 0
    97: 0
    98: 0
    99: 0
  mem-3: # Memory controller stats
   rd: 55796 # Read requests
   wr: 21769 # Write requests
   rdlat: 7530513 # Total latency experienced by read requests
   wrlat: 3264765 # Total latency experienced by write requests
   rdhits: 364 # Read row hits
   wrhits: 109 # Write row hits
   mlh: # latency histogram for memory requests
    0: 0
    1: 0
    2: 0
    3: 0
    4: 0
    5: 0
    6: 0
    7: 0
    8: 0
    9: 0
    10: 0
    11: 37
    12: 45
    13: 52030
    14: 2097
    15: 399
    16: 244
    17: 59
    18: 57
    19: 55
    20: 60
    21: 57
    22: 23
    23: 30
    24: 44
    25: 17
    26: 12
    27: 24
    28: 14
    29: 32
    30: 37
    31: 39
    32: 42
    33: 26
    34: 28
    35: 39
    36: 22
    37: 36
    38: 35
    39: 42
    40: 32
    41: 26
    42: 29
    43: 14
    44: 5
    45: 5
    46: 1
    47: 1
    48: 0
    49: 0
    50: 1
    51: 0
    52: 0
    53: 0
    54: 0
    55: 0
    56: 0
    57: 0
    58: 0
    59: 0
    60: 0
    61: 0
    62: 0
    63: 0
    64: 0
    65: 0
    66: 0
    67: 0
    68: 0
    69: 0
    70: 0
    71: 0
    72: 0
    73: 0
    74: 0
    75: 0
    76: 0
    77: 0
    78: 0
    79: 0
    80: 0
    81: 0
    82: 0
    83: 0
    84: 0
    85: 0
    86: 0
    87: 0
    88: 0
    89: 0
    90: 0
    91: 0
    92: 0
    93: 0
    94: 0
    95: 0
    96: 0
    97: 0
    98: 0
    99: 0
 sched: # Scheduler stats
  thCr: 10 # Threads created
  thFn: 1 # Threads finished
  schedEvs: 431 # Schedule events
  waitEvs: 27 # Wait events
  handoffEvs: 0 # Handoff events
  sleepEvs: 0 # Sleep events
  idlePhases: 0 # Phases with no thread active
  idlePeriods: 0 # Periods with no thread active
  occHist: # Occupancy histogram
   0: 0
   1: 0
   2: 137
   3: 0
   4: 0
   5: 0
   6: 0
   7: 0
   8: 46561
  rqSzHist: # Run queue size histogram
   0: 45647
   1: 1051
   2: 0
   3: 0
   4: 0
   5: 0
   6: 0
   7: 0
   8: 0
   9: 0
   10: 0
   11: 0
   12: 0
   13: 0
   14: 0
   15: 0
   16: 0
 procCycles: # Per-process unhalted core cycles
  0: 3037314566
  1: 0
  2: 0
  3: 0
  4: 0
  5: 0
  6: 0
  7: 0
  8: 0
  9: 0
  10: 0
  11: 0
  12: 0
  13: 0
  14: 0
  15: 0
  16: 0
  17: 0
  18: 0
  19: 0
  20: 0
  21: 0
  22: 0
  23: 0
  24: 0
  25: 0
  26: 0
  27: 0
  28: 0
  29: 0
  30: 0
  31: 0
  32: 0
  33: 0
  34: 0
  35: 0
  36: 0
  37: 0
  38: 0
  39: 0
  40: 0
  41: 0
  42: 0
  43: 0
  44: 0
  45: 0
  46: 0
  47: 0
  48: 0
  49: 0
  50: 0
  51: 0
  52: 0
  53: 0
  54: 0
  55: 0
  56: 0
  57: 0
  58: 0
  59: 0
  60: 0
  61: 0
  62: 0
  63: 0
 procInstrs: # Per-process instructions
  0: 5000025731
  1: 0
  2: 0
  3: 0
  4: 0
  5: 0
  6: 0
  7: 0
  8: 0
  9: 0
  10: 0
  11: 0
  12: 0
  13: 0
  14: 0
  15: 0
  16: 0
  17: 0
  18: 0
  19: 0
  20: 0
  21: 0
  22: 0
  23: 0
  24: 0
  25: 0
  26: 0
  27: 0
  28: 0
  29: 0
  30: 0
  31: 0
  32: 0
  33: 0
  34: 0
  35: 0
  36: 0
  37: 0
  38: 0
  39: 0
  40: 0
  41: 0
  42: 0
  43: 0
  44: 0
  45: 0
  46: 0
  47: 0
  48: 0
  49: 0
  50: 0
  51: 0
  52: 0
  53: 0
  54: 0
  55: 0
  56: 0
  57: 0
  58: 0
  59: 0
  60: 0
  61: 0
  62: 0
  63: 0
 heartbeats: # Per-process heartbeats
  0: 0
  1: 0
  2: 0
  3: 0
  4: 0
  5: 0
  6: 0
  7: 0
  8: 0
  9: 0
  10: 0
  11: 0
  12: 0
  13: 0
  14: 0
  15: 0
  16: 0
  17: 0
  18: 0
  19: 0
  20: 0
  21: 0
  22: 0
  23: 0
  24: 0
  25: 0
  26: 0
  27: 0
  28: 0
  29: 0
  30: 0
  31: 0
  32: 0
  33: 0
  34: 0
  35: 0
  36: 0
  37: 0
  38: 0
  39: 0
  40: 0
  41: 0
  42: 0
  43: 0
  44: 0
  45: 0
  46: 0
  47: 0
  48: 0
  49: 0
  50: 0
  51: 0
  52: 0
  53: 0
  54: 0
  55: 0
  56: 0
  57: 0
  58: 0
  59: 0
  60: 0
  61: 0
  62: 0
  63: 0
===
