# zsim stats
===
root: # Stats
 contention: # Contention simulation stats
  domain-0: # Domain stats
   time: 503892826 # Weave simulation time
 time: # Simulator time breakdown
  init: 72073696537
  bound: 12031591481
  weave: 630682161
  ff: 0
 trigger: 20000 # Reason for this stats dump
 phase: 10843 # Simulated phases
 westmere: # Core stats
  westmere-0: # Core stats
   cycles: 108430126 # Simulated unhalted cycles
   cCycles: 8219497 # Cycles due to contention stalls
   instrs: 100005634 # Simulated instructions
   uops: 113805731 # Retired micro-ops
   bbls: 14845925 # Basic blocks
   approxInstrs: 596117 # Instrs with approx uop decoding
   mispredBranches: 789660 # Mispredicted branches
   condBranches: 12874963 # conditional branches
 l1i: # Cache stats
  l1i-0: # Filter cache stats
   fhGETS: 19607841 # Filtered GETS hits
   fhGETX: 0 # Filtered GETX hits
   hGETS: 198 # GETS hits
   hGETX: 0 # GETX hits
   mGETS: 162 # GETS misses
   mGETXIM: 0 # GETX I->M misses
   mGETXSM: 0 # GETX S->M misses (upgrade misses)
   PUTS: 0 # Clean evictions (from lower level)
   PUTX: 0 # Dirty evictions (from lower level)
   INV: 0 # Invalidates (from upper level)
   INVX: 0 # Downgrades (from upper level)
   FWD: 0 # Forwards (from upper level)
   latGETnl: 20088 # GET request latency on next level
   latGETnet: 0 # GET request latency on network to next level
 l1d: # Cache stats
  l1d-0: # Filter cache stats
   fhGETS: 25380601 # Filtered GETS hits
   fhGETX: 11420844 # Filtered GETX hits
   hGETS: 979972 # GETS hits
   hGETX: 1643816 # GETX hits
   mGETS: 1935361 # GETS misses
   mGETXIM: 1092886 # GETX I->M misses
   mGETXSM: 0 # GETX S->M misses (upgrade misses)
   PUTS: 0 # Clean evictions (from lower level)
   PUTX: 0 # Dirty evictions (from lower level)
   INV: 0 # Invalidates (from upper level)
   INVX: 0 # Downgrades (from upper level)
   FWD: 0 # Forwards (from upper level)
   latGETnl: 103197104 # GET request latency on next level
   latGETnet: 0 # GET request latency on network to next level
 l2: # Cache stats
  l2-0: # Cache stats
   hGETS: 940631 # GETS hits
   hGETX: 118590 # GETX hits
   mGETS: 994892 # GETS misses
   mGETXIM: 974296 # GETX I->M misses
   mGETXSM: 0 # GETX S->M misses (upgrade misses)
   PUTS: 942939 # Clean evictions (from lower level)
   PUTX: 2084796 # Dirty evictions (from lower level)
   INV: 0 # Invalidates (from upper level)
   INVX: 0 # Downgrades (from upper level)
   FWD: 0 # Forwards (from upper level)
   latGETnl: 72933102 # GET request latency on next level
   latGETnet: 0 # GET request latency on network to next level
 l3: # Cache stats
  l3-0: # Cache stats
   hGETS: 891437 # GETS hits
   hGETX: 792500 # GETX hits
   mGETS: 103455 # GETS misses
   mGETXIM: 181796 # GETX I->M misses
   mGETXSM: 0 # GETX S->M misses (upgrade misses)
   PUTS: 580786 # Clean evictions (from lower level)
   PUTX: 1384306 # Dirty evictions (from lower level)
   INV: 0 # Invalidates (from upper level)
   INVX: 0 # Downgrades (from upper level)
   FWD: 0 # Forwards (from upper level)
   latGETnl: 25672590 # GET request latency on next level
   latGETnet: 0 # GET request latency on network to next level
 mem: # Memory controller stats
  mem-0: # Memory controller stats
   rd: 71168 # Read requests
   wr: 51698 # Write requests
   rdlat: 9689622 # Total latency experienced by read requests
   wrlat: 7560199 # Total latency experienced by write requests
   rdhits: 1831 # Read row hits
   wrhits: 571 # Write row hits
   mlh: # latency histogram for memory requests
    0: 0
    1: 0
    2: 0
    3: 0
    4: 0
    5: 0
    6: 0
    7: 0
    8: 0
    9: 0
    10: 0
    11: 221
    12: 217
    13: 64794
    14: 1480
    15: 1110
    16: 630
    17: 346
    18: 353
    19: 405
    20: 403
    21: 241
    22: 70
    23: 88
    24: 77
    25: 53
    26: 40
    27: 39
    28: 29
    29: 39
    30: 34
    31: 37
    32: 41
    33: 29
    34: 38
    35: 46
    36: 39
    37: 42
    38: 32
    39: 23
    40: 40
    41: 45
    42: 47
    43: 20
    44: 2
    45: 5
    46: 1
    47: 5
    48: 2
    49: 2
    50: 0
    51: 0
    52: 1
    53: 0
    54: 2
    55: 0
    56: 0
    57: 0
    58: 0
    59: 0
    60: 0
    61: 0
    62: 0
    63: 0
    64: 0
    65: 0
    66: 0
    67: 0
    68: 0
    69: 0
    70: 0
    71: 0
    72: 0
    73: 0
    74: 0
    75: 0
    76: 0
    77: 0
    78: 0
    79: 0
    80: 0
    81: 0
    82: 0
    83: 0
    84: 0
    85: 0
    86: 0
    87: 0
    88: 0
    89: 0
    90: 0
    91: 0
    92: 0
    93: 0
    94: 0
    95: 0
    96: 0
    97: 0
    98: 0
    99: 0
  mem-1: # Memory controller stats
   rd: 71552 # Read requests
   wr: 52229 # Write requests
   rdlat: 9768848 # Total latency experienced by read requests
   wrlat: 7716311 # Total latency experienced by write requests
   rdhits: 1891 # Read row hits
   wrhits: 697 # Write row hits
   mlh: # latency histogram for memory requests
    0: 0
    1: 0
    2: 0
    3: 0
    4: 0
    5: 0
    6: 0
    7: 0
    8: 0
    9: 0
    10: 0
    11: 188
    12: 269
    13: 64975
    14: 1402
    15: 1077
    16: 620
    17: 387
    18: 437
    19: 435
    20: 478
    21: 250
    22: 91
    23: 93
    24: 74
    25: 61
    26: 29
    27: 33
    28: 34
    29: 41
    30: 47
    31: 43
    32: 41
    33: 44
    34: 52
    35: 36
    36: 30
    37: 49
    38: 38
    39: 38
    40: 25
    41: 41
    42: 41
    43: 18
    44: 5
    45: 19
    46: 4
    47: 2
    48: 0
    49: 1
    50: 0
    51: 2
    52: 1
    53: 1
    54: 0
    55: 0
    56: 0
    57: 0
    58: 0
    59: 0
    60: 0
    61: 0
    62: 0
    63: 0
    64: 0
    65: 0
    66: 0
    67: 0
    68: 0
    69: 0
    70: 0
    71: 0
    72: 0
    73: 0
    74: 0
    75: 0
    76: 0
    77: 0
    78: 0
    79: 0
    80: 0
    81: 0
    82: 0
    83: 0
    84: 0
    85: 0
    86: 0
    87: 0
    88: 0
    89: 0
    90: 0
    91: 0
    92: 0
    93: 0
    94: 0
    95: 0
    96: 0
    97: 0
    98: 0
    99: 0
  mem-2: # Memory controller stats
   rd: 71558 # Read requests
   wr: 52105 # Write requests
   rdlat: 9771905 # Total latency experienced by read requests
   wrlat: 7713287 # Total latency experienced by write requests
   rdhits: 2073 # Read row hits
   wrhits: 715 # Write row hits
   mlh: # latency histogram for memory requests
    0: 0
    1: 0
    2: 0
    3: 0
    4: 0
    5: 0
    6: 0
    7: 0
    8: 0
    9: 0
    10: 0
    11: 229
    12: 265
    13: 64827
    14: 1437
    15: 1110
    16: 630
    17: 405
    18: 426
    19: 435
    20: 444
    21: 259
    22: 108
    23: 112
    24: 82
    25: 59
    26: 42
    27: 32
    28: 32
    29: 36
    30: 35
    31: 49
    32: 30
    33: 47
    34: 48
    35: 31
    36: 45
    37: 45
    38: 45
    39: 42
    40: 42
    41: 38
    42: 28
    43: 23
    44: 6
    45: 12
    46: 3
    47: 12
    48: 4
    49: 0
    50: 2
    51: 0
    52: 1
    53: 0
    54: 0
    55: 0
    56: 0
    57: 0
    58: 0
    59: 0
    60: 0
    61: 0
    62: 0
    63: 0
    64: 0
    65: 0
    66: 0
    67: 0
    68: 0
    69: 0
    70: 0
    71: 0
    72: 0
    73: 0
    74: 0
    75: 0
    76: 0
    77: 0
    78: 0
    79: 0
    80: 0
    81: 0
    82: 0
    83: 0
    84: 0
    85: 0
    86: 0
    87: 0
    88: 0
    89: 0
    90: 0
    91: 0
    92: 0
    93: 0
    94: 0
    95: 0
    96: 0
    97: 0
    98: 0
    99: 0
  mem-3: # Memory controller stats
   rd: 70973 # Read requests
   wr: 51804 # Write requests
   rdlat: 9670324 # Total latency experienced by read requests
   wrlat: 7558384 # Total latency experienced by write requests
   rdhits: 1749 # Read row hits
   wrhits: 609 # Write row hits
   mlh: # latency histogram for memory requests
    0: 0
    1: 0
    2: 0
    3: 0
    4: 0
    5: 0
    6: 0
    7: 0
    8: 0
    9: 0
    10: 0
    11: 215
    12: 249
    13: 64678
    14: 1397
    15: 1097
    16: 651
    17: 339
    18: 331
    19: 389
    20: 408
    21: 240
    22: 79
    23: 86
    24: 67
    25: 48
    26: 30
    27: 32
    28: 46
    29: 28
    30: 48
    31: 42
    32: 36
    33: 37
    34: 39
    35: 34
    36: 36
    37: 48
    38: 41
    39: 42
    40: 44
    41: 35
    42: 40
    43: 12
    44: 1
    45: 7
    46: 8
    47: 7
    48: 3
    49: 2
    50: 0
    51: 1
    52: 0
    53: 0
    54: 0
    55: 0
    56: 0
    57: 0
    58: 0
    59: 0
    60: 0
    61: 0
    62: 0
    63: 0
    64: 0
    65: 0
    66: 0
    67: 0
    68: 0
    69: 0
    70: 0
    71: 0
    72: 0
    73: 0
    74: 0
    75: 0
    76: 0
    77: 0
    78: 0
    79: 0
    80: 0
    81: 0
    82: 0
    83: 0
    84: 0
    85: 0
    86: 0
    87: 0
    88: 0
    89: 0
    90: 0
    91: 0
    92: 0
    93: 0
    94: 0
    95: 0
    96: 0
    97: 0
    98: 0
    99: 0
 sched: # Scheduler stats
  thCr: 1 # Threads created
  thFn: 1 # Threads finished
  schedEvs: 1 # Schedule events
  waitEvs: 0 # Wait events
  handoffEvs: 0 # Handoff events
  sleepEvs: 0 # Sleep events
  idlePhases: 0 # Phases with no thread active
  idlePeriods: 0 # Periods with no thread active
  occHist: # Occupancy histogram
   0: 0
   1: 10843
  rqSzHist: # Run queue size histogram
   0: 10843
   1: 0
   2: 0
   3: 0
   4: 0
   5: 0
   6: 0
   7: 0
   8: 0
   9: 0
   10: 0
   11: 0
   12: 0
   13: 0
   14: 0
   15: 0
   16: 0
 procCycles: # Per-process unhalted core cycles
  0: 108430126
  1: 0
  2: 0
  3: 0
  4: 0
  5: 0
  6: 0
  7: 0
  8: 0
  9: 0
  10: 0
  11: 0
  12: 0
  13: 0
  14: 0
  15: 0
  16: 0
  17: 0
  18: 0
  19: 0
  20: 0
  21: 0
  22: 0
  23: 0
  24: 0
  25: 0
  26: 0
  27: 0
  28: 0
  29: 0
  30: 0
  31: 0
  32: 0
  33: 0
  34: 0
  35: 0
  36: 0
  37: 0
  38: 0
  39: 0
  40: 0
  41: 0
  42: 0
  43: 0
  44: 0
  45: 0
  46: 0
  47: 0
  48: 0
  49: 0
  50: 0
  51: 0
  52: 0
  53: 0
  54: 0
  55: 0
  56: 0
  57: 0
  58: 0
  59: 0
  60: 0
  61: 0
  62: 0
  63: 0
 procInstrs: # Per-process instructions
  0: 100005634
  1: 0
  2: 0
  3: 0
  4: 0
  5: 0
  6: 0
  7: 0
  8: 0
  9: 0
  10: 0
  11: 0
  12: 0
  13: 0
  14: 0
  15: 0
  16: 0
  17: 0
  18: 0
  19: 0
  20: 0
  21: 0
  22: 0
  23: 0
  24: 0
  25: 0
  26: 0
  27: 0
  28: 0
  29: 0
  30: 0
  31: 0
  32: 0
  33: 0
  34: 0
  35: 0
  36: 0
  37: 0
  38: 0
  39: 0
  40: 0
  41: 0
  42: 0
  43: 0
  44: 0
  45: 0
  46: 0
  47: 0
  48: 0
  49: 0
  50: 0
  51: 0
  52: 0
  53: 0
  54: 0
  55: 0
  56: 0
  57: 0
  58: 0
  59: 0
  60: 0
  61: 0
  62: 0
  63: 0
 heartbeats: # Per-process heartbeats
  0: 0
  1: 0
  2: 0
  3: 0
  4: 0
  5: 0
  6: 0
  7: 0
  8: 0
  9: 0
  10: 0
  11: 0
  12: 0
  13: 0
  14: 0
  15: 0
  16: 0
  17: 0
  18: 0
  19: 0
  20: 0
  21: 0
  22: 0
  23: 0
  24: 0
  25: 0
  26: 0
  27: 0
  28: 0
  29: 0
  30: 0
  31: 0
  32: 0
  33: 0
  34: 0
  35: 0
  36: 0
  37: 0
  38: 0
  39: 0
  40: 0
  41: 0
  42: 0
  43: 0
  44: 0
  45: 0
  46: 0
  47: 0
  48: 0
  49: 0
  50: 0
  51: 0
  52: 0
  53: 0
  54: 0
  55: 0
  56: 0
  57: 0
  58: 0
  59: 0
  60: 0
  61: 0
  62: 0
  63: 0
===
