# zsim stats
===
root: # Stats
 contention: # Contention simulation stats
  domain-0: # Domain stats
   time: 424196430 # Weave simulation time
 time: # Simulator time breakdown
  init: 580959602177
  bound: 12141594200
  weave: 557860525
  ff: 0
 trigger: 20000 # Reason for this stats dump
 phase: 12357 # Simulated phases
 westmere: # Core stats
  westmere-0: # Core stats
   cycles: 123570004 # Simulated unhalted cycles
   cCycles: 8168990 # Cycles due to contention stalls
   instrs: 100003222 # Simulated instructions
   uops: 119753912 # Retired micro-ops
   bbls: 21950744 # Basic blocks
   approxInstrs: 221497 # Instrs with approx uop decoding
   mispredBranches: 1075035 # Mispredicted branches
   condBranches: 17154949 # conditional branches
 l1i: # Cache stats
  l1i-0: # Filter cache stats
   fhGETS: 24397486 # Filtered GETS hits
   fhGETX: 0 # Filtered GETX hits
   hGETS: 1892808 # GETS hits
   hGETX: 0 # GETX hits
   mGETS: 676341 # GETS misses
   mGETXIM: 0 # GETX I->M misses
   mGETXSM: 0 # GETX S->M misses (upgrade misses)
   PUTS: 0 # Clean evictions (from lower level)
   PUTX: 0 # Dirty evictions (from lower level)
   INV: 15 # Invalidates (from upper level)
   INVX: 0 # Downgrades (from upper level)
   FWD: 0 # Forwards (from upper level)
   latGETnl: 8499612 # GET request latency on next level
   latGETnet: 0 # GET request latency on network to next level
 l1d: # Cache stats
  l1d-0: # Filter cache stats
   fhGETS: 22852875 # Filtered GETS hits
   fhGETX: 16026952 # Filtered GETX hits
   hGETS: 1749940 # GETS hits
   hGETX: 912724 # GETX hits
   mGETS: 1509255 # GETS misses
   mGETXIM: 1946860 # GETX I->M misses
   mGETXSM: 0 # GETX S->M misses (upgrade misses)
   PUTS: 0 # Clean evictions (from lower level)
   PUTX: 0 # Dirty evictions (from lower level)
   INV: 1 # Invalidates (from upper level)
   INVX: 0 # Downgrades (from upper level)
   FWD: 0 # Forwards (from upper level)
   latGETnl: 102196690 # GET request latency on next level
   latGETnet: 0 # GET request latency on network to next level
 l2: # Cache stats
  l2-0: # Cache stats
   hGETS: 1122995 # GETS hits
   hGETX: 1200018 # GETX hits
   mGETS: 1062601 # GETS misses
   mGETXIM: 746842 # GETX I->M misses
   mGETXSM: 0 # GETX S->M misses (upgrade misses)
   PUTS: 1830157 # Clean evictions (from lower level)
   PUTX: 2301259 # Dirty evictions (from lower level)
   INV: 8 # Invalidates (from upper level)
   INVX: 0 # Downgrades (from upper level)
   FWD: 0 # Forwards (from upper level)
   latGETnl: 69371742 # GET request latency on next level
   latGETnet: 0 # GET request latency on network to next level
 l3: # Cache stats
  l3-0: # Cache stats
   hGETS: 833614 # GETS hits
   hGETX: 687550 # GETX hits
   mGETS: 228987 # GETS misses
   mGETXIM: 59292 # GETX I->M misses
   mGETXSM: 0 # GETX S->M misses (upgrade misses)
   PUTS: 886599 # Clean evictions (from lower level)
   PUTX: 918740 # Dirty evictions (from lower level)
   INV: 0 # Invalidates (from upper level)
   INVX: 0 # Downgrades (from upper level)
   FWD: 0 # Forwards (from upper level)
   latGETnl: 25945110 # GET request latency on next level
   latGETnet: 0 # GET request latency on network to next level
 mem: # Memory controller stats
  mem-0: # Memory controller stats
   rd: 74875 # Read requests
   wr: 18683 # Write requests
   rdlat: 10055099 # Total latency experienced by read requests
   wrlat: 2721996 # Total latency experienced by write requests
   rdhits: 21 # Read row hits
   wrhits: 13 # Write row hits
   mlh: # latency histogram for memory requests
    0: 0
    1: 0
    2: 0
    3: 0
    4: 0
    5: 0
    6: 0
    7: 0
    8: 0
    9: 0
    10: 0
    11: 1
    12: 4
    13: 72404
    14: 616
    15: 471
    16: 199
    17: 46
    18: 41
    19: 53
    20: 60
    21: 39
    22: 46
    23: 43
    24: 52
    25: 39
    26: 51
    27: 41
    28: 37
    29: 36
    30: 42
    31: 38
    32: 44
    33: 36
    34: 47
    35: 58
    36: 50
    37: 45
    38: 41
    39: 44
    40: 41
    41: 47
    42: 43
    43: 11
    44: 3
    45: 1
    46: 2
    47: 2
    48: 0
    49: 0
    50: 1
    51: 0
    52: 0
    53: 0
    54: 0
    55: 0
    56: 0
    57: 0
    58: 0
    59: 0
    60: 0
    61: 0
    62: 0
    63: 0
    64: 0
    65: 0
    66: 0
    67: 0
    68: 0
    69: 0
    70: 0
    71: 0
    72: 0
    73: 0
    74: 0
    75: 0
    76: 0
    77: 0
    78: 0
    79: 0
    80: 0
    81: 0
    82: 0
    83: 0
    84: 0
    85: 0
    86: 0
    87: 0
    88: 0
    89: 0
    90: 0
    91: 0
    92: 0
    93: 0
    94: 0
    95: 0
    96: 0
    97: 0
    98: 0
    99: 0
  mem-1: # Memory controller stats
   rd: 68912 # Read requests
   wr: 18295 # Write requests
   rdlat: 9249123 # Total latency experienced by read requests
   wrlat: 2672251 # Total latency experienced by write requests
   rdhits: 30 # Read row hits
   wrhits: 16 # Write row hits
   mlh: # latency histogram for memory requests
    0: 0
    1: 0
    2: 0
    3: 0
    4: 0
    5: 0
    6: 0
    7: 0
    8: 0
    9: 0
    10: 0
    11: 2
    12: 4
    13: 66650
    14: 554
    15: 462
    16: 211
    17: 41
    18: 50
    19: 43
    20: 48
    21: 36
    22: 39
    23: 20
    24: 56
    25: 33
    26: 25
    27: 29
    28: 29
    29: 29
    30: 42
    31: 58
    32: 35
    33: 47
    34: 33
    35: 35
    36: 36
    37: 36
    38: 48
    39: 42
    40: 30
    41: 33
    42: 49
    43: 16
    44: 3
    45: 0
    46: 5
    47: 2
    48: 0
    49: 0
    50: 1
    51: 0
    52: 0
    53: 0
    54: 0
    55: 0
    56: 0
    57: 0
    58: 0
    59: 0
    60: 0
    61: 0
    62: 0
    63: 0
    64: 0
    65: 0
    66: 0
    67: 0
    68: 0
    69: 0
    70: 0
    71: 0
    72: 0
    73: 0
    74: 0
    75: 0
    76: 0
    77: 0
    78: 0
    79: 0
    80: 0
    81: 0
    82: 0
    83: 0
    84: 0
    85: 0
    86: 0
    87: 0
    88: 0
    89: 0
    90: 0
    91: 0
    92: 0
    93: 0
    94: 0
    95: 0
    96: 0
    97: 0
    98: 0
    99: 0
  mem-2: # Memory controller stats
   rd: 76009 # Read requests
   wr: 18849 # Write requests
   rdlat: 10202851 # Total latency experienced by read requests
   wrlat: 2757575 # Total latency experienced by write requests
   rdhits: 33 # Read row hits
   wrhits: 24 # Write row hits
   mlh: # latency histogram for memory requests
    0: 0
    1: 0
    2: 0
    3: 0
    4: 0
    5: 0
    6: 0
    7: 0
    8: 0
    9: 0
    10: 0
    11: 1
    12: 18
    13: 73516
    14: 580
    15: 531
    16: 199
    17: 42
    18: 41
    19: 36
    20: 59
    21: 43
    22: 52
    23: 65
    24: 52
    25: 43
    26: 31
    27: 32
    28: 31
    29: 47
    30: 44
    31: 46
    32: 54
    33: 35
    34: 34
    35: 50
    36: 35
    37: 47
    38: 48
    39: 50
    40: 35
    41: 44
    42: 40
    43: 22
    44: 1
    45: 3
    46: 1
    47: 1
    48: 0
    49: 0
    50: 0
    51: 0
    52: 0
    53: 0
    54: 0
    55: 0
    56: 0
    57: 0
    58: 0
    59: 0
    60: 0
    61: 0
    62: 0
    63: 0
    64: 0
    65: 0
    66: 0
    67: 0
    68: 0
    69: 0
    70: 0
    71: 0
    72: 0
    73: 0
    74: 0
    75: 0
    76: 0
    77: 0
    78: 0
    79: 0
    80: 0
    81: 0
    82: 0
    83: 0
    84: 0
    85: 0
    86: 0
    87: 0
    88: 0
    89: 0
    90: 0
    91: 0
    92: 0
    93: 0
    94: 0
    95: 0
    96: 0
    97: 0
    98: 0
    99: 0
  mem-3: # Memory controller stats
   rd: 68483 # Read requests
   wr: 18103 # Write requests
   rdlat: 9194645 # Total latency experienced by read requests
   wrlat: 2638703 # Total latency experienced by write requests
   rdhits: 28 # Read row hits
   wrhits: 21 # Write row hits
   mlh: # latency histogram for memory requests
    0: 0
    1: 0
    2: 0
    3: 0
    4: 0
    5: 0
    6: 0
    7: 0
    8: 0
    9: 0
    10: 0
    11: 2
    12: 23
    13: 66177
    14: 549
    15: 467
    16: 217
    17: 48
    18: 47
    19: 43
    20: 40
    21: 36
    22: 41
    23: 49
    24: 54
    25: 41
    26: 27
    27: 33
    28: 33
    29: 28
    30: 34
    31: 44
    32: 33
    33: 32
    34: 39
    35: 35
    36: 33
    37: 43
    38: 37
    39: 47
    40: 51
    41: 29
    42: 47
    43: 10
    44: 6
    45: 3
    46: 3
    47: 0
    48: 2
    49: 0
    50: 0
    51: 0
    52: 0
    53: 0
    54: 0
    55: 0
    56: 0
    57: 0
    58: 0
    59: 0
    60: 0
    61: 0
    62: 0
    63: 0
    64: 0
    65: 0
    66: 0
    67: 0
    68: 0
    69: 0
    70: 0
    71: 0
    72: 0
    73: 0
    74: 0
    75: 0
    76: 0
    77: 0
    78: 0
    79: 0
    80: 0
    81: 0
    82: 0
    83: 0
    84: 0
    85: 0
    86: 0
    87: 0
    88: 0
    89: 0
    90: 0
    91: 0
    92: 0
    93: 0
    94: 0
    95: 0
    96: 0
    97: 0
    98: 0
    99: 0
 sched: # Scheduler stats
  thCr: 1 # Threads created
  thFn: 1 # Threads finished
  schedEvs: 1 # Schedule events
  waitEvs: 0 # Wait events
  handoffEvs: 0 # Handoff events
  sleepEvs: 0 # Sleep events
  idlePhases: 0 # Phases with no thread active
  idlePeriods: 0 # Periods with no thread active
  occHist: # Occupancy histogram
   0: 0
   1: 12357
  rqSzHist: # Run queue size histogram
   0: 12357
   1: 0
   2: 0
   3: 0
   4: 0
   5: 0
   6: 0
   7: 0
   8: 0
   9: 0
   10: 0
   11: 0
   12: 0
   13: 0
   14: 0
   15: 0
   16: 0
 procCycles: # Per-process unhalted core cycles
  0: 123570004
  1: 0
  2: 0
  3: 0
  4: 0
  5: 0
  6: 0
  7: 0
  8: 0
  9: 0
  10: 0
  11: 0
  12: 0
  13: 0
  14: 0
  15: 0
  16: 0
  17: 0
  18: 0
  19: 0
  20: 0
  21: 0
  22: 0
  23: 0
  24: 0
  25: 0
  26: 0
  27: 0
  28: 0
  29: 0
  30: 0
  31: 0
  32: 0
  33: 0
  34: 0
  35: 0
  36: 0
  37: 0
  38: 0
  39: 0
  40: 0
  41: 0
  42: 0
  43: 0
  44: 0
  45: 0
  46: 0
  47: 0
  48: 0
  49: 0
  50: 0
  51: 0
  52: 0
  53: 0
  54: 0
  55: 0
  56: 0
  57: 0
  58: 0
  59: 0
  60: 0
  61: 0
  62: 0
  63: 0
 procInstrs: # Per-process instructions
  0: 100003222
  1: 0
  2: 0
  3: 0
  4: 0
  5: 0
  6: 0
  7: 0
  8: 0
  9: 0
  10: 0
  11: 0
  12: 0
  13: 0
  14: 0
  15: 0
  16: 0
  17: 0
  18: 0
  19: 0
  20: 0
  21: 0
  22: 0
  23: 0
  24: 0
  25: 0
  26: 0
  27: 0
  28: 0
  29: 0
  30: 0
  31: 0
  32: 0
  33: 0
  34: 0
  35: 0
  36: 0
  37: 0
  38: 0
  39: 0
  40: 0
  41: 0
  42: 0
  43: 0
  44: 0
  45: 0
  46: 0
  47: 0
  48: 0
  49: 0
  50: 0
  51: 0
  52: 0
  53: 0
  54: 0
  55: 0
  56: 0
  57: 0
  58: 0
  59: 0
  60: 0
  61: 0
  62: 0
  63: 0
 heartbeats: # Per-process heartbeats
  0: 0
  1: 0
  2: 0
  3: 0
  4: 0
  5: 0
  6: 0
  7: 0
  8: 0
  9: 0
  10: 0
  11: 0
  12: 0
  13: 0
  14: 0
  15: 0
  16: 0
  17: 0
  18: 0
  19: 0
  20: 0
  21: 0
  22: 0
  23: 0
  24: 0
  25: 0
  26: 0
  27: 0
  28: 0
  29: 0
  30: 0
  31: 0
  32: 0
  33: 0
  34: 0
  35: 0
  36: 0
  37: 0
  38: 0
  39: 0
  40: 0
  41: 0
  42: 0
  43: 0
  44: 0
  45: 0
  46: 0
  47: 0
  48: 0
  49: 0
  50: 0
  51: 0
  52: 0
  53: 0
  54: 0
  55: 0
  56: 0
  57: 0
  58: 0
  59: 0
  60: 0
  61: 0
  62: 0
  63: 0
===
