# zsim stats
===
root: # Stats
 contention: # Contention simulation stats
  domain-0: # Domain stats
   time: 275820231 # Weave simulation time
 time: # Simulator time breakdown
  init: 2884984519902
  bound: 10110544758
  weave: 348529531
  ff: 0
 trigger: 20000 # Reason for this stats dump
 phase: 6403 # Simulated phases
 westmere: # Core stats
  westmere-0: # Core stats
   cycles: 64030717 # Simulated unhalted cycles
   cCycles: 5615360 # Cycles due to contention stalls
   instrs: 100006327 # Simulated instructions
   uops: 142677865 # Retired micro-ops
   bbls: 4785584 # Basic blocks
   approxInstrs: 432 # Instrs with approx uop decoding
   mispredBranches: 23096 # Mispredicted branches
   condBranches: 4718274 # conditional branches
 l1i: # Cache stats
  l1i-0: # Filter cache stats
   fhGETS: 9440534 # Filtered GETS hits
   fhGETX: 0 # Filtered GETX hits
   hGETS: 20738 # GETS hits
   hGETX: 0 # GETX hits
   mGETS: 1898 # GETS misses
   mGETXIM: 0 # GETX I->M misses
   mGETXSM: 0 # GETX S->M misses (upgrade misses)
   PUTS: 0 # Clean evictions (from lower level)
   PUTX: 0 # Dirty evictions (from lower level)
   INV: 0 # Invalidates (from upper level)
   INVX: 0 # Downgrades (from upper level)
   FWD: 0 # Forwards (from upper level)
   latGETnl: 110342 # GET request latency on next level
   latGETnet: 0 # GET request latency on network to next level
 l1d: # Cache stats
  l1d-0: # Filter cache stats
   fhGETS: 27552017 # Filtered GETS hits
   fhGETX: 9099124 # Filtered GETX hits
   hGETS: 15281613 # GETS hits
   hGETX: 5955414 # GETX hits
   mGETS: 242365 # GETS misses
   mGETXIM: 291886 # GETX I->M misses
   mGETXSM: 0 # GETX S->M misses (upgrade misses)
   PUTS: 0 # Clean evictions (from lower level)
   PUTX: 0 # Dirty evictions (from lower level)
   INV: 0 # Invalidates (from upper level)
   INVX: 0 # Downgrades (from upper level)
   FWD: 0 # Forwards (from upper level)
   latGETnl: 25973852 # GET request latency on next level
   latGETnet: 0 # GET request latency on network to next level
 l2: # Cache stats
  l2-0: # Cache stats
   hGETS: 214643 # GETS hits
   hGETX: 1450 # GETX hits
   mGETS: 29620 # GETS misses
   mGETXIM: 290436 # GETX I->M misses
   mGETXSM: 0 # GETX S->M misses (upgrade misses)
   PUTS: 242579 # Clean evictions (from lower level)
   PUTX: 292623 # Dirty evictions (from lower level)
   INV: 0 # Invalidates (from upper level)
   INVX: 0 # Downgrades (from upper level)
   FWD: 0 # Forwards (from upper level)
   latGETnl: 20722704 # GET request latency on next level
   latGETnet: 0 # GET request latency on network to next level
 l3: # Cache stats
  l3-0: # Cache stats
   hGETS: 24775 # GETS hits
   hGETX: 150377 # GETX hits
   mGETS: 4845 # GETS misses
   mGETXIM: 140059 # GETX I->M misses
   mGETXSM: 0 # GETX S->M misses (upgrade misses)
   PUTS: 27350 # Clean evictions (from lower level)
   PUTX: 288610 # Dirty evictions (from lower level)
   INV: 0 # Invalidates (from upper level)
   INVX: 0 # Downgrades (from upper level)
   FWD: 0 # Forwards (from upper level)
   latGETnl: 13041360 # GET request latency on next level
   latGETnet: 0 # GET request latency on network to next level
 mem: # Memory controller stats
  mem-0: # Memory controller stats
   rd: 36198 # Read requests
   wr: 27428 # Write requests
   rdlat: 5555405 # Total latency experienced by read requests
   wrlat: 4146633 # Total latency experienced by write requests
   rdhits: 7 # Read row hits
   wrhits: 43 # Write row hits
   mlh: # latency histogram for memory requests
    0: 0
    1: 0
    2: 0
    3: 0
    4: 0
    5: 0
    6: 0
    7: 0
    8: 0
    9: 0
    10: 0
    11: 0
    12: 2
    13: 26815
    14: 2697
    15: 33
    16: 25
    17: 11
    18: 12
    19: 12
    20: 20
    21: 19
    22: 41
    23: 5942
    24: 30
    25: 67
    26: 37
    27: 32
    28: 16
    29: 19
    30: 26
    31: 28
    32: 24
    33: 14
    34: 19
    35: 21
    36: 17
    37: 18
    38: 22
    39: 17
    40: 27
    41: 20
    42: 29
    43: 12
    44: 2
    45: 4
    46: 8
    47: 25
    48: 10
    49: 7
    50: 8
    51: 2
    52: 4
    53: 4
    54: 0
    55: 0
    56: 0
    57: 0
    58: 0
    59: 0
    60: 0
    61: 0
    62: 0
    63: 0
    64: 0
    65: 0
    66: 0
    67: 0
    68: 0
    69: 0
    70: 0
    71: 0
    72: 0
    73: 0
    74: 0
    75: 0
    76: 0
    77: 0
    78: 0
    79: 0
    80: 0
    81: 0
    82: 0
    83: 0
    84: 0
    85: 0
    86: 0
    87: 0
    88: 0
    89: 0
    90: 0
    91: 0
    92: 0
    93: 0
    94: 0
    95: 0
    96: 0
    97: 0
    98: 0
    99: 0
  mem-1: # Memory controller stats
   rd: 36183 # Read requests
   wr: 27425 # Write requests
   rdlat: 5543798 # Total latency experienced by read requests
   wrlat: 4148389 # Total latency experienced by write requests
   rdhits: 4 # Read row hits
   wrhits: 52 # Write row hits
   mlh: # latency histogram for memory requests
    0: 0
    1: 0
    2: 0
    3: 0
    4: 0
    5: 0
    6: 0
    7: 0
    8: 0
    9: 0
    10: 0
    11: 1
    12: 0
    13: 26862
    14: 2696
    15: 31
    16: 29
    17: 11
    18: 11
    19: 18
    20: 16
    21: 16
    22: 46
    23: 5936
    24: 31
    25: 51
    26: 20
    27: 25
    28: 14
    29: 17
    30: 23
    31: 17
    32: 25
    33: 23
    34: 19
    35: 22
    36: 18
    37: 14
    38: 16
    39: 20
    40: 27
    41: 14
    42: 21
    43: 13
    44: 7
    45: 4
    46: 6
    47: 29
    48: 7
    49: 8
    50: 6
    51: 2
    52: 8
    53: 3
    54: 0
    55: 0
    56: 0
    57: 0
    58: 0
    59: 0
    60: 0
    61: 0
    62: 0
    63: 0
    64: 0
    65: 0
    66: 0
    67: 0
    68: 0
    69: 0
    70: 0
    71: 0
    72: 0
    73: 0
    74: 0
    75: 0
    76: 0
    77: 0
    78: 0
    79: 0
    80: 0
    81: 0
    82: 0
    83: 0
    84: 0
    85: 0
    86: 0
    87: 0
    88: 0
    89: 0
    90: 0
    91: 0
    92: 0
    93: 0
    94: 0
    95: 0
    96: 0
    97: 0
    98: 0
    99: 0
  mem-2: # Memory controller stats
   rd: 36255 # Read requests
   wr: 27479 # Write requests
   rdlat: 5577709 # Total latency experienced by read requests
   wrlat: 4162376 # Total latency experienced by write requests
   rdhits: 4 # Read row hits
   wrhits: 41 # Write row hits
   mlh: # latency histogram for memory requests
    0: 0
    1: 0
    2: 0
    3: 0
    4: 0
    5: 0
    6: 0
    7: 0
    8: 0
    9: 0
    10: 0
    11: 0
    12: 0
    13: 26848
    14: 2694
    15: 31
    16: 27
    17: 10
    18: 11
    19: 22
    20: 22
    21: 8
    22: 44
    23: 5925
    24: 26
    25: 76
    26: 25
    27: 28
    28: 19
    29: 22
    30: 25
    31: 23
    32: 23
    33: 21
    34: 18
    35: 16
    36: 14
    37: 18
    38: 24
    39: 22
    40: 25
    41: 33
    42: 32
    43: 14
    44: 2
    45: 6
    46: 9
    47: 36
    48: 17
    49: 9
    50: 5
    51: 6
    52: 12
    53: 6
    54: 1
    55: 0
    56: 0
    57: 0
    58: 0
    59: 0
    60: 0
    61: 0
    62: 0
    63: 0
    64: 0
    65: 0
    66: 0
    67: 0
    68: 0
    69: 0
    70: 0
    71: 0
    72: 0
    73: 0
    74: 0
    75: 0
    76: 0
    77: 0
    78: 0
    79: 0
    80: 0
    81: 0
    82: 0
    83: 0
    84: 0
    85: 0
    86: 0
    87: 0
    88: 0
    89: 0
    90: 0
    91: 0
    92: 0
    93: 0
    94: 0
    95: 0
    96: 0
    97: 0
    98: 0
    99: 0
  mem-3: # Memory controller stats
   rd: 36264 # Read requests
   wr: 27497 # Write requests
   rdlat: 5563084 # Total latency experienced by read requests
   wrlat: 4162140 # Total latency experienced by write requests
   rdhits: 5 # Read row hits
   wrhits: 53 # Write row hits
   mlh: # latency histogram for memory requests
    0: 0
    1: 0
    2: 0
    3: 0
    4: 0
    5: 0
    6: 0
    7: 0
    8: 0
    9: 0
    10: 0
    11: 0
    12: 1
    13: 26929
    14: 2683
    15: 47
    16: 26
    17: 12
    18: 13
    19: 10
    20: 16
    21: 14
    22: 38
    23: 5910
    24: 39
    25: 68
    26: 30
    27: 27
    28: 21
    29: 12
    30: 21
    31: 24
    32: 26
    33: 19
    34: 13
    35: 20
    36: 23
    37: 11
    38: 13
    39: 13
    40: 22
    41: 30
    42: 21
    43: 14
    44: 3
    45: 7
    46: 5
    47: 28
    48: 11
    49: 6
    50: 11
    51: 10
    52: 10
    53: 7
    54: 0
    55: 0
    56: 0
    57: 0
    58: 0
    59: 0
    60: 0
    61: 0
    62: 0
    63: 0
    64: 0
    65: 0
    66: 0
    67: 0
    68: 0
    69: 0
    70: 0
    71: 0
    72: 0
    73: 0
    74: 0
    75: 0
    76: 0
    77: 0
    78: 0
    79: 0
    80: 0
    81: 0
    82: 0
    83: 0
    84: 0
    85: 0
    86: 0
    87: 0
    88: 0
    89: 0
    90: 0
    91: 0
    92: 0
    93: 0
    94: 0
    95: 0
    96: 0
    97: 0
    98: 0
    99: 0
 sched: # Scheduler stats
  thCr: 1 # Threads created
  thFn: 1 # Threads finished
  schedEvs: 1 # Schedule events
  waitEvs: 0 # Wait events
  handoffEvs: 0 # Handoff events
  sleepEvs: 0 # Sleep events
  idlePhases: 0 # Phases with no thread active
  idlePeriods: 0 # Periods with no thread active
  occHist: # Occupancy histogram
   0: 0
   1: 6403
  rqSzHist: # Run queue size histogram
   0: 6403
   1: 0
   2: 0
   3: 0
   4: 0
   5: 0
   6: 0
   7: 0
   8: 0
   9: 0
   10: 0
   11: 0
   12: 0
   13: 0
   14: 0
   15: 0
   16: 0
 procCycles: # Per-process unhalted core cycles
  0: 64030717
  1: 0
  2: 0
  3: 0
  4: 0
  5: 0
  6: 0
  7: 0
  8: 0
  9: 0
  10: 0
  11: 0
  12: 0
  13: 0
  14: 0
  15: 0
  16: 0
  17: 0
  18: 0
  19: 0
  20: 0
  21: 0
  22: 0
  23: 0
  24: 0
  25: 0
  26: 0
  27: 0
  28: 0
  29: 0
  30: 0
  31: 0
  32: 0
  33: 0
  34: 0
  35: 0
  36: 0
  37: 0
  38: 0
  39: 0
  40: 0
  41: 0
  42: 0
  43: 0
  44: 0
  45: 0
  46: 0
  47: 0
  48: 0
  49: 0
  50: 0
  51: 0
  52: 0
  53: 0
  54: 0
  55: 0
  56: 0
  57: 0
  58: 0
  59: 0
  60: 0
  61: 0
  62: 0
  63: 0
 procInstrs: # Per-process instructions
  0: 100006327
  1: 0
  2: 0
  3: 0
  4: 0
  5: 0
  6: 0
  7: 0
  8: 0
  9: 0
  10: 0
  11: 0
  12: 0
  13: 0
  14: 0
  15: 0
  16: 0
  17: 0
  18: 0
  19: 0
  20: 0
  21: 0
  22: 0
  23: 0
  24: 0
  25: 0
  26: 0
  27: 0
  28: 0
  29: 0
  30: 0
  31: 0
  32: 0
  33: 0
  34: 0
  35: 0
  36: 0
  37: 0
  38: 0
  39: 0
  40: 0
  41: 0
  42: 0
  43: 0
  44: 0
  45: 0
  46: 0
  47: 0
  48: 0
  49: 0
  50: 0
  51: 0
  52: 0
  53: 0
  54: 0
  55: 0
  56: 0
  57: 0
  58: 0
  59: 0
  60: 0
  61: 0
  62: 0
  63: 0
 heartbeats: # Per-process heartbeats
  0: 0
  1: 0
  2: 0
  3: 0
  4: 0
  5: 0
  6: 0
  7: 0
  8: 0
  9: 0
  10: 0
  11: 0
  12: 0
  13: 0
  14: 0
  15: 0
  16: 0
  17: 0
  18: 0
  19: 0
  20: 0
  21: 0
  22: 0
  23: 0
  24: 0
  25: 0
  26: 0
  27: 0
  28: 0
  29: 0
  30: 0
  31: 0
  32: 0
  33: 0
  34: 0
  35: 0
  36: 0
  37: 0
  38: 0
  39: 0
  40: 0
  41: 0
  42: 0
  43: 0
  44: 0
  45: 0
  46: 0
  47: 0
  48: 0
  49: 0
  50: 0
  51: 0
  52: 0
  53: 0
  54: 0
  55: 0
  56: 0
  57: 0
  58: 0
  59: 0
  60: 0
  61: 0
  62: 0
  63: 0
===
