# zsim stats
===
root: # Stats
 contention: # Contention simulation stats
  domain-0: # Domain stats
   time: 162045939 # Weave simulation time
 time: # Simulator time breakdown
  init: 2786278515849
  bound: 8433245750
  weave: 225926388
  ff: 0
 trigger: 20000 # Reason for this stats dump
 phase: 6084 # Simulated phases
 westmere: # Core stats
  westmere-0: # Core stats
   cycles: 60840170 # Simulated unhalted cycles
   cCycles: 2652176 # Cycles due to contention stalls
   instrs: 100011173 # Simulated instructions
   uops: 109572770 # Retired micro-ops
   bbls: 33634953 # Basic blocks
   approxInstrs: 166216 # Instrs with approx uop decoding
   mispredBranches: 151334 # Mispredicted branches
   condBranches: 28913965 # conditional branches
 l1i: # Cache stats
  l1i-0: # Filter cache stats
   fhGETS: 32642774 # Filtered GETS hits
   fhGETX: 0 # Filtered GETX hits
   hGETS: 1600701 # GETS hits
   hGETX: 0 # GETX hits
   mGETS: 195489 # GETS misses
   mGETXIM: 0 # GETX I->M misses
   mGETXSM: 0 # GETX S->M misses (upgrade misses)
   PUTS: 0 # Clean evictions (from lower level)
   PUTX: 0 # Dirty evictions (from lower level)
   INV: 10 # Invalidates (from upper level)
   INVX: 0 # Downgrades (from upper level)
   FWD: 0 # Forwards (from upper level)
   latGETnl: 2454900 # GET request latency on next level
   latGETnet: 0 # GET request latency on network to next level
 l1d: # Cache stats
  l1d-0: # Filter cache stats
   fhGETS: 25744605 # Filtered GETS hits
   fhGETX: 5260193 # Filtered GETX hits
   hGETS: 3049646 # GETS hits
   hGETX: 781623 # GETX hits
   mGETS: 2288962 # GETS misses
   mGETXIM: 118361 # GETX I->M misses
   mGETXSM: 0 # GETX S->M misses (upgrade misses)
   PUTS: 0 # Clean evictions (from lower level)
   PUTX: 0 # Dirty evictions (from lower level)
   INV: 0 # Invalidates (from upper level)
   INVX: 0 # Downgrades (from upper level)
   FWD: 0 # Forwards (from upper level)
   latGETnl: 40164030 # GET request latency on next level
   latGETnet: 0 # GET request latency on network to next level
 l2: # Cache stats
  l2-0: # Cache stats
   hGETS: 2349580 # GETS hits
   hGETX: 22572 # GETX hits
   mGETS: 134871 # GETS misses
   mGETXIM: 95789 # GETX I->M misses
   mGETXSM: 0 # GETX S->M misses (upgrade misses)
   PUTS: 2355382 # Clean evictions (from lower level)
   PUTX: 246396 # Dirty evictions (from lower level)
   INV: 0 # Invalidates (from upper level)
   INVX: 0 # Downgrades (from upper level)
   FWD: 0 # Forwards (from upper level)
   latGETnl: 16590810 # GET request latency on next level
   latGETnet: 0 # GET request latency on network to next level
 l3: # Cache stats
  l3-0: # Cache stats
   hGETS: 69478 # GETS hits
   hGETX: 38349 # GETX hits
   mGETS: 65393 # GETS misses
   mGETXIM: 57440 # GETX I->M misses
   mGETXSM: 0 # GETX S->M misses (upgrade misses)
   PUTS: 56788 # Clean evictions (from lower level)
   PUTX: 169776 # Dirty evictions (from lower level)
   INV: 0 # Invalidates (from upper level)
   INVX: 0 # Downgrades (from upper level)
   FWD: 0 # Forwards (from upper level)
   latGETnl: 11054970 # GET request latency on next level
   latGETnet: 0 # GET request latency on network to next level
 mem: # Memory controller stats
  mem-0: # Memory controller stats
   rd: 30722 # Read requests
   wr: 16913 # Write requests
   rdlat: 4136870 # Total latency experienced by read requests
   wrlat: 2592818 # Total latency experienced by write requests
   rdhits: 31 # Read row hits
   wrhits: 25 # Write row hits
   mlh: # latency histogram for memory requests
    0: 0
    1: 0
    2: 0
    3: 0
    4: 0
    5: 0
    6: 0
    7: 0
    8: 0
    9: 0
    10: 0
    11: 0
    12: 2
    13: 29181
    14: 558
    15: 326
    16: 207
    17: 24
    18: 14
    19: 12
    20: 13
    21: 15
    22: 24
    23: 14
    24: 23
    25: 18
    26: 8
    27: 12
    28: 16
    29: 13
    30: 11
    31: 15
    32: 13
    33: 18
    34: 17
    35: 19
    36: 19
    37: 27
    38: 24
    39: 20
    40: 19
    41: 23
    42: 11
    43: 5
    44: 0
    45: 1
    46: 0
    47: 0
    48: 0
    49: 0
    50: 0
    51: 0
    52: 0
    53: 0
    54: 0
    55: 0
    56: 0
    57: 0
    58: 0
    59: 0
    60: 0
    61: 0
    62: 0
    63: 0
    64: 0
    65: 0
    66: 0
    67: 0
    68: 0
    69: 0
    70: 0
    71: 0
    72: 0
    73: 0
    74: 0
    75: 0
    76: 0
    77: 0
    78: 0
    79: 0
    80: 0
    81: 0
    82: 0
    83: 0
    84: 0
    85: 0
    86: 0
    87: 0
    88: 0
    89: 0
    90: 0
    91: 0
    92: 0
    93: 0
    94: 0
    95: 0
    96: 0
    97: 0
    98: 0
    99: 0
  mem-1: # Memory controller stats
   rd: 30618 # Read requests
   wr: 16847 # Write requests
   rdlat: 4126750 # Total latency experienced by read requests
   wrlat: 2586778 # Total latency experienced by write requests
   rdhits: 26 # Read row hits
   wrhits: 32 # Write row hits
   mlh: # latency histogram for memory requests
    0: 0
    1: 0
    2: 0
    3: 0
    4: 0
    5: 0
    6: 0
    7: 0
    8: 0
    9: 0
    10: 0
    11: 2
    12: 0
    13: 28932
    14: 697
    15: 331
    16: 202
    17: 15
    18: 24
    19: 15
    20: 15
    21: 14
    22: 12
    23: 14
    24: 23
    25: 19
    26: 11
    27: 8
    28: 20
    29: 18
    30: 13
    31: 17
    32: 17
    33: 16
    34: 21
    35: 19
    36: 18
    37: 23
    38: 24
    39: 20
    40: 20
    41: 20
    42: 12
    43: 2
    44: 0
    45: 3
    46: 0
    47: 0
    48: 0
    49: 0
    50: 1
    51: 0
    52: 0
    53: 0
    54: 0
    55: 0
    56: 0
    57: 0
    58: 0
    59: 0
    60: 0
    61: 0
    62: 0
    63: 0
    64: 0
    65: 0
    66: 0
    67: 0
    68: 0
    69: 0
    70: 0
    71: 0
    72: 0
    73: 0
    74: 0
    75: 0
    76: 0
    77: 0
    78: 0
    79: 0
    80: 0
    81: 0
    82: 0
    83: 0
    84: 0
    85: 0
    86: 0
    87: 0
    88: 0
    89: 0
    90: 0
    91: 0
    92: 0
    93: 0
    94: 0
    95: 0
    96: 0
    97: 0
    98: 0
    99: 0
  mem-2: # Memory controller stats
   rd: 30693 # Read requests
   wr: 16794 # Write requests
   rdlat: 4127629 # Total latency experienced by read requests
   wrlat: 2586586 # Total latency experienced by write requests
   rdhits: 34 # Read row hits
   wrhits: 26 # Write row hits
   mlh: # latency histogram for memory requests
    0: 0
    1: 0
    2: 0
    3: 0
    4: 0
    5: 0
    6: 0
    7: 0
    8: 0
    9: 0
    10: 0
    11: 3
    12: 3
    13: 29144
    14: 607
    15: 303
    16: 204
    17: 18
    18: 26
    19: 14
    20: 19
    21: 17
    22: 10
    23: 19
    24: 20
    25: 14
    26: 9
    27: 10
    28: 18
    29: 14
    30: 19
    31: 11
    32: 13
    33: 13
    34: 22
    35: 17
    36: 24
    37: 11
    38: 15
    39: 24
    40: 23
    41: 4
    42: 13
    43: 3
    44: 2
    45: 3
    46: 2
    47: 0
    48: 1
    49: 0
    50: 0
    51: 0
    52: 0
    53: 0
    54: 1
    55: 0
    56: 0
    57: 0
    58: 0
    59: 0
    60: 0
    61: 0
    62: 0
    63: 0
    64: 0
    65: 0
    66: 0
    67: 0
    68: 0
    69: 0
    70: 0
    71: 0
    72: 0
    73: 0
    74: 0
    75: 0
    76: 0
    77: 0
    78: 0
    79: 0
    80: 0
    81: 0
    82: 0
    83: 0
    84: 0
    85: 0
    86: 0
    87: 0
    88: 0
    89: 0
    90: 0
    91: 0
    92: 0
    93: 0
    94: 0
    95: 0
    96: 0
    97: 0
    98: 0
    99: 0
  mem-3: # Memory controller stats
   rd: 30800 # Read requests
   wr: 16914 # Write requests
   rdlat: 4145430 # Total latency experienced by read requests
   wrlat: 2597008 # Total latency experienced by write requests
   rdhits: 32 # Read row hits
   wrhits: 24 # Write row hits
   mlh: # latency histogram for memory requests
    0: 0
    1: 0
    2: 0
    3: 0
    4: 0
    5: 0
    6: 0
    7: 0
    8: 0
    9: 0
    10: 0
    11: 0
    12: 3
    13: 29140
    14: 674
    15: 331
    16: 203
    17: 22
    18: 17
    19: 24
    20: 16
    21: 14
    22: 23
    23: 18
    24: 33
    25: 18
    26: 12
    27: 10
    28: 16
    29: 14
    30: 6
    31: 13
    32: 12
    33: 19
    34: 11
    35: 18
    36: 19
    37: 22
    38: 18
    39: 19
    40: 11
    41: 14
    42: 17
    43: 7
    44: 2
    45: 2
    46: 0
    47: 2
    48: 0
    49: 0
    50: 0
    51: 0
    52: 0
    53: 0
    54: 0
    55: 0
    56: 0
    57: 0
    58: 0
    59: 0
    60: 0
    61: 0
    62: 0
    63: 0
    64: 0
    65: 0
    66: 0
    67: 0
    68: 0
    69: 0
    70: 0
    71: 0
    72: 0
    73: 0
    74: 0
    75: 0
    76: 0
    77: 0
    78: 0
    79: 0
    80: 0
    81: 0
    82: 0
    83: 0
    84: 0
    85: 0
    86: 0
    87: 0
    88: 0
    89: 0
    90: 0
    91: 0
    92: 0
    93: 0
    94: 0
    95: 0
    96: 0
    97: 0
    98: 0
    99: 0
 sched: # Scheduler stats
  thCr: 1 # Threads created
  thFn: 1 # Threads finished
  schedEvs: 1 # Schedule events
  waitEvs: 0 # Wait events
  handoffEvs: 0 # Handoff events
  sleepEvs: 0 # Sleep events
  idlePhases: 0 # Phases with no thread active
  idlePeriods: 0 # Periods with no thread active
  occHist: # Occupancy histogram
   0: 0
   1: 6084
  rqSzHist: # Run queue size histogram
   0: 6084
   1: 0
   2: 0
   3: 0
   4: 0
   5: 0
   6: 0
   7: 0
   8: 0
   9: 0
   10: 0
   11: 0
   12: 0
   13: 0
   14: 0
   15: 0
   16: 0
 procCycles: # Per-process unhalted core cycles
  0: 60840170
  1: 0
  2: 0
  3: 0
  4: 0
  5: 0
  6: 0
  7: 0
  8: 0
  9: 0
  10: 0
  11: 0
  12: 0
  13: 0
  14: 0
  15: 0
  16: 0
  17: 0
  18: 0
  19: 0
  20: 0
  21: 0
  22: 0
  23: 0
  24: 0
  25: 0
  26: 0
  27: 0
  28: 0
  29: 0
  30: 0
  31: 0
  32: 0
  33: 0
  34: 0
  35: 0
  36: 0
  37: 0
  38: 0
  39: 0
  40: 0
  41: 0
  42: 0
  43: 0
  44: 0
  45: 0
  46: 0
  47: 0
  48: 0
  49: 0
  50: 0
  51: 0
  52: 0
  53: 0
  54: 0
  55: 0
  56: 0
  57: 0
  58: 0
  59: 0
  60: 0
  61: 0
  62: 0
  63: 0
 procInstrs: # Per-process instructions
  0: 100011173
  1: 0
  2: 0
  3: 0
  4: 0
  5: 0
  6: 0
  7: 0
  8: 0
  9: 0
  10: 0
  11: 0
  12: 0
  13: 0
  14: 0
  15: 0
  16: 0
  17: 0
  18: 0
  19: 0
  20: 0
  21: 0
  22: 0
  23: 0
  24: 0
  25: 0
  26: 0
  27: 0
  28: 0
  29: 0
  30: 0
  31: 0
  32: 0
  33: 0
  34: 0
  35: 0
  36: 0
  37: 0
  38: 0
  39: 0
  40: 0
  41: 0
  42: 0
  43: 0
  44: 0
  45: 0
  46: 0
  47: 0
  48: 0
  49: 0
  50: 0
  51: 0
  52: 0
  53: 0
  54: 0
  55: 0
  56: 0
  57: 0
  58: 0
  59: 0
  60: 0
  61: 0
  62: 0
  63: 0
 heartbeats: # Per-process heartbeats
  0: 0
  1: 0
  2: 0
  3: 0
  4: 0
  5: 0
  6: 0
  7: 0
  8: 0
  9: 0
  10: 0
  11: 0
  12: 0
  13: 0
  14: 0
  15: 0
  16: 0
  17: 0
  18: 0
  19: 0
  20: 0
  21: 0
  22: 0
  23: 0
  24: 0
  25: 0
  26: 0
  27: 0
  28: 0
  29: 0
  30: 0
  31: 0
  32: 0
  33: 0
  34: 0
  35: 0
  36: 0
  37: 0
  38: 0
  39: 0
  40: 0
  41: 0
  42: 0
  43: 0
  44: 0
  45: 0
  46: 0
  47: 0
  48: 0
  49: 0
  50: 0
  51: 0
  52: 0
  53: 0
  54: 0
  55: 0
  56: 0
  57: 0
  58: 0
  59: 0
  60: 0
  61: 0
  62: 0
  63: 0
===
